<?xml version="1.0" encoding="UTF-8"?>
<coverage generated="1558773875859" clover="3.2.0">
  <project timestamp="1558773875859" name="All files">
    <metrics statements="701" coveredstatements="414" conditionals="776" coveredconditionals="193" methods="192" coveredmethods="74" elements="1669" coveredelements="681" complexity="0" loc="701" ncloc="701" packages="2" files="17" classes="17"/>
    <package name="components">
      <metrics statements="218" coveredstatements="127" conditionals="358" coveredconditionals="120" methods="39" coveredmethods="17"/>
      <file name="ModernDatepicker.js" path="/Users/anurag.v/projects/lab/react-modern-datepicker/build/components/ModernDatepicker.js">
        <metrics statements="218" coveredstatements="127" conditionals="358" coveredconditionals="120" methods="39" coveredmethods="17"/>
        <line num="3" count="1" type="stmt"/>
        <line num="6" count="1" type="stmt"/>
        <line num="8" count="1" type="stmt"/>
        <line num="10" count="1" type="stmt"/>
        <line num="12" count="1" type="stmt"/>
        <line num="14" count="1" type="stmt"/>
        <line num="16" count="1" type="stmt"/>
        <line num="18" count="1" type="stmt"/>
        <line num="20" count="1" type="stmt"/>
        <line num="22" count="1" type="stmt"/>
        <line num="24" count="1" type="stmt"/>
        <line num="26" count="1" type="stmt"/>
        <line num="28" count="1" type="stmt"/>
        <line num="30" count="1" type="stmt"/>
        <line num="32" count="1" type="stmt"/>
        <line num="34" count="1" type="stmt"/>
        <line num="36" count="1" type="stmt"/>
        <line num="38" count="1" type="stmt"/>
        <line num="40" count="1" type="stmt"/>
        <line num="42" count="16" type="cond" truecount="4" falsecount="0"/>
        <line num="44" count="29" type="cond" truecount="11" falsecount="5"/>
        <line num="46" count="0" type="cond" truecount="0" falsecount="10"/>
        <line num="48" count="11" type="cond" truecount="1" falsecount="1"/>
        <line num="50" count="9" type="cond" truecount="3" falsecount="1"/>
        <line num="52" count="1" type="cond" truecount="2" falsecount="2"/>
        <line num="54" count="11" type="cond" truecount="2" falsecount="3"/>
        <line num="56" count="1" type="cond" truecount="1" falsecount="3"/>
        <line num="58" count="22" type="cond" truecount="1" falsecount="1"/>
        <line num="60" count="1" type="cond" truecount="5" falsecount="3"/>
        <line num="62" count="1" type="cond" truecount="1" falsecount="1"/>
        <line num="64" count="1" type="stmt"/>
        <line num="66" count="1" type="stmt"/>
        <line num="68" count="1" type="stmt"/>
        <line num="70" count="1" type="stmt"/>
        <line num="74" count="1" type="stmt"/>
        <line num="75" count="1" type="stmt"/>
        <line num="80" count="11" type="stmt"/>
        <line num="82" count="11" type="stmt"/>
        <line num="83" count="11" type="stmt"/>
        <line num="94" count="11" type="stmt"/>
        <line num="95" count="11" type="stmt"/>
        <line num="98" count="1" type="stmt"/>
        <line num="101" count="15" type="stmt"/>
        <line num="102" count="15" type="stmt"/>
        <line num="103" count="15" type="stmt"/>
        <line num="104" count="15" type="stmt"/>
        <line num="105" count="15" type="stmt"/>
        <line num="106" count="15" type="stmt"/>
        <line num="109" count="15" type="cond" truecount="4" falsecount="2"/>
        <line num="111" count="15" type="cond" truecount="1" falsecount="1"/>
        <line num="113" count="15" type="cond" truecount="1" falsecount="1"/>
        <line num="115" count="15" type="cond" truecount="13" falsecount="5"/>
        <line num="116" count="15" type="cond" truecount="4" falsecount="2"/>
        <line num="117" count="15" type="stmt"/>
        <line num="118" count="15" type="stmt"/>
        <line num="119" count="15" type="cond" truecount="1" falsecount="1"/>
        <line num="120" count="15" type="stmt"/>
        <line num="124" count="15" type="stmt"/>
        <line num="126" count="15" type="cond" truecount="2" falsecount="0"/>
        <line num="127" count="5" type="stmt"/>
        <line num="133" count="0" type="stmt"/>
        <line num="134" count="0" type="stmt"/>
        <line num="135" count="0" type="stmt"/>
        <line num="136" count="0" type="stmt"/>
        <line num="137" count="0" type="stmt"/>
        <line num="138" count="0" type="stmt"/>
        <line num="139" count="0" type="stmt"/>
        <line num="140" count="0" type="stmt"/>
        <line num="141" count="0" type="stmt"/>
        <line num="142" count="0" type="stmt"/>
        <line num="145" count="0" type="cond" truecount="0" falsecount="6"/>
        <line num="147" count="0" type="cond" truecount="0" falsecount="2"/>
        <line num="149" count="0" type="cond" truecount="0" falsecount="2"/>
        <line num="151" count="0" type="cond" truecount="0" falsecount="18"/>
        <line num="152" count="0" type="cond" truecount="0" falsecount="4"/>
        <line num="153" count="0" type="cond" truecount="0" falsecount="4"/>
        <line num="154" count="0" type="cond" truecount="0" falsecount="4"/>
        <line num="156" count="0" type="cond" truecount="0" falsecount="6"/>
        <line num="157" count="0" type="cond" truecount="0" falsecount="10"/>
        <line num="158" count="0" type="stmt"/>
        <line num="159" count="0" type="cond" truecount="0" falsecount="10"/>
        <line num="160" count="0" type="stmt"/>
        <line num="162" count="0" type="stmt"/>
        <line num="166" count="0" type="stmt"/>
        <line num="167" count="0" type="stmt"/>
        <line num="168" count="0" type="cond" truecount="0" falsecount="2"/>
        <line num="170" count="0" type="cond" truecount="0" falsecount="2"/>
        <line num="171" count="0" type="cond" truecount="0" falsecount="2"/>
        <line num="172" count="0" type="cond" truecount="0" falsecount="2"/>
        <line num="173" count="0" type="cond" truecount="0" falsecount="2"/>
        <line num="175" count="0" type="cond" truecount="0" falsecount="2"/>
        <line num="178" count="0" type="stmt"/>
        <line num="182" count="0" type="stmt"/>
        <line num="187" count="0" type="stmt"/>
        <line num="188" count="0" type="stmt"/>
        <line num="189" count="0" type="stmt"/>
        <line num="190" count="0" type="stmt"/>
        <line num="191" count="0" type="stmt"/>
        <line num="192" count="0" type="stmt"/>
        <line num="193" count="0" type="stmt"/>
        <line num="194" count="0" type="stmt"/>
        <line num="195" count="0" type="stmt"/>
        <line num="196" count="0" type="stmt"/>
        <line num="199" count="0" type="cond" truecount="0" falsecount="6"/>
        <line num="201" count="0" type="cond" truecount="0" falsecount="2"/>
        <line num="203" count="0" type="cond" truecount="0" falsecount="2"/>
        <line num="205" count="0" type="cond" truecount="0" falsecount="18"/>
        <line num="206" count="0" type="cond" truecount="0" falsecount="4"/>
        <line num="207" count="0" type="cond" truecount="0" falsecount="4"/>
        <line num="208" count="0" type="cond" truecount="0" falsecount="4"/>
        <line num="210" count="0" type="cond" truecount="0" falsecount="6"/>
        <line num="211" count="0" type="cond" truecount="0" falsecount="10"/>
        <line num="212" count="0" type="stmt"/>
        <line num="213" count="0" type="cond" truecount="0" falsecount="10"/>
        <line num="214" count="0" type="stmt"/>
        <line num="216" count="0" type="stmt"/>
        <line num="220" count="0" type="stmt"/>
        <line num="221" count="0" type="stmt"/>
        <line num="222" count="0" type="cond" truecount="0" falsecount="2"/>
        <line num="224" count="0" type="cond" truecount="0" falsecount="2"/>
        <line num="225" count="0" type="cond" truecount="0" falsecount="2"/>
        <line num="226" count="0" type="cond" truecount="0" falsecount="2"/>
        <line num="227" count="0" type="cond" truecount="0" falsecount="2"/>
        <line num="229" count="0" type="cond" truecount="0" falsecount="2"/>
        <line num="232" count="0" type="stmt"/>
        <line num="236" count="0" type="stmt"/>
        <line num="242" count="15" type="stmt"/>
        <line num="244" count="15" type="cond" truecount="1" falsecount="1"/>
        <line num="245" count="0" type="stmt"/>
        <line num="246" count="15" type="cond" truecount="1" falsecount="1"/>
        <line num="247" count="0" type="stmt"/>
        <line num="249" count="15" type="stmt"/>
        <line num="252" count="15" type="stmt"/>
        <line num="257" count="0" type="stmt"/>
        <line num="259" count="0" type="stmt"/>
        <line num="260" count="0" type="stmt"/>
        <line num="261" count="0" type="cond" truecount="0" falsecount="2"/>
        <line num="262" count="0" type="stmt"/>
        <line num="269" count="5" type="stmt"/>
        <line num="270" count="5" type="stmt"/>
        <line num="271" count="5" type="stmt"/>
        <line num="272" count="5" type="stmt"/>
        <line num="273" count="5" type="stmt"/>
        <line num="275" count="5" type="cond" truecount="2" falsecount="2"/>
        <line num="276" count="0" type="stmt"/>
        <line num="277" count="5" type="cond" truecount="3" falsecount="1"/>
        <line num="278" count="0" type="stmt"/>
        <line num="281" count="5" type="stmt"/>
        <line num="291" count="0" type="stmt"/>
        <line num="298" count="33" type="stmt"/>
        <line num="299" count="33" type="stmt"/>
        <line num="300" count="33" type="stmt"/>
        <line num="301" count="33" type="stmt"/>
        <line num="302" count="33" type="stmt"/>
        <line num="303" count="33" type="stmt"/>
        <line num="304" count="33" type="stmt"/>
        <line num="305" count="33" type="stmt"/>
        <line num="306" count="33" type="stmt"/>
        <line num="307" count="33" type="stmt"/>
        <line num="308" count="33" type="cond" truecount="3" falsecount="1"/>
        <line num="309" count="33" type="cond" truecount="3" falsecount="1"/>
        <line num="310" count="33" type="cond" truecount="3" falsecount="1"/>
        <line num="312" count="33" type="cond" truecount="5" falsecount="0"/>
        <line num="313" count="3" type="stmt"/>
        <line num="314" count="30" type="cond" truecount="5" falsecount="0"/>
        <line num="315" count="4" type="stmt"/>
        <line num="316" count="26" type="cond" truecount="4" falsecount="1"/>
        <line num="317" count="0" type="stmt"/>
        <line num="318" count="26" type="cond" truecount="4" falsecount="1"/>
        <line num="319" count="0" type="stmt"/>
        <line num="320" count="26" type="cond" truecount="2" falsecount="0"/>
        <line num="322" count="21" type="cond" truecount="2" falsecount="2"/>
        <line num="324" count="5" type="stmt"/>
        <line num="330" count="31" type="stmt"/>
        <line num="332" count="31" type="stmt"/>
        <line num="333" count="31" type="stmt"/>
        <line num="334" count="31" type="stmt"/>
        <line num="335" count="31" type="stmt"/>
        <line num="336" count="31" type="stmt"/>
        <line num="337" count="31" type="stmt"/>
        <line num="338" count="31" type="stmt"/>
        <line num="339" count="31" type="stmt"/>
        <line num="340" count="31" type="stmt"/>
        <line num="341" count="31" type="stmt"/>
        <line num="342" count="31" type="stmt"/>
        <line num="343" count="31" type="stmt"/>
        <line num="344" count="31" type="stmt"/>
        <line num="345" count="31" type="stmt"/>
        <line num="346" count="31" type="stmt"/>
        <line num="347" count="31" type="stmt"/>
        <line num="348" count="31" type="stmt"/>
        <line num="349" count="31" type="stmt"/>
        <line num="350" count="31" type="stmt"/>
        <line num="351" count="31" type="stmt"/>
        <line num="352" count="31" type="cond" truecount="1" falsecount="1"/>
        <line num="353" count="31" type="stmt"/>
        <line num="354" count="31" type="cond" truecount="1" falsecount="1"/>
        <line num="355" count="31" type="stmt"/>
        <line num="356" count="31" type="cond" truecount="1" falsecount="1"/>
        <line num="357" count="31" type="stmt"/>
        <line num="358" count="31" type="cond" truecount="1" falsecount="1"/>
        <line num="359" count="31" type="stmt"/>
        <line num="361" count="0" type="stmt"/>
        <line num="370" count="0" type="stmt"/>
        <line num="373" count="0" type="stmt"/>
        <line num="383" count="0" type="stmt"/>
        <line num="392" count="0" type="stmt"/>
        <line num="399" count="0" type="stmt"/>
        <line num="410" count="0" type="stmt"/>
        <line num="413" count="0" type="stmt"/>
        <line num="416" count="0" type="stmt"/>
        <line num="423" count="0" type="stmt"/>
        <line num="429" count="0" type="stmt"/>
        <line num="439" count="0" type="stmt"/>
        <line num="451" count="1" type="stmt"/>
        <line num="454" count="1" type="stmt"/>
        <line num="475" count="1" type="stmt"/>
        <line num="476" count="1" type="stmt"/>
      </file>
    </package>
    <package name="elements">
      <metrics statements="483" coveredstatements="287" conditionals="418" coveredconditionals="73" methods="153" coveredmethods="57"/>
      <file name="CalendarBody.js" path="/Users/anurag.v/projects/lab/react-modern-datepicker/build/elements/CalendarBody.js">
        <metrics statements="28" coveredstatements="13" conditionals="10" coveredconditionals="4" methods="5" coveredmethods="1"/>
        <line num="3" count="1" type="stmt"/>
        <line num="6" count="1" type="stmt"/>
        <line num="8" count="1" type="stmt"/>
        <line num="10" count="1" type="stmt"/>
        <line num="12" count="1" type="stmt"/>
        <line num="14" count="1" type="stmt"/>
        <line num="16" count="1" type="stmt"/>
        <line num="18" count="1" type="stmt"/>
        <line num="20" count="6" type="cond" truecount="4" falsecount="0"/>
        <line num="22" count="1" type="stmt"/>
        <line num="23" count="0" type="stmt"/>
        <line num="24" count="0" type="stmt"/>
        <line num="25" count="0" type="stmt"/>
        <line num="26" count="0" type="stmt"/>
        <line num="27" count="0" type="stmt"/>
        <line num="28" count="0" type="stmt"/>
        <line num="29" count="0" type="stmt"/>
        <line num="30" count="0" type="stmt"/>
        <line num="31" count="0" type="stmt"/>
        <line num="32" count="0" type="stmt"/>
        <line num="33" count="0" type="stmt"/>
        <line num="34" count="0" type="stmt"/>
        <line num="42" count="0" type="stmt"/>
        <line num="54" count="0" type="stmt"/>
        <line num="66" count="0" type="stmt"/>
        <line num="76" count="1" type="stmt"/>
        <line num="89" count="1" type="stmt"/>
        <line num="90" count="1" type="stmt"/>
      </file>
      <file name="CalendarContainer.js" path="/Users/anurag.v/projects/lab/react-modern-datepicker/build/elements/CalendarContainer.js">
        <metrics statements="13" coveredstatements="11" conditionals="6" coveredconditionals="4" methods="5" coveredmethods="3"/>
        <line num="3" count="1" type="stmt"/>
        <line num="6" count="1" type="stmt"/>
        <line num="8" count="1" type="stmt"/>
        <line num="10" count="1" type="cond" truecount="3" falsecount="1"/>
        <line num="13" count="1" type="stmt"/>
        <line num="15" count="1" type="stmt"/>
        <line num="16" count="0" type="stmt"/>
        <line num="19" count="1" type="stmt"/>
        <line num="22" count="1" type="cond" truecount="1" falsecount="1"/>
        <line num="24" count="1" type="stmt"/>
        <line num="28" count="0" type="stmt"/>
        <line num="31" count="1" type="stmt"/>
        <line num="32" count="1" type="stmt"/>
      </file>
      <file name="CalendarHeading.js" path="/Users/anurag.v/projects/lab/react-modern-datepicker/build/elements/CalendarHeading.js">
        <metrics statements="13" coveredstatements="11" conditionals="6" coveredconditionals="4" methods="5" coveredmethods="3"/>
        <line num="3" count="1" type="stmt"/>
        <line num="6" count="1" type="stmt"/>
        <line num="8" count="1" type="stmt"/>
        <line num="10" count="1" type="cond" truecount="3" falsecount="1"/>
        <line num="13" count="1" type="stmt"/>
        <line num="15" count="1" type="stmt"/>
        <line num="16" count="0" type="stmt"/>
        <line num="19" count="1" type="stmt"/>
        <line num="22" count="1" type="cond" truecount="1" falsecount="1"/>
        <line num="24" count="1" type="stmt"/>
        <line num="25" count="0" type="stmt"/>
        <line num="28" count="1" type="stmt"/>
        <line num="29" count="1" type="stmt"/>
      </file>
      <file name="Container.js" path="/Users/anurag.v/projects/lab/react-modern-datepicker/build/elements/Container.js">
        <metrics statements="12" coveredstatements="11" conditionals="6" coveredconditionals="4" methods="4" coveredmethods="3"/>
        <line num="3" count="1" type="stmt"/>
        <line num="6" count="1" type="stmt"/>
        <line num="8" count="1" type="stmt"/>
        <line num="10" count="1" type="cond" truecount="3" falsecount="1"/>
        <line num="13" count="1" type="stmt"/>
        <line num="15" count="1" type="stmt"/>
        <line num="16" count="0" type="stmt"/>
        <line num="19" count="1" type="stmt"/>
        <line num="22" count="1" type="cond" truecount="1" falsecount="1"/>
        <line num="24" count="1" type="stmt"/>
        <line num="26" count="1" type="stmt"/>
        <line num="27" count="1" type="stmt"/>
      </file>
      <file name="DateEditor.js" path="/Users/anurag.v/projects/lab/react-modern-datepicker/build/elements/DateEditor.js">
        <metrics statements="56" coveredstatements="32" conditionals="52" coveredconditionals="5" methods="12" coveredmethods="5"/>
        <line num="3" count="1" type="stmt"/>
        <line num="6" count="1" type="stmt"/>
        <line num="8" count="1" type="stmt"/>
        <line num="10" count="1" type="stmt"/>
        <line num="12" count="1" type="stmt"/>
        <line num="14" count="1" type="stmt"/>
        <line num="16" count="1" type="stmt"/>
        <line num="18" count="1" type="stmt"/>
        <line num="20" count="1" type="stmt"/>
        <line num="22" count="1" type="stmt"/>
        <line num="24" count="8" type="cond" truecount="4" falsecount="0"/>
        <line num="27" count="1" type="stmt"/>
        <line num="29" count="1" type="stmt"/>
        <line num="30" count="0" type="stmt"/>
        <line num="33" count="1" type="stmt"/>
        <line num="37" count="1" type="stmt"/>
        <line num="39" count="1" type="stmt"/>
        <line num="40" count="0" type="stmt"/>
        <line num="43" count="1" type="stmt"/>
        <line num="47" count="1" type="stmt"/>
        <line num="49" count="1" type="stmt"/>
        <line num="50" count="0" type="stmt"/>
        <line num="53" count="1" type="stmt"/>
        <line num="56" count="3" type="cond" truecount="1" falsecount="1"/>
        <line num="58" count="1" type="stmt"/>
        <line num="60" count="1" type="stmt"/>
        <line num="62" count="1" type="stmt"/>
        <line num="64" count="1" type="stmt"/>
        <line num="66" count="1" type="stmt"/>
        <line num="67" count="0" type="stmt"/>
        <line num="70" count="1" type="stmt"/>
        <line num="71" count="0" type="stmt"/>
        <line num="74" count="1" type="stmt"/>
        <line num="75" count="0" type="stmt"/>
        <line num="78" count="1" type="stmt"/>
        <line num="79" count="0" type="stmt"/>
        <line num="80" count="0" type="stmt"/>
        <line num="81" count="0" type="stmt"/>
        <line num="82" count="0" type="stmt"/>
        <line num="83" count="0" type="stmt"/>
        <line num="84" count="0" type="stmt"/>
        <line num="85" count="0" type="stmt"/>
        <line num="86" count="0" type="stmt"/>
        <line num="87" count="0" type="stmt"/>
        <line num="88" count="0" type="stmt"/>
        <line num="90" count="0" type="cond" truecount="0" falsecount="6"/>
        <line num="92" count="0" type="cond" truecount="0" falsecount="2"/>
        <line num="94" count="0" type="cond" truecount="0" falsecount="2"/>
        <line num="96" count="0" type="cond" truecount="0" falsecount="18"/>
        <line num="97" count="0" type="cond" truecount="0" falsecount="4"/>
        <line num="98" count="0" type="cond" truecount="0" falsecount="4"/>
        <line num="99" count="0" type="cond" truecount="0" falsecount="4"/>
        <line num="100" count="0" type="cond" truecount="0" falsecount="2"/>
        <line num="121" count="1" type="stmt"/>
        <line num="133" count="1" type="stmt"/>
        <line num="134" count="1" type="stmt"/>
      </file>
      <file name="DateView.js" path="/Users/anurag.v/projects/lab/react-modern-datepicker/build/elements/DateView.js">
        <metrics statements="87" coveredstatements="39" conditionals="88" coveredconditionals="5" methods="24" coveredmethods="6"/>
        <line num="3" count="1" type="stmt"/>
        <line num="6" count="1" type="stmt"/>
        <line num="8" count="1" type="stmt"/>
        <line num="10" count="1" type="stmt"/>
        <line num="12" count="1" type="stmt"/>
        <line num="14" count="1" type="stmt"/>
        <line num="16" count="1" type="stmt"/>
        <line num="18" count="1" type="stmt"/>
        <line num="20" count="1" type="stmt"/>
        <line num="22" count="1" type="stmt"/>
        <line num="24" count="1" type="stmt"/>
        <line num="26" count="1" type="stmt"/>
        <line num="28" count="1" type="stmt"/>
        <line num="30" count="11" type="cond" truecount="4" falsecount="0"/>
        <line num="33" count="1" type="stmt"/>
        <line num="35" count="1" type="stmt"/>
        <line num="36" count="0" type="stmt"/>
        <line num="39" count="1" type="stmt"/>
        <line num="43" count="1" type="stmt"/>
        <line num="45" count="1" type="stmt"/>
        <line num="46" count="0" type="stmt"/>
        <line num="49" count="1" type="stmt"/>
        <line num="53" count="1" type="stmt"/>
        <line num="55" count="1" type="stmt"/>
        <line num="56" count="0" type="stmt"/>
        <line num="59" count="1" type="stmt"/>
        <line num="63" count="1" type="stmt"/>
        <line num="65" count="1" type="stmt"/>
        <line num="66" count="0" type="stmt"/>
        <line num="69" count="1" type="stmt"/>
        <line num="72" count="4" type="cond" truecount="1" falsecount="1"/>
        <line num="74" count="1" type="stmt"/>
        <line num="76" count="1" type="stmt"/>
        <line num="78" count="1" type="stmt"/>
        <line num="80" count="1" type="stmt"/>
        <line num="82" count="1" type="stmt"/>
        <line num="83" count="0" type="cond" truecount="0" falsecount="4"/>
        <line num="85" count="0" type="cond" truecount="0" falsecount="4"/>
        <line num="87" count="0" type="cond" truecount="0" falsecount="4"/>
        <line num="89" count="0" type="stmt"/>
        <line num="91" count="0" type="cond" truecount="0" falsecount="4"/>
        <line num="93" count="1" type="stmt"/>
        <line num="94" count="0" type="stmt"/>
        <line num="96" count="0" type="cond" truecount="0" falsecount="4"/>
        <line num="98" count="0" type="cond" truecount="0" falsecount="4"/>
        <line num="100" count="1" type="stmt"/>
        <line num="101" count="0" type="stmt"/>
        <line num="104" count="1" type="stmt"/>
        <line num="106" count="1" type="stmt"/>
        <line num="107" count="0" type="stmt"/>
        <line num="108" count="0" type="stmt"/>
        <line num="109" count="0" type="stmt"/>
        <line num="110" count="0" type="stmt"/>
        <line num="111" count="0" type="stmt"/>
        <line num="112" count="0" type="stmt"/>
        <line num="113" count="0" type="stmt"/>
        <line num="114" count="0" type="stmt"/>
        <line num="115" count="0" type="stmt"/>
        <line num="117" count="0" type="cond" truecount="0" falsecount="6"/>
        <line num="119" count="0" type="cond" truecount="0" falsecount="2"/>
        <line num="121" count="0" type="cond" truecount="0" falsecount="2"/>
        <line num="123" count="0" type="cond" truecount="0" falsecount="18"/>
        <line num="124" count="0" type="cond" truecount="0" falsecount="4"/>
        <line num="125" count="0" type="cond" truecount="0" falsecount="4"/>
        <line num="126" count="0" type="cond" truecount="0" falsecount="4"/>
        <line num="127" count="0" type="stmt"/>
        <line num="128" count="0" type="stmt"/>
        <line num="129" count="0" type="stmt"/>
        <line num="130" count="0" type="stmt"/>
        <line num="132" count="0" type="stmt"/>
        <line num="133" count="0" type="stmt"/>
        <line num="140" count="0" type="stmt"/>
        <line num="142" count="0" type="stmt"/>
        <line num="143" count="0" type="stmt"/>
        <line num="146" count="0" type="stmt"/>
        <line num="147" count="0" type="stmt"/>
        <line num="148" count="0" type="stmt"/>
        <line num="150" count="0" type="stmt"/>
        <line num="151" count="0" type="stmt"/>
        <line num="154" count="0" type="stmt"/>
        <line num="169" count="0" type="stmt"/>
        <line num="172" count="0" type="cond" truecount="0" falsecount="4"/>
        <line num="180" count="0" type="cond" truecount="0" falsecount="3"/>
        <line num="187" count="0" type="cond" truecount="0" falsecount="3"/>
        <line num="197" count="1" type="stmt"/>
        <line num="208" count="1" type="stmt"/>
        <line num="209" count="1" type="stmt"/>
      </file>
      <file name="DoubleArrow.js" path="/Users/anurag.v/projects/lab/react-modern-datepicker/build/elements/DoubleArrow.js">
        <metrics statements="21" coveredstatements="11" conditionals="16" coveredconditionals="4" methods="13" coveredmethods="3"/>
        <line num="3" count="1" type="stmt"/>
        <line num="6" count="1" type="stmt"/>
        <line num="8" count="1" type="stmt"/>
        <line num="10" count="1" type="cond" truecount="3" falsecount="1"/>
        <line num="13" count="1" type="stmt"/>
        <line num="15" count="1" type="stmt"/>
        <line num="16" count="0" type="stmt"/>
        <line num="19" count="1" type="stmt"/>
        <line num="22" count="1" type="cond" truecount="1" falsecount="1"/>
        <line num="24" count="1" type="stmt"/>
        <line num="25" count="0" type="stmt"/>
        <line num="27" count="0" type="cond" truecount="0" falsecount="2"/>
        <line num="29" count="0" type="stmt"/>
        <line num="31" count="0" type="cond" truecount="0" falsecount="2"/>
        <line num="33" count="0" type="stmt"/>
        <line num="35" count="0" type="stmt"/>
        <line num="37" count="0" type="cond" truecount="0" falsecount="2"/>
        <line num="39" count="0" type="cond" truecount="0" falsecount="2"/>
        <line num="41" count="0" type="cond" truecount="0" falsecount="2"/>
        <line num="44" count="1" type="stmt"/>
        <line num="45" count="1" type="stmt"/>
      </file>
      <file name="Header.js" path="/Users/anurag.v/projects/lab/react-modern-datepicker/build/elements/Header.js">
        <metrics statements="12" coveredstatements="11" conditionals="6" coveredconditionals="4" methods="4" coveredmethods="3"/>
        <line num="3" count="1" type="stmt"/>
        <line num="6" count="1" type="stmt"/>
        <line num="8" count="1" type="stmt"/>
        <line num="10" count="1" type="cond" truecount="3" falsecount="1"/>
        <line num="13" count="1" type="stmt"/>
        <line num="15" count="1" type="stmt"/>
        <line num="16" count="0" type="stmt"/>
        <line num="19" count="1" type="stmt"/>
        <line num="22" count="1" type="cond" truecount="1" falsecount="1"/>
        <line num="24" count="1" type="stmt"/>
        <line num="26" count="1" type="stmt"/>
        <line num="27" count="1" type="stmt"/>
      </file>
      <file name="Icon.js" path="/Users/anurag.v/projects/lab/react-modern-datepicker/build/elements/Icon.js">
        <metrics statements="18" coveredstatements="15" conditionals="10" coveredconditionals="5" methods="7" coveredmethods="3"/>
        <line num="3" count="1" type="stmt"/>
        <line num="6" count="1" type="stmt"/>
        <line num="8" count="1" type="stmt"/>
        <line num="10" count="1" type="stmt"/>
        <line num="12" count="1" type="stmt"/>
        <line num="14" count="3" type="cond" truecount="4" falsecount="0"/>
        <line num="16" count="0" type="cond" truecount="0" falsecount="4"/>
        <line num="19" count="1" type="stmt"/>
        <line num="21" count="1" type="stmt"/>
        <line num="22" count="0" type="stmt"/>
        <line num="25" count="1" type="stmt"/>
        <line num="28" count="1" type="cond" truecount="1" falsecount="1"/>
        <line num="30" count="1" type="stmt"/>
        <line num="32" count="1" type="stmt"/>
        <line num="33" count="0" type="stmt"/>
        <line num="39" count="1" type="stmt"/>
        <line num="43" count="1" type="stmt"/>
        <line num="44" count="1" type="stmt"/>
      </file>
      <file name="Input.js" path="/Users/anurag.v/projects/lab/react-modern-datepicker/build/elements/Input.js">
        <metrics statements="19" coveredstatements="18" conditionals="12" coveredconditionals="7" methods="8" coveredmethods="6"/>
        <line num="3" count="1" type="stmt"/>
        <line num="6" count="1" type="stmt"/>
        <line num="8" count="1" type="stmt"/>
        <line num="10" count="1" type="stmt"/>
        <line num="12" count="1" type="stmt"/>
        <line num="14" count="3" type="cond" truecount="4" falsecount="0"/>
        <line num="16" count="1" type="cond" truecount="1" falsecount="3"/>
        <line num="19" count="1" type="stmt"/>
        <line num="21" count="1" type="stmt"/>
        <line num="22" count="0" type="stmt"/>
        <line num="25" count="1" type="stmt"/>
        <line num="28" count="1" type="cond" truecount="1" falsecount="1"/>
        <line num="30" count="1" type="stmt"/>
        <line num="31" count="1" type="cond" truecount="1" falsecount="1"/>
        <line num="34" count="1" type="stmt"/>
        <line num="35" count="1" type="stmt"/>
        <line num="40" count="1" type="stmt"/>
        <line num="43" count="1" type="stmt"/>
        <line num="44" count="1" type="stmt"/>
      </file>
      <file name="Label.js" path="/Users/anurag.v/projects/lab/react-modern-datepicker/build/elements/Label.js">
        <metrics statements="18" coveredstatements="15" conditionals="10" coveredconditionals="5" methods="7" coveredmethods="3"/>
        <line num="3" count="1" type="stmt"/>
        <line num="6" count="1" type="stmt"/>
        <line num="8" count="1" type="stmt"/>
        <line num="10" count="1" type="stmt"/>
        <line num="12" count="1" type="stmt"/>
        <line num="14" count="3" type="cond" truecount="4" falsecount="0"/>
        <line num="16" count="0" type="cond" truecount="0" falsecount="4"/>
        <line num="19" count="1" type="stmt"/>
        <line num="21" count="1" type="stmt"/>
        <line num="22" count="0" type="stmt"/>
        <line num="25" count="1" type="stmt"/>
        <line num="28" count="1" type="cond" truecount="1" falsecount="1"/>
        <line num="30" count="1" type="stmt"/>
        <line num="32" count="1" type="stmt"/>
        <line num="33" count="0" type="stmt"/>
        <line num="38" count="1" type="stmt"/>
        <line num="41" count="1" type="stmt"/>
        <line num="42" count="1" type="stmt"/>
      </file>
      <file name="MonthView.js" path="/Users/anurag.v/projects/lab/react-modern-datepicker/build/elements/MonthView.js">
        <metrics statements="65" coveredstatements="31" conditionals="78" coveredconditionals="5" methods="17" coveredmethods="4"/>
        <line num="3" count="1" type="stmt"/>
        <line num="6" count="1" type="stmt"/>
        <line num="8" count="1" type="stmt"/>
        <line num="10" count="1" type="stmt"/>
        <line num="12" count="1" type="stmt"/>
        <line num="14" count="1" type="stmt"/>
        <line num="16" count="1" type="stmt"/>
        <line num="18" count="1" type="stmt"/>
        <line num="20" count="1" type="stmt"/>
        <line num="22" count="1" type="stmt"/>
        <line num="24" count="1" type="stmt"/>
        <line num="26" count="1" type="stmt"/>
        <line num="28" count="1" type="stmt"/>
        <line num="30" count="11" type="cond" truecount="4" falsecount="0"/>
        <line num="33" count="1" type="stmt"/>
        <line num="35" count="1" type="stmt"/>
        <line num="36" count="0" type="stmt"/>
        <line num="39" count="1" type="stmt"/>
        <line num="43" count="1" type="stmt"/>
        <line num="45" count="1" type="stmt"/>
        <line num="46" count="0" type="stmt"/>
        <line num="49" count="1" type="stmt"/>
        <line num="52" count="2" type="cond" truecount="1" falsecount="1"/>
        <line num="54" count="1" type="stmt"/>
        <line num="56" count="1" type="stmt"/>
        <line num="58" count="1" type="stmt"/>
        <line num="60" count="1" type="stmt"/>
        <line num="62" count="1" type="stmt"/>
        <line num="63" count="0" type="cond" truecount="0" falsecount="4"/>
        <line num="65" count="0" type="cond" truecount="0" falsecount="4"/>
        <line num="67" count="0" type="cond" truecount="0" falsecount="4"/>
        <line num="69" count="0" type="stmt"/>
        <line num="71" count="0" type="cond" truecount="0" falsecount="4"/>
        <line num="73" count="1" type="stmt"/>
        <line num="74" count="0" type="stmt"/>
        <line num="76" count="0" type="cond" truecount="0" falsecount="4"/>
        <line num="79" count="1" type="stmt"/>
        <line num="80" count="0" type="stmt"/>
        <line num="81" count="0" type="stmt"/>
        <line num="82" count="0" type="stmt"/>
        <line num="83" count="0" type="stmt"/>
        <line num="84" count="0" type="stmt"/>
        <line num="85" count="0" type="stmt"/>
        <line num="86" count="0" type="stmt"/>
        <line num="87" count="0" type="stmt"/>
        <line num="88" count="0" type="stmt"/>
        <line num="90" count="0" type="cond" truecount="0" falsecount="6"/>
        <line num="92" count="0" type="cond" truecount="0" falsecount="2"/>
        <line num="94" count="0" type="cond" truecount="0" falsecount="2"/>
        <line num="96" count="0" type="cond" truecount="0" falsecount="18"/>
        <line num="97" count="0" type="cond" truecount="0" falsecount="4"/>
        <line num="98" count="0" type="cond" truecount="0" falsecount="4"/>
        <line num="99" count="0" type="cond" truecount="0" falsecount="4"/>
        <line num="100" count="0" type="stmt"/>
        <line num="101" count="0" type="stmt"/>
        <line num="102" count="0" type="stmt"/>
        <line num="104" count="0" type="stmt"/>
        <line num="105" count="0" type="stmt"/>
        <line num="112" count="0" type="stmt"/>
        <line num="113" count="0" type="cond" truecount="0" falsecount="2"/>
        <line num="119" count="0" type="cond" truecount="0" falsecount="3"/>
        <line num="128" count="0" type="cond" truecount="0" falsecount="3"/>
        <line num="137" count="1" type="stmt"/>
        <line num="148" count="1" type="stmt"/>
        <line num="149" count="1" type="stmt"/>
      </file>
      <file name="SingleArrow.js" path="/Users/anurag.v/projects/lab/react-modern-datepicker/build/elements/SingleArrow.js">
        <metrics statements="21" coveredstatements="11" conditionals="16" coveredconditionals="4" methods="13" coveredmethods="3"/>
        <line num="3" count="1" type="stmt"/>
        <line num="6" count="1" type="stmt"/>
        <line num="8" count="1" type="stmt"/>
        <line num="10" count="1" type="cond" truecount="3" falsecount="1"/>
        <line num="13" count="1" type="stmt"/>
        <line num="15" count="1" type="stmt"/>
        <line num="16" count="0" type="stmt"/>
        <line num="19" count="1" type="stmt"/>
        <line num="22" count="1" type="cond" truecount="1" falsecount="1"/>
        <line num="24" count="1" type="stmt"/>
        <line num="25" count="0" type="stmt"/>
        <line num="27" count="0" type="stmt"/>
        <line num="29" count="0" type="cond" truecount="0" falsecount="2"/>
        <line num="31" count="0" type="cond" truecount="0" falsecount="2"/>
        <line num="33" count="0" type="stmt"/>
        <line num="35" count="0" type="stmt"/>
        <line num="37" count="0" type="cond" truecount="0" falsecount="2"/>
        <line num="39" count="0" type="cond" truecount="0" falsecount="2"/>
        <line num="41" count="0" type="cond" truecount="0" falsecount="2"/>
        <line num="44" count="1" type="stmt"/>
        <line num="45" count="1" type="stmt"/>
      </file>
      <file name="Span.js" path="/Users/anurag.v/projects/lab/react-modern-datepicker/build/elements/Span.js">
        <metrics statements="12" coveredstatements="11" conditionals="6" coveredconditionals="4" methods="4" coveredmethods="3"/>
        <line num="3" count="1" type="stmt"/>
        <line num="6" count="1" type="stmt"/>
        <line num="8" count="1" type="stmt"/>
        <line num="10" count="1" type="cond" truecount="3" falsecount="1"/>
        <line num="13" count="1" type="stmt"/>
        <line num="15" count="1" type="stmt"/>
        <line num="16" count="0" type="stmt"/>
        <line num="19" count="1" type="stmt"/>
        <line num="22" count="1" type="cond" truecount="1" falsecount="1"/>
        <line num="24" count="1" type="stmt"/>
        <line num="26" count="1" type="stmt"/>
        <line num="27" count="1" type="stmt"/>
      </file>
      <file name="Wrapper.js" path="/Users/anurag.v/projects/lab/react-modern-datepicker/build/elements/Wrapper.js">
        <metrics statements="18" coveredstatements="15" conditionals="18" coveredconditionals="4" methods="7" coveredmethods="4"/>
        <line num="3" count="1" type="stmt"/>
        <line num="6" count="1" type="stmt"/>
        <line num="8" count="1" type="stmt"/>
        <line num="10" count="1" type="cond" truecount="3" falsecount="13"/>
        <line num="13" count="1" type="stmt"/>
        <line num="15" count="1" type="stmt"/>
        <line num="16" count="0" type="stmt"/>
        <line num="19" count="1" type="stmt"/>
        <line num="23" count="1" type="stmt"/>
        <line num="25" count="1" type="stmt"/>
        <line num="26" count="0" type="stmt"/>
        <line num="29" count="1" type="stmt"/>
        <line num="32" count="2" type="cond" truecount="1" falsecount="1"/>
        <line num="34" count="1" type="stmt"/>
        <line num="36" count="1" type="stmt"/>
        <line num="37" count="0" type="stmt"/>
        <line num="40" count="1" type="stmt"/>
        <line num="41" count="1" type="stmt"/>
      </file>
      <file name="YearView.js" path="/Users/anurag.v/projects/lab/react-modern-datepicker/build/elements/YearView.js">
        <metrics statements="70" coveredstatements="32" conditionals="78" coveredconditionals="5" methods="18" coveredmethods="4"/>
        <line num="3" count="1" type="stmt"/>
        <line num="6" count="1" type="stmt"/>
        <line num="8" count="1" type="stmt"/>
        <line num="10" count="1" type="stmt"/>
        <line num="12" count="1" type="stmt"/>
        <line num="14" count="1" type="stmt"/>
        <line num="16" count="1" type="stmt"/>
        <line num="18" count="1" type="stmt"/>
        <line num="20" count="1" type="stmt"/>
        <line num="22" count="1" type="stmt"/>
        <line num="24" count="1" type="stmt"/>
        <line num="26" count="1" type="stmt"/>
        <line num="28" count="1" type="stmt"/>
        <line num="30" count="11" type="cond" truecount="4" falsecount="0"/>
        <line num="33" count="1" type="stmt"/>
        <line num="35" count="1" type="stmt"/>
        <line num="36" count="0" type="stmt"/>
        <line num="39" count="1" type="stmt"/>
        <line num="43" count="1" type="stmt"/>
        <line num="45" count="1" type="stmt"/>
        <line num="46" count="0" type="stmt"/>
        <line num="49" count="1" type="stmt"/>
        <line num="52" count="2" type="cond" truecount="1" falsecount="1"/>
        <line num="54" count="1" type="stmt"/>
        <line num="56" count="1" type="stmt"/>
        <line num="58" count="1" type="stmt"/>
        <line num="60" count="1" type="stmt"/>
        <line num="62" count="1" type="stmt"/>
        <line num="63" count="0" type="cond" truecount="0" falsecount="4"/>
        <line num="65" count="0" type="cond" truecount="0" falsecount="4"/>
        <line num="67" count="0" type="cond" truecount="0" falsecount="4"/>
        <line num="69" count="0" type="stmt"/>
        <line num="71" count="0" type="cond" truecount="0" falsecount="4"/>
        <line num="73" count="1" type="stmt"/>
        <line num="74" count="0" type="stmt"/>
        <line num="76" count="0" type="cond" truecount="0" falsecount="4"/>
        <line num="79" count="1" type="stmt"/>
        <line num="80" count="0" type="stmt"/>
        <line num="81" count="0" type="stmt"/>
        <line num="82" count="0" type="stmt"/>
        <line num="84" count="0" type="stmt"/>
        <line num="85" count="0" type="stmt"/>
        <line num="92" count="0" type="stmt"/>
        <line num="95" count="1" type="stmt"/>
        <line num="96" count="0" type="stmt"/>
        <line num="97" count="0" type="stmt"/>
        <line num="98" count="0" type="stmt"/>
        <line num="99" count="0" type="stmt"/>
        <line num="100" count="0" type="stmt"/>
        <line num="101" count="0" type="stmt"/>
        <line num="102" count="0" type="stmt"/>
        <line num="103" count="0" type="stmt"/>
        <line num="104" count="0" type="stmt"/>
        <line num="105" count="0" type="stmt"/>
        <line num="107" count="0" type="cond" truecount="0" falsecount="6"/>
        <line num="109" count="0" type="cond" truecount="0" falsecount="2"/>
        <line num="111" count="0" type="cond" truecount="0" falsecount="2"/>
        <line num="113" count="0" type="cond" truecount="0" falsecount="18"/>
        <line num="114" count="0" type="cond" truecount="0" falsecount="4"/>
        <line num="115" count="0" type="cond" truecount="0" falsecount="4"/>
        <line num="116" count="0" type="cond" truecount="0" falsecount="4"/>
        <line num="117" count="0" type="stmt"/>
        <line num="118" count="0" type="stmt"/>
        <line num="119" count="0" type="stmt"/>
        <line num="120" count="0" type="cond" truecount="0" falsecount="2"/>
        <line num="126" count="0" type="cond" truecount="0" falsecount="3"/>
        <line num="135" count="0" type="cond" truecount="0" falsecount="3"/>
        <line num="144" count="1" type="stmt"/>
        <line num="156" count="1" type="stmt"/>
        <line num="157" count="1" type="stmt"/>
      </file>
    </package>
  </project>
</coverage>
