{"/Users/anurag.v/projects/lab/react-modern-datepicker/build/components/ModernDatepicker.js": {"path":"/Users/anurag.v/projects/lab/react-modern-datepicker/build/components/ModernDatepicker.js","statementMap":{"0":{"start":{"line":3,"column":0},"end":{"line":5,"column":3}},"1":{"start":{"line":6,"column":0},"end":{"line":6,"column":28}},"2":{"start":{"line":8,"column":13},"end":{"line":8,"column":54}},"3":{"start":{"line":10,"column":17},"end":{"line":10,"column":62}},"4":{"start":{"line":12,"column":13},"end":{"line":12,"column":53}},"5":{"start":{"line":14,"column":25},"end":{"line":14,"column":90}},"6":{"start":{"line":16,"column":17},"end":{"line":16,"column":74}},"7":{"start":{"line":18,"column":21},"end":{"line":18,"column":82}},"8":{"start":{"line":20,"column":22},"end":{"line":20,"column":84}},"9":{"start":{"line":22,"column":13},"end":{"line":22,"column":65}},"10":{"start":{"line":24,"column":13},"end":{"line":24,"column":65}},"11":{"start":{"line":26,"column":12},"end":{"line":26,"column":63}},"12":{"start":{"line":28,"column":17},"end":{"line":28,"column":73}},"13":{"start":{"line":30,"column":25},"end":{"line":30,"column":89}},"14":{"start":{"line":32,"column":23},"end":{"line":32,"column":85}},"15":{"start":{"line":34,"column":19},"end":{"line":34,"column":77}},"16":{"start":{"line":36,"column":19},"end":{"line":36,"column":77}},"17":{"start":{"line":38,"column":18},"end":{"line":38,"column":75}},"18":{"start":{"line":40,"column":20},"end":{"line":40,"column":79}},"19":{"start":{"line":42,"column":39},"end":{"line":42,"column":95}},"20":{"start":{"line":44,"column":40},"end":{"line":44,"column":473}},"21":{"start":{"line":44,"column":69},"end":{"line":44,"column":80}},"22":{"start":{"line":44,"column":103},"end":{"line":44,"column":105}},"23":{"start":{"line":44,"column":107},"end":{"line":44,"column":431}},"24":{"start":{"line":44,"column":126},"end":{"line":44,"column":429}},"25":{"start":{"line":44,"column":149},"end":{"line":44,"column":427}},"26":{"start":{"line":44,"column":214},"end":{"line":44,"column":319}},"27":{"start":{"line":44,"column":321},"end":{"line":44,"column":425}},"28":{"start":{"line":44,"column":349},"end":{"line":44,"column":390}},"29":{"start":{"line":44,"column":400},"end":{"line":44,"column":423}},"30":{"start":{"line":44,"column":432},"end":{"line":44,"column":456}},"31":{"start":{"line":44,"column":457},"end":{"line":44,"column":471}},"32":{"start":{"line":46,"column":24},"end":{"line":46,"column":328}},"33":{"start":{"line":46,"column":99},"end":{"line":46,"column":154}},"34":{"start":{"line":46,"column":133},"end":{"line":46,"column":151}},"35":{"start":{"line":46,"column":164},"end":{"line":46,"column":326}},"36":{"start":{"line":46,"column":198},"end":{"line":46,"column":323}},"37":{"start":{"line":46,"column":329},"end":{"line":46,"column":349}},"38":{"start":{"line":48,"column":50},"end":{"line":48,"column":151}},"39":{"start":{"line":48,"column":92},"end":{"line":48,"column":149}},"40":{"start":{"line":50,"column":44},"end":{"line":50,"column":315}},"41":{"start":{"line":50,"column":57},"end":{"line":50,"column":58}},"42":{"start":{"line":50,"column":102},"end":{"line":50,"column":110}},"43":{"start":{"line":50,"column":112},"end":{"line":50,"column":167}},"44":{"start":{"line":50,"column":168},"end":{"line":50,"column":199}},"45":{"start":{"line":50,"column":200},"end":{"line":50,"column":254}},"46":{"start":{"line":50,"column":227},"end":{"line":50,"column":254}},"47":{"start":{"line":50,"column":255},"end":{"line":50,"column":313}},"48":{"start":{"line":52,"column":62},"end":{"line":52,"column":131}},"49":{"start":{"line":52,"column":78},"end":{"line":52,"column":131}},"50":{"start":{"line":52,"column":132},"end":{"line":52,"column":193}},"51":{"start":{"line":52,"column":149},"end":{"line":52,"column":193}},"52":{"start":{"line":52,"column":194},"end":{"line":52,"column":213}},"53":{"start":{"line":54,"column":50},"end":{"line":54,"column":138}},"54":{"start":{"line":54,"column":124},"end":{"line":54,"column":136}},"55":{"start":{"line":54,"column":139},"end":{"line":54,"column":175}},"56":{"start":{"line":56,"column":30},"end":{"line":56,"column":176}},"57":{"start":{"line":56,"column":126},"end":{"line":56,"column":173}},"58":{"start":{"line":56,"column":177},"end":{"line":56,"column":203}},"59":{"start":{"line":58,"column":40},"end":{"line":58,"column":151}},"60":{"start":{"line":58,"column":63},"end":{"line":58,"column":149}},"61":{"start":{"line":58,"column":152},"end":{"line":58,"column":164}},"62":{"start":{"line":60,"column":43},"end":{"line":60,"column":182}},"63":{"start":{"line":60,"column":106},"end":{"line":60,"column":180}},"64":{"start":{"line":60,"column":183},"end":{"line":60,"column":328}},"65":{"start":{"line":60,"column":329},"end":{"line":60,"column":383}},"66":{"start":{"line":60,"column":345},"end":{"line":60,"column":383}},"67":{"start":{"line":62,"column":33},"end":{"line":62,"column":138}},"68":{"start":{"line":62,"column":109},"end":{"line":62,"column":125}},"69":{"start":{"line":62,"column":126},"end":{"line":62,"column":135}},"70":{"start":{"line":62,"column":139},"end":{"line":62,"column":168}},"71":{"start":{"line":64,"column":0},"end":{"line":64,"column":56}},"72":{"start":{"line":66,"column":0},"end":{"line":66,"column":48}},"73":{"start":{"line":68,"column":0},"end":{"line":68,"column":52}},"74":{"start":{"line":70,"column":0},"end":{"line":70,"column":53}},"75":{"start":{"line":74,"column":0},"end":{"line":452,"column":19}},"76":{"start":{"line":75,"column":2},"end":{"line":75,"column":42}},"77":{"start":{"line":80,"column":4},"end":{"line":80,"column":44}},"78":{"start":{"line":82,"column":4},"end":{"line":82,"column":98}},"79":{"start":{"line":83,"column":4},"end":{"line":93,"column":6}},"80":{"start":{"line":94,"column":4},"end":{"line":94,"column":88}},"81":{"start":{"line":95,"column":4},"end":{"line":95,"column":17}},"82":{"start":{"line":98,"column":2},"end":{"line":449,"column":6}},"83":{"start":{"line":101,"column":24},"end":{"line":101,"column":34}},"84":{"start":{"line":102,"column":19},"end":{"line":102,"column":37}},"85":{"start":{"line":103,"column":21},"end":{"line":103,"column":41}},"86":{"start":{"line":104,"column":20},"end":{"line":104,"column":39}},"87":{"start":{"line":105,"column":20},"end":{"line":105,"column":39}},"88":{"start":{"line":106,"column":22},"end":{"line":106,"column":42}},"89":{"start":{"line":109,"column":18},"end":{"line":109,"column":146}},"90":{"start":{"line":111,"column":21},"end":{"line":111,"column":76}},"91":{"start":{"line":113,"column":21},"end":{"line":113,"column":76}},"92":{"start":{"line":115,"column":24},"end":{"line":115,"column":406}},"93":{"start":{"line":116,"column":17},"end":{"line":116,"column":149}},"94":{"start":{"line":117,"column":17},"end":{"line":117,"column":33}},"95":{"start":{"line":118,"column":25},"end":{"line":118,"column":62}},"96":{"start":{"line":119,"column":23},"end":{"line":119,"column":58}},"97":{"start":{"line":120,"column":6},"end":{"line":123,"column":9}},"98":{"start":{"line":124,"column":6},"end":{"line":124,"column":27}},"99":{"start":{"line":126,"column":6},"end":{"line":128,"column":7}},"100":{"start":{"line":127,"column":8},"end":{"line":127,"column":35}},"101":{"start":{"line":133,"column":25},"end":{"line":133,"column":35}},"102":{"start":{"line":134,"column":19},"end":{"line":134,"column":38}},"103":{"start":{"line":135,"column":21},"end":{"line":135,"column":42}},"104":{"start":{"line":136,"column":20},"end":{"line":136,"column":40}},"105":{"start":{"line":137,"column":20},"end":{"line":137,"column":40}},"106":{"start":{"line":138,"column":24},"end":{"line":138,"column":34}},"107":{"start":{"line":139,"column":22},"end":{"line":139,"column":43}},"108":{"start":{"line":140,"column":23},"end":{"line":140,"column":45}},"109":{"start":{"line":141,"column":29},"end":{"line":141,"column":34}},"110":{"start":{"line":142,"column":28},"end":{"line":142,"column":33}},"111":{"start":{"line":145,"column":18},"end":{"line":145,"column":146}},"112":{"start":{"line":147,"column":21},"end":{"line":147,"column":76}},"113":{"start":{"line":149,"column":21},"end":{"line":149,"column":76}},"114":{"start":{"line":151,"column":24},"end":{"line":151,"column":406}},"115":{"start":{"line":152,"column":17},"end":{"line":152,"column":115}},"116":{"start":{"line":153,"column":20},"end":{"line":153,"column":92}},"117":{"start":{"line":154,"column":22},"end":{"line":154,"column":94}},"118":{"start":{"line":156,"column":6},"end":{"line":164,"column":7}},"119":{"start":{"line":157,"column":8},"end":{"line":163,"column":9}},"120":{"start":{"line":158,"column":10},"end":{"line":158,"column":34}},"121":{"start":{"line":159,"column":15},"end":{"line":163,"column":9}},"122":{"start":{"line":160,"column":10},"end":{"line":160,"column":33}},"123":{"start":{"line":162,"column":10},"end":{"line":162,"column":17}},"124":{"start":{"line":166,"column":17},"end":{"line":166,"column":33}},"125":{"start":{"line":167,"column":25},"end":{"line":167,"column":62}},"126":{"start":{"line":168,"column":26},"end":{"line":168,"column":61}},"127":{"start":{"line":170,"column":6},"end":{"line":176,"column":7}},"128":{"start":{"line":171,"column":8},"end":{"line":171,"column":77}},"129":{"start":{"line":172,"column":13},"end":{"line":176,"column":7}},"130":{"start":{"line":173,"column":8},"end":{"line":173,"column":75}},"131":{"start":{"line":175,"column":8},"end":{"line":175,"column":60}},"132":{"start":{"line":178,"column":6},"end":{"line":181,"column":9}},"133":{"start":{"line":182,"column":6},"end":{"line":182,"column":30}},"134":{"start":{"line":187,"column":25},"end":{"line":187,"column":35}},"135":{"start":{"line":188,"column":19},"end":{"line":188,"column":38}},"136":{"start":{"line":189,"column":21},"end":{"line":189,"column":42}},"137":{"start":{"line":190,"column":20},"end":{"line":190,"column":40}},"138":{"start":{"line":191,"column":20},"end":{"line":191,"column":40}},"139":{"start":{"line":192,"column":25},"end":{"line":192,"column":35}},"140":{"start":{"line":193,"column":22},"end":{"line":193,"column":44}},"141":{"start":{"line":194,"column":23},"end":{"line":194,"column":46}},"142":{"start":{"line":195,"column":29},"end":{"line":195,"column":34}},"143":{"start":{"line":196,"column":28},"end":{"line":196,"column":33}},"144":{"start":{"line":199,"column":18},"end":{"line":199,"column":146}},"145":{"start":{"line":201,"column":21},"end":{"line":201,"column":76}},"146":{"start":{"line":203,"column":21},"end":{"line":203,"column":76}},"147":{"start":{"line":205,"column":24},"end":{"line":205,"column":406}},"148":{"start":{"line":206,"column":17},"end":{"line":206,"column":120}},"149":{"start":{"line":207,"column":20},"end":{"line":207,"column":92}},"150":{"start":{"line":208,"column":22},"end":{"line":208,"column":94}},"151":{"start":{"line":210,"column":6},"end":{"line":218,"column":7}},"152":{"start":{"line":211,"column":8},"end":{"line":217,"column":9}},"153":{"start":{"line":212,"column":10},"end":{"line":212,"column":34}},"154":{"start":{"line":213,"column":15},"end":{"line":217,"column":9}},"155":{"start":{"line":214,"column":10},"end":{"line":214,"column":33}},"156":{"start":{"line":216,"column":10},"end":{"line":216,"column":17}},"157":{"start":{"line":220,"column":17},"end":{"line":220,"column":33}},"158":{"start":{"line":221,"column":25},"end":{"line":221,"column":62}},"159":{"start":{"line":222,"column":26},"end":{"line":222,"column":61}},"160":{"start":{"line":224,"column":6},"end":{"line":230,"column":7}},"161":{"start":{"line":225,"column":8},"end":{"line":225,"column":77}},"162":{"start":{"line":226,"column":13},"end":{"line":230,"column":7}},"163":{"start":{"line":227,"column":8},"end":{"line":227,"column":75}},"164":{"start":{"line":229,"column":8},"end":{"line":229,"column":60}},"165":{"start":{"line":232,"column":6},"end":{"line":235,"column":9}},"166":{"start":{"line":236,"column":6},"end":{"line":236,"column":30}},"167":{"start":{"line":242,"column":17},"end":{"line":242,"column":22}},"168":{"start":{"line":244,"column":6},"end":{"line":250,"column":7}},"169":{"start":{"line":245,"column":8},"end":{"line":245,"column":33}},"170":{"start":{"line":246,"column":13},"end":{"line":250,"column":7}},"171":{"start":{"line":247,"column":8},"end":{"line":247,"column":28}},"172":{"start":{"line":249,"column":8},"end":{"line":249,"column":33}},"173":{"start":{"line":252,"column":6},"end":{"line":252,"column":26}},"174":{"start":{"line":257,"column":19},"end":{"line":257,"column":23}},"175":{"start":{"line":259,"column":26},"end":{"line":259,"column":41}},"176":{"start":{"line":260,"column":6},"end":{"line":264,"column":12}},"177":{"start":{"line":261,"column":8},"end":{"line":263,"column":9}},"178":{"start":{"line":262,"column":10},"end":{"line":262,"column":39}},"179":{"start":{"line":269,"column":25},"end":{"line":269,"column":35}},"180":{"start":{"line":270,"column":17},"end":{"line":270,"column":34}},"181":{"start":{"line":271,"column":19},"end":{"line":271,"column":38}},"182":{"start":{"line":272,"column":20},"end":{"line":272,"column":40}},"183":{"start":{"line":273,"column":19},"end":{"line":273,"column":38}},"184":{"start":{"line":275,"column":6},"end":{"line":279,"column":7}},"185":{"start":{"line":276,"column":8},"end":{"line":276,"column":19}},"186":{"start":{"line":277,"column":13},"end":{"line":279,"column":7}},"187":{"start":{"line":278,"column":8},"end":{"line":278,"column":17}},"188":{"start":{"line":281,"column":6},"end":{"line":286,"column":9}},"189":{"start":{"line":291,"column":6},"end":{"line":293,"column":9}},"190":{"start":{"line":298,"column":25},"end":{"line":298,"column":35}},"191":{"start":{"line":299,"column":20},"end":{"line":299,"column":40}},"192":{"start":{"line":300,"column":23},"end":{"line":300,"column":46}},"193":{"start":{"line":301,"column":23},"end":{"line":301,"column":46}},"194":{"start":{"line":302,"column":25},"end":{"line":302,"column":35}},"195":{"start":{"line":303,"column":19},"end":{"line":303,"column":38}},"196":{"start":{"line":304,"column":17},"end":{"line":304,"column":34}},"197":{"start":{"line":305,"column":20},"end":{"line":305,"column":40}},"198":{"start":{"line":306,"column":20},"end":{"line":306,"column":40}},"199":{"start":{"line":307,"column":17},"end":{"line":307,"column":34}},"200":{"start":{"line":308,"column":24},"end":{"line":308,"column":88}},"201":{"start":{"line":309,"column":22},"end":{"line":309,"column":94}},"202":{"start":{"line":310,"column":20},"end":{"line":310,"column":92}},"203":{"start":{"line":312,"column":6},"end":{"line":325,"column":7}},"204":{"start":{"line":313,"column":8},"end":{"line":313,"column":30}},"205":{"start":{"line":314,"column":13},"end":{"line":325,"column":7}},"206":{"start":{"line":315,"column":8},"end":{"line":315,"column":38}},"207":{"start":{"line":316,"column":13},"end":{"line":325,"column":7}},"208":{"start":{"line":317,"column":8},"end":{"line":317,"column":34}},"209":{"start":{"line":318,"column":13},"end":{"line":325,"column":7}},"210":{"start":{"line":319,"column":8},"end":{"line":319,"column":34}},"211":{"start":{"line":320,"column":13},"end":{"line":325,"column":7}},"212":{"start":{"line":322,"column":8},"end":{"line":322,"column":99}},"213":{"start":{"line":324,"column":8},"end":{"line":324,"column":18}},"214":{"start":{"line":330,"column":19},"end":{"line":330,"column":23}},"215":{"start":{"line":332,"column":25},"end":{"line":332,"column":35}},"216":{"start":{"line":333,"column":26},"end":{"line":333,"column":52}},"217":{"start":{"line":334,"column":23},"end":{"line":334,"column":46}},"218":{"start":{"line":335,"column":23},"end":{"line":335,"column":46}},"219":{"start":{"line":336,"column":20},"end":{"line":336,"column":40}},"220":{"start":{"line":337,"column":22},"end":{"line":337,"column":44}},"221":{"start":{"line":338,"column":25},"end":{"line":338,"column":35}},"222":{"start":{"line":339,"column":19},"end":{"line":339,"column":38}},"223":{"start":{"line":340,"column":24},"end":{"line":340,"column":48}},"224":{"start":{"line":341,"column":23},"end":{"line":341,"column":46}},"225":{"start":{"line":342,"column":22},"end":{"line":342,"column":44}},"226":{"start":{"line":343,"column":15},"end":{"line":343,"column":30}},"227":{"start":{"line":344,"column":17},"end":{"line":344,"column":34}},"228":{"start":{"line":345,"column":22},"end":{"line":345,"column":44}},"229":{"start":{"line":346,"column":20},"end":{"line":346,"column":40}},"230":{"start":{"line":347,"column":20},"end":{"line":347,"column":40}},"231":{"start":{"line":348,"column":18},"end":{"line":348,"column":36}},"232":{"start":{"line":349,"column":23},"end":{"line":349,"column":46}},"233":{"start":{"line":350,"column":17},"end":{"line":350,"column":34}},"234":{"start":{"line":351,"column":34},"end":{"line":351,"column":59}},"235":{"start":{"line":352,"column":25},"end":{"line":352,"column":93}},"236":{"start":{"line":353,"column":34},"end":{"line":353,"column":61}},"237":{"start":{"line":354,"column":27},"end":{"line":354,"column":93}},"238":{"start":{"line":355,"column":34},"end":{"line":355,"column":63}},"239":{"start":{"line":356,"column":29},"end":{"line":356,"column":95}},"240":{"start":{"line":357,"column":35},"end":{"line":357,"column":66}},"241":{"start":{"line":358,"column":31},"end":{"line":358,"column":99}},"242":{"start":{"line":359,"column":6},"end":{"line":447,"column":11}},"243":{"start":{"line":361,"column":10},"end":{"line":361,"column":34}},"244":{"start":{"line":370,"column":10},"end":{"line":370,"column":36}},"245":{"start":{"line":373,"column":10},"end":{"line":373,"column":48}},"246":{"start":{"line":383,"column":10},"end":{"line":383,"column":45}},"247":{"start":{"line":392,"column":10},"end":{"line":392,"column":44}},"248":{"start":{"line":399,"column":10},"end":{"line":399,"column":43}},"249":{"start":{"line":410,"column":10},"end":{"line":410,"column":44}},"250":{"start":{"line":413,"column":10},"end":{"line":413,"column":45}},"251":{"start":{"line":416,"column":10},"end":{"line":416,"column":44}},"252":{"start":{"line":423,"column":10},"end":{"line":423,"column":44}},"253":{"start":{"line":429,"column":10},"end":{"line":429,"column":43}},"254":{"start":{"line":439,"column":10},"end":{"line":439,"column":54}},"255":{"start":{"line":451,"column":2},"end":{"line":451,"column":26}},"256":{"start":{"line":454,"column":0},"end":{"line":474,"column":2}},"257":{"start":{"line":475,"column":15},"end":{"line":475,"column":31}},"258":{"start":{"line":476,"column":0},"end":{"line":476,"column":30}}},"fnMap":{"0":{"name":"_interopRequireDefault","decl":{"start":{"line":42,"column":9},"end":{"line":42,"column":31}},"loc":{"start":{"line":42,"column":37},"end":{"line":42,"column":97}},"line":42},"1":{"name":"_interopRequireWildcard","decl":{"start":{"line":44,"column":9},"end":{"line":44,"column":32}},"loc":{"start":{"line":44,"column":38},"end":{"line":44,"column":475}},"line":44},"2":{"name":"_typeof","decl":{"start":{"line":46,"column":9},"end":{"line":46,"column":16}},"loc":{"start":{"line":46,"column":22},"end":{"line":46,"column":351}},"line":46},"3":{"name":"_typeof","decl":{"start":{"line":46,"column":118},"end":{"line":46,"column":125}},"loc":{"start":{"line":46,"column":131},"end":{"line":46,"column":153}},"line":46},"4":{"name":"_typeof","decl":{"start":{"line":46,"column":183},"end":{"line":46,"column":190}},"loc":{"start":{"line":46,"column":196},"end":{"line":46,"column":325}},"line":46},"5":{"name":"_classCallCheck","decl":{"start":{"line":48,"column":9},"end":{"line":48,"column":24}},"loc":{"start":{"line":48,"column":48},"end":{"line":48,"column":153}},"line":48},"6":{"name":"_defineProperties","decl":{"start":{"line":50,"column":9},"end":{"line":50,"column":26}},"loc":{"start":{"line":50,"column":42},"end":{"line":50,"column":317}},"line":50},"7":{"name":"_createClass","decl":{"start":{"line":52,"column":9},"end":{"line":52,"column":21}},"loc":{"start":{"line":52,"column":60},"end":{"line":52,"column":215}},"line":52},"8":{"name":"_possibleConstructorReturn","decl":{"start":{"line":54,"column":9},"end":{"line":54,"column":35}},"loc":{"start":{"line":54,"column":48},"end":{"line":54,"column":177}},"line":54},"9":{"name":"_getPrototypeOf","decl":{"start":{"line":56,"column":9},"end":{"line":56,"column":24}},"loc":{"start":{"line":56,"column":28},"end":{"line":56,"column":205}},"line":56},"10":{"name":"_getPrototypeOf","decl":{"start":{"line":56,"column":105},"end":{"line":56,"column":120}},"loc":{"start":{"line":56,"column":124},"end":{"line":56,"column":175}},"line":56},"11":{"name":"_assertThisInitialized","decl":{"start":{"line":58,"column":9},"end":{"line":58,"column":31}},"loc":{"start":{"line":58,"column":38},"end":{"line":58,"column":166}},"line":58},"12":{"name":"_inherits","decl":{"start":{"line":60,"column":9},"end":{"line":60,"column":18}},"loc":{"start":{"line":60,"column":41},"end":{"line":60,"column":385}},"line":60},"13":{"name":"_setPrototypeOf","decl":{"start":{"line":62,"column":9},"end":{"line":62,"column":24}},"loc":{"start":{"line":62,"column":31},"end":{"line":62,"column":170}},"line":62},"14":{"name":"_setPrototypeOf","decl":{"start":{"line":62,"column":85},"end":{"line":62,"column":100}},"loc":{"start":{"line":62,"column":107},"end":{"line":62,"column":137}},"line":62},"15":{"name":"(anonymous_15)","decl":{"start":{"line":74,"column":0},"end":{"line":74,"column":1}},"loc":{"start":{"line":74,"column":22},"end":{"line":452,"column":1}},"line":74},"16":{"name":"ModernDatepicker","decl":{"start":{"line":77,"column":11},"end":{"line":77,"column":27}},"loc":{"start":{"line":77,"column":35},"end":{"line":96,"column":3}},"line":77},"17":{"name":"handleDateChange","decl":{"start":{"line":100,"column":20},"end":{"line":100,"column":36}},"loc":{"start":{"line":100,"column":50},"end":{"line":129,"column":5}},"line":100},"18":{"name":"addDate","decl":{"start":{"line":132,"column":20},"end":{"line":132,"column":27}},"loc":{"start":{"line":132,"column":41},"end":{"line":183,"column":5}},"line":132},"19":{"name":"subDate","decl":{"start":{"line":186,"column":20},"end":{"line":186,"column":27}},"loc":{"start":{"line":186,"column":41},"end":{"line":237,"column":5}},"line":186},"20":{"name":"getNewYearBlock","decl":{"start":{"line":240,"column":20},"end":{"line":240,"column":35}},"loc":{"start":{"line":240,"column":54},"end":{"line":253,"column":5}},"line":240},"21":{"name":"onBlur","decl":{"start":{"line":256,"column":20},"end":{"line":256,"column":26}},"loc":{"start":{"line":256,"column":30},"end":{"line":265,"column":5}},"line":256},"22":{"name":"(anonymous_22)","decl":{"start":{"line":260,"column":17},"end":{"line":260,"column":18}},"loc":{"start":{"line":260,"column":29},"end":{"line":264,"column":7}},"line":260},"23":{"name":"toggleCalendar","decl":{"start":{"line":268,"column":20},"end":{"line":268,"column":34}},"loc":{"start":{"line":268,"column":44},"end":{"line":287,"column":5}},"line":268},"24":{"name":"openViewFor","decl":{"start":{"line":290,"column":20},"end":{"line":290,"column":31}},"loc":{"start":{"line":290,"column":44},"end":{"line":294,"column":5}},"line":290},"25":{"name":"checkAndReturnDate","decl":{"start":{"line":297,"column":20},"end":{"line":297,"column":38}},"loc":{"start":{"line":297,"column":41},"end":{"line":326,"column":5}},"line":297},"26":{"name":"render","decl":{"start":{"line":329,"column":20},"end":{"line":329,"column":26}},"loc":{"start":{"line":329,"column":29},"end":{"line":448,"column":5}},"line":329},"27":{"name":"onBlur","decl":{"start":{"line":360,"column":25},"end":{"line":360,"column":31}},"loc":{"start":{"line":360,"column":35},"end":{"line":362,"column":9}},"line":360},"28":{"name":"onChange","decl":{"start":{"line":369,"column":27},"end":{"line":369,"column":35}},"loc":{"start":{"line":369,"column":39},"end":{"line":371,"column":9}},"line":369},"29":{"name":"onFocus","decl":{"start":{"line":372,"column":26},"end":{"line":372,"column":33}},"loc":{"start":{"line":372,"column":37},"end":{"line":374,"column":9}},"line":372},"30":{"name":"onClick","decl":{"start":{"line":382,"column":26},"end":{"line":382,"column":33}},"loc":{"start":{"line":382,"column":36},"end":{"line":384,"column":9}},"line":382},"31":{"name":"onClick","decl":{"start":{"line":391,"column":26},"end":{"line":391,"column":33}},"loc":{"start":{"line":391,"column":36},"end":{"line":393,"column":9}},"line":391},"32":{"name":"onClick","decl":{"start":{"line":398,"column":26},"end":{"line":398,"column":33}},"loc":{"start":{"line":398,"column":36},"end":{"line":400,"column":9}},"line":398},"33":{"name":"onDateClick","decl":{"start":{"line":409,"column":30},"end":{"line":409,"column":41}},"loc":{"start":{"line":409,"column":44},"end":{"line":411,"column":9}},"line":409},"34":{"name":"onMonthClick","decl":{"start":{"line":412,"column":31},"end":{"line":412,"column":43}},"loc":{"start":{"line":412,"column":46},"end":{"line":414,"column":9}},"line":412},"35":{"name":"onYearClick","decl":{"start":{"line":415,"column":30},"end":{"line":415,"column":41}},"loc":{"start":{"line":415,"column":44},"end":{"line":417,"column":9}},"line":415},"36":{"name":"onClick","decl":{"start":{"line":422,"column":26},"end":{"line":422,"column":33}},"loc":{"start":{"line":422,"column":36},"end":{"line":424,"column":9}},"line":422},"37":{"name":"onClick","decl":{"start":{"line":428,"column":26},"end":{"line":428,"column":33}},"loc":{"start":{"line":428,"column":36},"end":{"line":430,"column":9}},"line":428},"38":{"name":"onChange","decl":{"start":{"line":438,"column":27},"end":{"line":438,"column":35}},"loc":{"start":{"line":438,"column":49},"end":{"line":440,"column":9}},"line":438}},"branchMap":{"0":{"loc":{"start":{"line":42,"column":46},"end":{"line":42,"column":94}},"type":"cond-expr","locations":[{"start":{"line":42,"column":70},"end":{"line":42,"column":73}},{"start":{"line":42,"column":76},"end":{"line":42,"column":94}}],"line":42},"1":{"loc":{"start":{"line":42,"column":46},"end":{"line":42,"column":67}},"type":"binary-expr","locations":[{"start":{"line":42,"column":46},"end":{"line":42,"column":49}},{"start":{"line":42,"column":53},"end":{"line":42,"column":67}}],"line":42},"2":{"loc":{"start":{"line":44,"column":40},"end":{"line":44,"column":473}},"type":"if","locations":[{"start":{"line":44,"column":40},"end":{"line":44,"column":473}},{"start":{"line":44,"column":40},"end":{"line":44,"column":473}}],"line":44},"3":{"loc":{"start":{"line":44,"column":44},"end":{"line":44,"column":65}},"type":"binary-expr","locations":[{"start":{"line":44,"column":44},"end":{"line":44,"column":47}},{"start":{"line":44,"column":51},"end":{"line":44,"column":65}}],"line":44},"4":{"loc":{"start":{"line":44,"column":107},"end":{"line":44,"column":431}},"type":"if","locations":[{"start":{"line":44,"column":107},"end":{"line":44,"column":431}},{"start":{"line":44,"column":107},"end":{"line":44,"column":431}}],"line":44},"5":{"loc":{"start":{"line":44,"column":149},"end":{"line":44,"column":427}},"type":"if","locations":[{"start":{"line":44,"column":149},"end":{"line":44,"column":427}},{"start":{"line":44,"column":149},"end":{"line":44,"column":427}}],"line":44},"6":{"loc":{"start":{"line":44,"column":214},"end":{"line":44,"column":319}},"type":"cond-expr","locations":[{"start":{"line":44,"column":273},"end":{"line":44,"column":314}},{"start":{"line":44,"column":317},"end":{"line":44,"column":319}}],"line":44},"7":{"loc":{"start":{"line":44,"column":214},"end":{"line":44,"column":270}},"type":"binary-expr","locations":[{"start":{"line":44,"column":214},"end":{"line":44,"column":235}},{"start":{"line":44,"column":239},"end":{"line":44,"column":270}}],"line":44},"8":{"loc":{"start":{"line":44,"column":321},"end":{"line":44,"column":425}},"type":"if","locations":[{"start":{"line":44,"column":321},"end":{"line":44,"column":425}},{"start":{"line":44,"column":321},"end":{"line":44,"column":425}}],"line":44},"9":{"loc":{"start":{"line":44,"column":325},"end":{"line":44,"column":345}},"type":"binary-expr","locations":[{"start":{"line":44,"column":325},"end":{"line":44,"column":333}},{"start":{"line":44,"column":337},"end":{"line":44,"column":345}}],"line":44},"10":{"loc":{"start":{"line":46,"column":24},"end":{"line":46,"column":328}},"type":"if","locations":[{"start":{"line":46,"column":24},"end":{"line":46,"column":328}},{"start":{"line":46,"column":24},"end":{"line":46,"column":328}}],"line":46},"11":{"loc":{"start":{"line":46,"column":28},"end":{"line":46,"column":95}},"type":"binary-expr","locations":[{"start":{"line":46,"column":28},"end":{"line":46,"column":56}},{"start":{"line":46,"column":60},"end":{"line":46,"column":95}}],"line":46},"12":{"loc":{"start":{"line":46,"column":205},"end":{"line":46,"column":322}},"type":"cond-expr","locations":[{"start":{"line":46,"column":301},"end":{"line":46,"column":309}},{"start":{"line":46,"column":312},"end":{"line":46,"column":322}}],"line":46},"13":{"loc":{"start":{"line":46,"column":205},"end":{"line":46,"column":298}},"type":"binary-expr","locations":[{"start":{"line":46,"column":205},"end":{"line":46,"column":208}},{"start":{"line":46,"column":212},"end":{"line":46,"column":240}},{"start":{"line":46,"column":244},"end":{"line":46,"column":270}},{"start":{"line":46,"column":274},"end":{"line":46,"column":298}}],"line":46},"14":{"loc":{"start":{"line":48,"column":50},"end":{"line":48,"column":151}},"type":"if","locations":[{"start":{"line":48,"column":50},"end":{"line":48,"column":151}},{"start":{"line":48,"column":50},"end":{"line":48,"column":151}}],"line":48},"15":{"loc":{"start":{"line":50,"column":136},"end":{"line":50,"column":166}},"type":"binary-expr","locations":[{"start":{"line":50,"column":136},"end":{"line":50,"column":157}},{"start":{"line":50,"column":161},"end":{"line":50,"column":166}}],"line":50},"16":{"loc":{"start":{"line":50,"column":200},"end":{"line":50,"column":254}},"type":"if","locations":[{"start":{"line":50,"column":200},"end":{"line":50,"column":254}},{"start":{"line":50,"column":200},"end":{"line":50,"column":254}}],"line":50},"17":{"loc":{"start":{"line":52,"column":62},"end":{"line":52,"column":131}},"type":"if","locations":[{"start":{"line":52,"column":62},"end":{"line":52,"column":131}},{"start":{"line":52,"column":62},"end":{"line":52,"column":131}}],"line":52},"18":{"loc":{"start":{"line":52,"column":132},"end":{"line":52,"column":193}},"type":"if","locations":[{"start":{"line":52,"column":132},"end":{"line":52,"column":193}},{"start":{"line":52,"column":132},"end":{"line":52,"column":193}}],"line":52},"19":{"loc":{"start":{"line":54,"column":50},"end":{"line":54,"column":138}},"type":"if","locations":[{"start":{"line":54,"column":50},"end":{"line":54,"column":138}},{"start":{"line":54,"column":50},"end":{"line":54,"column":138}}],"line":54},"20":{"loc":{"start":{"line":54,"column":54},"end":{"line":54,"column":120}},"type":"binary-expr","locations":[{"start":{"line":54,"column":54},"end":{"line":54,"column":58}},{"start":{"line":54,"column":63},"end":{"line":54,"column":89}},{"start":{"line":54,"column":93},"end":{"line":54,"column":119}}],"line":54},"21":{"loc":{"start":{"line":56,"column":48},"end":{"line":56,"column":175}},"type":"cond-expr","locations":[{"start":{"line":56,"column":72},"end":{"line":56,"column":93}},{"start":{"line":56,"column":96},"end":{"line":56,"column":175}}],"line":56},"22":{"loc":{"start":{"line":56,"column":133},"end":{"line":56,"column":172}},"type":"binary-expr","locations":[{"start":{"line":56,"column":133},"end":{"line":56,"column":144}},{"start":{"line":56,"column":148},"end":{"line":56,"column":172}}],"line":56},"23":{"loc":{"start":{"line":58,"column":40},"end":{"line":58,"column":151}},"type":"if","locations":[{"start":{"line":58,"column":40},"end":{"line":58,"column":151}},{"start":{"line":58,"column":40},"end":{"line":58,"column":151}}],"line":58},"24":{"loc":{"start":{"line":60,"column":43},"end":{"line":60,"column":182}},"type":"if","locations":[{"start":{"line":60,"column":43},"end":{"line":60,"column":182}},{"start":{"line":60,"column":43},"end":{"line":60,"column":182}}],"line":60},"25":{"loc":{"start":{"line":60,"column":47},"end":{"line":60,"column":102}},"type":"binary-expr","locations":[{"start":{"line":60,"column":47},"end":{"line":60,"column":79}},{"start":{"line":60,"column":83},"end":{"line":60,"column":102}}],"line":60},"26":{"loc":{"start":{"line":60,"column":218},"end":{"line":60,"column":252}},"type":"binary-expr","locations":[{"start":{"line":60,"column":218},"end":{"line":60,"column":228}},{"start":{"line":60,"column":232},"end":{"line":60,"column":252}}],"line":60},"27":{"loc":{"start":{"line":60,"column":329},"end":{"line":60,"column":383}},"type":"if","locations":[{"start":{"line":60,"column":329},"end":{"line":60,"column":383}},{"start":{"line":60,"column":329},"end":{"line":60,"column":383}}],"line":60},"28":{"loc":{"start":{"line":62,"column":51},"end":{"line":62,"column":137}},"type":"binary-expr","locations":[{"start":{"line":62,"column":51},"end":{"line":62,"column":72}},{"start":{"line":62,"column":76},"end":{"line":62,"column":137}}],"line":62},"29":{"loc":{"start":{"line":89,"column":18},"end":{"line":89,"column":137}},"type":"cond-expr","locations":[{"start":{"line":89,"column":31},"end":{"line":89,"column":132}},{"start":{"line":89,"column":135},"end":{"line":89,"column":137}}],"line":89},"30":{"loc":{"start":{"line":89,"column":66},"end":{"line":89,"column":94}},"type":"binary-expr","locations":[{"start":{"line":89,"column":66},"end":{"line":89,"column":78}},{"start":{"line":89,"column":82},"end":{"line":89,"column":94}}],"line":89},"31":{"loc":{"start":{"line":89,"column":103},"end":{"line":89,"column":131}},"type":"binary-expr","locations":[{"start":{"line":89,"column":103},"end":{"line":89,"column":115}},{"start":{"line":89,"column":119},"end":{"line":89,"column":131}}],"line":89},"32":{"loc":{"start":{"line":90,"column":15},"end":{"line":90,"column":109}},"type":"cond-expr","locations":[{"start":{"line":90,"column":28},"end":{"line":90,"column":102}},{"start":{"line":90,"column":105},"end":{"line":90,"column":109}}],"line":90},"33":{"loc":{"start":{"line":90,"column":63},"end":{"line":90,"column":91}},"type":"binary-expr","locations":[{"start":{"line":90,"column":63},"end":{"line":90,"column":75}},{"start":{"line":90,"column":79},"end":{"line":90,"column":91}}],"line":90},"34":{"loc":{"start":{"line":91,"column":18},"end":{"line":91,"column":118}},"type":"cond-expr","locations":[{"start":{"line":91,"column":34},"end":{"line":91,"column":111}},{"start":{"line":91,"column":114},"end":{"line":91,"column":118}}],"line":91},"35":{"loc":{"start":{"line":91,"column":72},"end":{"line":91,"column":100}},"type":"binary-expr","locations":[{"start":{"line":91,"column":72},"end":{"line":91,"column":84}},{"start":{"line":91,"column":88},"end":{"line":91,"column":100}}],"line":91},"36":{"loc":{"start":{"line":92,"column":18},"end":{"line":92,"column":118}},"type":"cond-expr","locations":[{"start":{"line":92,"column":34},"end":{"line":92,"column":111}},{"start":{"line":92,"column":114},"end":{"line":92,"column":118}}],"line":92},"37":{"loc":{"start":{"line":92,"column":72},"end":{"line":92,"column":100}},"type":"binary-expr","locations":[{"start":{"line":92,"column":72},"end":{"line":92,"column":84}},{"start":{"line":92,"column":88},"end":{"line":92,"column":100}}],"line":92},"38":{"loc":{"start":{"line":109,"column":41},"end":{"line":109,"column":121}},"type":"binary-expr","locations":[{"start":{"line":109,"column":41},"end":{"line":109,"column":62}},{"start":{"line":109,"column":66},"end":{"line":109,"column":121}}],"line":109},"39":{"loc":{"start":{"line":109,"column":98},"end":{"line":109,"column":120}},"type":"binary-expr","locations":[{"start":{"line":109,"column":98},"end":{"line":109,"column":104}},{"start":{"line":109,"column":108},"end":{"line":109,"column":120}}],"line":109},"40":{"loc":{"start":{"line":109,"column":123},"end":{"line":109,"column":145}},"type":"binary-expr","locations":[{"start":{"line":109,"column":123},"end":{"line":109,"column":129}},{"start":{"line":109,"column":133},"end":{"line":109,"column":145}}],"line":109},"41":{"loc":{"start":{"line":111,"column":53},"end":{"line":111,"column":75}},"type":"binary-expr","locations":[{"start":{"line":111,"column":53},"end":{"line":111,"column":59}},{"start":{"line":111,"column":63},"end":{"line":111,"column":75}}],"line":111},"42":{"loc":{"start":{"line":113,"column":53},"end":{"line":113,"column":75}},"type":"binary-expr","locations":[{"start":{"line":113,"column":53},"end":{"line":113,"column":59}},{"start":{"line":113,"column":63},"end":{"line":113,"column":75}}],"line":113},"43":{"loc":{"start":{"line":115,"column":24},"end":{"line":115,"column":406}},"type":"cond-expr","locations":[{"start":{"line":115,"column":196},"end":{"line":115,"column":201}},{"start":{"line":115,"column":204},"end":{"line":115,"column":406}}],"line":115},"44":{"loc":{"start":{"line":115,"column":40},"end":{"line":115,"column":120}},"type":"cond-expr","locations":[{"start":{"line":115,"column":50},"end":{"line":115,"column":85}},{"start":{"line":115,"column":88},"end":{"line":115,"column":120}}],"line":115},"45":{"loc":{"start":{"line":115,"column":122},"end":{"line":115,"column":192}},"type":"cond-expr","locations":[{"start":{"line":115,"column":132},"end":{"line":115,"column":162}},{"start":{"line":115,"column":165},"end":{"line":115,"column":192}}],"line":115},"46":{"loc":{"start":{"line":115,"column":204},"end":{"line":115,"column":406}},"type":"cond-expr","locations":[{"start":{"line":115,"column":247},"end":{"line":115,"column":252}},{"start":{"line":115,"column":255},"end":{"line":115,"column":406}}],"line":115},"47":{"loc":{"start":{"line":115,"column":204},"end":{"line":115,"column":244}},"type":"binary-expr","locations":[{"start":{"line":115,"column":204},"end":{"line":115,"column":211}},{"start":{"line":115,"column":215},"end":{"line":115,"column":244}}],"line":115},"48":{"loc":{"start":{"line":115,"column":255},"end":{"line":115,"column":406}},"type":"cond-expr","locations":[{"start":{"line":115,"column":299},"end":{"line":115,"column":307}},{"start":{"line":115,"column":310},"end":{"line":115,"column":406}}],"line":115},"49":{"loc":{"start":{"line":115,"column":255},"end":{"line":115,"column":296}},"type":"binary-expr","locations":[{"start":{"line":115,"column":255},"end":{"line":115,"column":262}},{"start":{"line":115,"column":266},"end":{"line":115,"column":296}}],"line":115},"50":{"loc":{"start":{"line":115,"column":310},"end":{"line":115,"column":406}},"type":"cond-expr","locations":[{"start":{"line":115,"column":320},"end":{"line":115,"column":355}},{"start":{"line":115,"column":358},"end":{"line":115,"column":406}}],"line":115},"51":{"loc":{"start":{"line":115,"column":358},"end":{"line":115,"column":406}},"type":"cond-expr","locations":[{"start":{"line":115,"column":368},"end":{"line":115,"column":398}},{"start":{"line":115,"column":401},"end":{"line":115,"column":406}}],"line":115},"52":{"loc":{"start":{"line":116,"column":40},"end":{"line":116,"column":107}},"type":"binary-expr","locations":[{"start":{"line":116,"column":40},"end":{"line":116,"column":61}},{"start":{"line":116,"column":65},"end":{"line":116,"column":107}}],"line":116},"53":{"loc":{"start":{"line":116,"column":84},"end":{"line":116,"column":106}},"type":"binary-expr","locations":[{"start":{"line":116,"column":84},"end":{"line":116,"column":90}},{"start":{"line":116,"column":94},"end":{"line":116,"column":106}}],"line":116},"54":{"loc":{"start":{"line":116,"column":109},"end":{"line":116,"column":131}},"type":"binary-expr","locations":[{"start":{"line":116,"column":109},"end":{"line":116,"column":115}},{"start":{"line":116,"column":119},"end":{"line":116,"column":131}}],"line":116},"55":{"loc":{"start":{"line":119,"column":35},"end":{"line":119,"column":57}},"type":"binary-expr","locations":[{"start":{"line":119,"column":35},"end":{"line":119,"column":41}},{"start":{"line":119,"column":45},"end":{"line":119,"column":57}}],"line":119},"56":{"loc":{"start":{"line":126,"column":6},"end":{"line":128,"column":7}},"type":"if","locations":[{"start":{"line":126,"column":6},"end":{"line":128,"column":7}},{"start":{"line":126,"column":6},"end":{"line":128,"column":7}}],"line":126},"57":{"loc":{"start":{"line":145,"column":41},"end":{"line":145,"column":121}},"type":"binary-expr","locations":[{"start":{"line":145,"column":41},"end":{"line":145,"column":62}},{"start":{"line":145,"column":66},"end":{"line":145,"column":121}}],"line":145},"58":{"loc":{"start":{"line":145,"column":98},"end":{"line":145,"column":120}},"type":"binary-expr","locations":[{"start":{"line":145,"column":98},"end":{"line":145,"column":104}},{"start":{"line":145,"column":108},"end":{"line":145,"column":120}}],"line":145},"59":{"loc":{"start":{"line":145,"column":123},"end":{"line":145,"column":145}},"type":"binary-expr","locations":[{"start":{"line":145,"column":123},"end":{"line":145,"column":129}},{"start":{"line":145,"column":133},"end":{"line":145,"column":145}}],"line":145},"60":{"loc":{"start":{"line":147,"column":53},"end":{"line":147,"column":75}},"type":"binary-expr","locations":[{"start":{"line":147,"column":53},"end":{"line":147,"column":59}},{"start":{"line":147,"column":63},"end":{"line":147,"column":75}}],"line":147},"61":{"loc":{"start":{"line":149,"column":53},"end":{"line":149,"column":75}},"type":"binary-expr","locations":[{"start":{"line":149,"column":53},"end":{"line":149,"column":59}},{"start":{"line":149,"column":63},"end":{"line":149,"column":75}}],"line":149},"62":{"loc":{"start":{"line":151,"column":24},"end":{"line":151,"column":406}},"type":"cond-expr","locations":[{"start":{"line":151,"column":196},"end":{"line":151,"column":201}},{"start":{"line":151,"column":204},"end":{"line":151,"column":406}}],"line":151},"63":{"loc":{"start":{"line":151,"column":40},"end":{"line":151,"column":120}},"type":"cond-expr","locations":[{"start":{"line":151,"column":50},"end":{"line":151,"column":85}},{"start":{"line":151,"column":88},"end":{"line":151,"column":120}}],"line":151},"64":{"loc":{"start":{"line":151,"column":122},"end":{"line":151,"column":192}},"type":"cond-expr","locations":[{"start":{"line":151,"column":132},"end":{"line":151,"column":162}},{"start":{"line":151,"column":165},"end":{"line":151,"column":192}}],"line":151},"65":{"loc":{"start":{"line":151,"column":204},"end":{"line":151,"column":406}},"type":"cond-expr","locations":[{"start":{"line":151,"column":247},"end":{"line":151,"column":252}},{"start":{"line":151,"column":255},"end":{"line":151,"column":406}}],"line":151},"66":{"loc":{"start":{"line":151,"column":204},"end":{"line":151,"column":244}},"type":"binary-expr","locations":[{"start":{"line":151,"column":204},"end":{"line":151,"column":211}},{"start":{"line":151,"column":215},"end":{"line":151,"column":244}}],"line":151},"67":{"loc":{"start":{"line":151,"column":255},"end":{"line":151,"column":406}},"type":"cond-expr","locations":[{"start":{"line":151,"column":299},"end":{"line":151,"column":307}},{"start":{"line":151,"column":310},"end":{"line":151,"column":406}}],"line":151},"68":{"loc":{"start":{"line":151,"column":255},"end":{"line":151,"column":296}},"type":"binary-expr","locations":[{"start":{"line":151,"column":255},"end":{"line":151,"column":262}},{"start":{"line":151,"column":266},"end":{"line":151,"column":296}}],"line":151},"69":{"loc":{"start":{"line":151,"column":310},"end":{"line":151,"column":406}},"type":"cond-expr","locations":[{"start":{"line":151,"column":320},"end":{"line":151,"column":355}},{"start":{"line":151,"column":358},"end":{"line":151,"column":406}}],"line":151},"70":{"loc":{"start":{"line":151,"column":358},"end":{"line":151,"column":406}},"type":"cond-expr","locations":[{"start":{"line":151,"column":368},"end":{"line":151,"column":398}},{"start":{"line":151,"column":401},"end":{"line":151,"column":406}}],"line":151},"71":{"loc":{"start":{"line":152,"column":40},"end":{"line":152,"column":65}},"type":"binary-expr","locations":[{"start":{"line":152,"column":40},"end":{"line":152,"column":50}},{"start":{"line":152,"column":54},"end":{"line":152,"column":65}}],"line":152},"72":{"loc":{"start":{"line":152,"column":67},"end":{"line":152,"column":89}},"type":"binary-expr","locations":[{"start":{"line":152,"column":67},"end":{"line":152,"column":73}},{"start":{"line":152,"column":77},"end":{"line":152,"column":89}}],"line":152},"73":{"loc":{"start":{"line":153,"column":20},"end":{"line":153,"column":92}},"type":"cond-expr","locations":[{"start":{"line":153,"column":30},"end":{"line":153,"column":85}},{"start":{"line":153,"column":88},"end":{"line":153,"column":92}}],"line":153},"74":{"loc":{"start":{"line":153,"column":62},"end":{"line":153,"column":84}},"type":"binary-expr","locations":[{"start":{"line":153,"column":62},"end":{"line":153,"column":68}},{"start":{"line":153,"column":72},"end":{"line":153,"column":84}}],"line":153},"75":{"loc":{"start":{"line":154,"column":22},"end":{"line":154,"column":94}},"type":"cond-expr","locations":[{"start":{"line":154,"column":32},"end":{"line":154,"column":87}},{"start":{"line":154,"column":90},"end":{"line":154,"column":94}}],"line":154},"76":{"loc":{"start":{"line":154,"column":64},"end":{"line":154,"column":86}},"type":"binary-expr","locations":[{"start":{"line":154,"column":64},"end":{"line":154,"column":70}},{"start":{"line":154,"column":74},"end":{"line":154,"column":86}}],"line":154},"77":{"loc":{"start":{"line":156,"column":6},"end":{"line":164,"column":7}},"type":"if","locations":[{"start":{"line":156,"column":6},"end":{"line":164,"column":7}},{"start":{"line":156,"column":6},"end":{"line":164,"column":7}}],"line":156},"78":{"loc":{"start":{"line":156,"column":10},"end":{"line":156,"column":81}},"type":"binary-expr","locations":[{"start":{"line":156,"column":10},"end":{"line":156,"column":17}},{"start":{"line":156,"column":21},"end":{"line":156,"column":42}},{"start":{"line":156,"column":46},"end":{"line":156,"column":53}},{"start":{"line":156,"column":57},"end":{"line":156,"column":81}}],"line":156},"79":{"loc":{"start":{"line":157,"column":8},"end":{"line":163,"column":9}},"type":"if","locations":[{"start":{"line":157,"column":8},"end":{"line":163,"column":9}},{"start":{"line":157,"column":8},"end":{"line":163,"column":9}}],"line":157},"80":{"loc":{"start":{"line":157,"column":12},"end":{"line":157,"column":230}},"type":"binary-expr","locations":[{"start":{"line":157,"column":12},"end":{"line":157,"column":19}},{"start":{"line":157,"column":23},"end":{"line":157,"column":44}},{"start":{"line":157,"column":48},"end":{"line":157,"column":136}},{"start":{"line":157,"column":140},"end":{"line":157,"column":230}}],"line":157},"81":{"loc":{"start":{"line":157,"column":80},"end":{"line":157,"column":102}},"type":"binary-expr","locations":[{"start":{"line":157,"column":80},"end":{"line":157,"column":86}},{"start":{"line":157,"column":90},"end":{"line":157,"column":102}}],"line":157},"82":{"loc":{"start":{"line":157,"column":172},"end":{"line":157,"column":194}},"type":"binary-expr","locations":[{"start":{"line":157,"column":172},"end":{"line":157,"column":178}},{"start":{"line":157,"column":182},"end":{"line":157,"column":194}}],"line":157},"83":{"loc":{"start":{"line":159,"column":15},"end":{"line":163,"column":9}},"type":"if","locations":[{"start":{"line":159,"column":15},"end":{"line":163,"column":9}},{"start":{"line":159,"column":15},"end":{"line":163,"column":9}}],"line":159},"84":{"loc":{"start":{"line":159,"column":19},"end":{"line":159,"column":240}},"type":"binary-expr","locations":[{"start":{"line":159,"column":19},"end":{"line":159,"column":26}},{"start":{"line":159,"column":30},"end":{"line":159,"column":54}},{"start":{"line":159,"column":58},"end":{"line":159,"column":146}},{"start":{"line":159,"column":150},"end":{"line":159,"column":240}}],"line":159},"85":{"loc":{"start":{"line":159,"column":90},"end":{"line":159,"column":112}},"type":"binary-expr","locations":[{"start":{"line":159,"column":90},"end":{"line":159,"column":96}},{"start":{"line":159,"column":100},"end":{"line":159,"column":112}}],"line":159},"86":{"loc":{"start":{"line":159,"column":182},"end":{"line":159,"column":204}},"type":"binary-expr","locations":[{"start":{"line":159,"column":182},"end":{"line":159,"column":188}},{"start":{"line":159,"column":192},"end":{"line":159,"column":204}}],"line":159},"87":{"loc":{"start":{"line":168,"column":38},"end":{"line":168,"column":60}},"type":"binary-expr","locations":[{"start":{"line":168,"column":38},"end":{"line":168,"column":44}},{"start":{"line":168,"column":48},"end":{"line":168,"column":60}}],"line":168},"88":{"loc":{"start":{"line":170,"column":6},"end":{"line":176,"column":7}},"type":"if","locations":[{"start":{"line":170,"column":6},"end":{"line":176,"column":7}},{"start":{"line":170,"column":6},"end":{"line":176,"column":7}}],"line":170},"89":{"loc":{"start":{"line":171,"column":53},"end":{"line":171,"column":75}},"type":"binary-expr","locations":[{"start":{"line":171,"column":53},"end":{"line":171,"column":59}},{"start":{"line":171,"column":63},"end":{"line":171,"column":75}}],"line":171},"90":{"loc":{"start":{"line":172,"column":13},"end":{"line":176,"column":7}},"type":"if","locations":[{"start":{"line":172,"column":13},"end":{"line":176,"column":7}},{"start":{"line":172,"column":13},"end":{"line":176,"column":7}}],"line":172},"91":{"loc":{"start":{"line":173,"column":51},"end":{"line":173,"column":73}},"type":"binary-expr","locations":[{"start":{"line":173,"column":51},"end":{"line":173,"column":57}},{"start":{"line":173,"column":61},"end":{"line":173,"column":73}}],"line":173},"92":{"loc":{"start":{"line":175,"column":36},"end":{"line":175,"column":58}},"type":"binary-expr","locations":[{"start":{"line":175,"column":36},"end":{"line":175,"column":42}},{"start":{"line":175,"column":46},"end":{"line":175,"column":58}}],"line":175},"93":{"loc":{"start":{"line":199,"column":41},"end":{"line":199,"column":121}},"type":"binary-expr","locations":[{"start":{"line":199,"column":41},"end":{"line":199,"column":62}},{"start":{"line":199,"column":66},"end":{"line":199,"column":121}}],"line":199},"94":{"loc":{"start":{"line":199,"column":98},"end":{"line":199,"column":120}},"type":"binary-expr","locations":[{"start":{"line":199,"column":98},"end":{"line":199,"column":104}},{"start":{"line":199,"column":108},"end":{"line":199,"column":120}}],"line":199},"95":{"loc":{"start":{"line":199,"column":123},"end":{"line":199,"column":145}},"type":"binary-expr","locations":[{"start":{"line":199,"column":123},"end":{"line":199,"column":129}},{"start":{"line":199,"column":133},"end":{"line":199,"column":145}}],"line":199},"96":{"loc":{"start":{"line":201,"column":53},"end":{"line":201,"column":75}},"type":"binary-expr","locations":[{"start":{"line":201,"column":53},"end":{"line":201,"column":59}},{"start":{"line":201,"column":63},"end":{"line":201,"column":75}}],"line":201},"97":{"loc":{"start":{"line":203,"column":53},"end":{"line":203,"column":75}},"type":"binary-expr","locations":[{"start":{"line":203,"column":53},"end":{"line":203,"column":59}},{"start":{"line":203,"column":63},"end":{"line":203,"column":75}}],"line":203},"98":{"loc":{"start":{"line":205,"column":24},"end":{"line":205,"column":406}},"type":"cond-expr","locations":[{"start":{"line":205,"column":196},"end":{"line":205,"column":201}},{"start":{"line":205,"column":204},"end":{"line":205,"column":406}}],"line":205},"99":{"loc":{"start":{"line":205,"column":40},"end":{"line":205,"column":120}},"type":"cond-expr","locations":[{"start":{"line":205,"column":50},"end":{"line":205,"column":85}},{"start":{"line":205,"column":88},"end":{"line":205,"column":120}}],"line":205},"100":{"loc":{"start":{"line":205,"column":122},"end":{"line":205,"column":192}},"type":"cond-expr","locations":[{"start":{"line":205,"column":132},"end":{"line":205,"column":162}},{"start":{"line":205,"column":165},"end":{"line":205,"column":192}}],"line":205},"101":{"loc":{"start":{"line":205,"column":204},"end":{"line":205,"column":406}},"type":"cond-expr","locations":[{"start":{"line":205,"column":247},"end":{"line":205,"column":252}},{"start":{"line":205,"column":255},"end":{"line":205,"column":406}}],"line":205},"102":{"loc":{"start":{"line":205,"column":204},"end":{"line":205,"column":244}},"type":"binary-expr","locations":[{"start":{"line":205,"column":204},"end":{"line":205,"column":211}},{"start":{"line":205,"column":215},"end":{"line":205,"column":244}}],"line":205},"103":{"loc":{"start":{"line":205,"column":255},"end":{"line":205,"column":406}},"type":"cond-expr","locations":[{"start":{"line":205,"column":299},"end":{"line":205,"column":307}},{"start":{"line":205,"column":310},"end":{"line":205,"column":406}}],"line":205},"104":{"loc":{"start":{"line":205,"column":255},"end":{"line":205,"column":296}},"type":"binary-expr","locations":[{"start":{"line":205,"column":255},"end":{"line":205,"column":262}},{"start":{"line":205,"column":266},"end":{"line":205,"column":296}}],"line":205},"105":{"loc":{"start":{"line":205,"column":310},"end":{"line":205,"column":406}},"type":"cond-expr","locations":[{"start":{"line":205,"column":320},"end":{"line":205,"column":355}},{"start":{"line":205,"column":358},"end":{"line":205,"column":406}}],"line":205},"106":{"loc":{"start":{"line":205,"column":358},"end":{"line":205,"column":406}},"type":"cond-expr","locations":[{"start":{"line":205,"column":368},"end":{"line":205,"column":398}},{"start":{"line":205,"column":401},"end":{"line":205,"column":406}}],"line":205},"107":{"loc":{"start":{"line":206,"column":40},"end":{"line":206,"column":65}},"type":"binary-expr","locations":[{"start":{"line":206,"column":40},"end":{"line":206,"column":50}},{"start":{"line":206,"column":54},"end":{"line":206,"column":65}}],"line":206},"108":{"loc":{"start":{"line":206,"column":67},"end":{"line":206,"column":89}},"type":"binary-expr","locations":[{"start":{"line":206,"column":67},"end":{"line":206,"column":73}},{"start":{"line":206,"column":77},"end":{"line":206,"column":89}}],"line":206},"109":{"loc":{"start":{"line":207,"column":20},"end":{"line":207,"column":92}},"type":"cond-expr","locations":[{"start":{"line":207,"column":30},"end":{"line":207,"column":85}},{"start":{"line":207,"column":88},"end":{"line":207,"column":92}}],"line":207},"110":{"loc":{"start":{"line":207,"column":62},"end":{"line":207,"column":84}},"type":"binary-expr","locations":[{"start":{"line":207,"column":62},"end":{"line":207,"column":68}},{"start":{"line":207,"column":72},"end":{"line":207,"column":84}}],"line":207},"111":{"loc":{"start":{"line":208,"column":22},"end":{"line":208,"column":94}},"type":"cond-expr","locations":[{"start":{"line":208,"column":32},"end":{"line":208,"column":87}},{"start":{"line":208,"column":90},"end":{"line":208,"column":94}}],"line":208},"112":{"loc":{"start":{"line":208,"column":64},"end":{"line":208,"column":86}},"type":"binary-expr","locations":[{"start":{"line":208,"column":64},"end":{"line":208,"column":70}},{"start":{"line":208,"column":74},"end":{"line":208,"column":86}}],"line":208},"113":{"loc":{"start":{"line":210,"column":6},"end":{"line":218,"column":7}},"type":"if","locations":[{"start":{"line":210,"column":6},"end":{"line":218,"column":7}},{"start":{"line":210,"column":6},"end":{"line":218,"column":7}}],"line":210},"114":{"loc":{"start":{"line":210,"column":10},"end":{"line":210,"column":81}},"type":"binary-expr","locations":[{"start":{"line":210,"column":10},"end":{"line":210,"column":17}},{"start":{"line":210,"column":21},"end":{"line":210,"column":42}},{"start":{"line":210,"column":46},"end":{"line":210,"column":53}},{"start":{"line":210,"column":57},"end":{"line":210,"column":81}}],"line":210},"115":{"loc":{"start":{"line":211,"column":8},"end":{"line":217,"column":9}},"type":"if","locations":[{"start":{"line":211,"column":8},"end":{"line":217,"column":9}},{"start":{"line":211,"column":8},"end":{"line":217,"column":9}}],"line":211},"116":{"loc":{"start":{"line":211,"column":12},"end":{"line":211,"column":230}},"type":"binary-expr","locations":[{"start":{"line":211,"column":12},"end":{"line":211,"column":19}},{"start":{"line":211,"column":23},"end":{"line":211,"column":44}},{"start":{"line":211,"column":48},"end":{"line":211,"column":136}},{"start":{"line":211,"column":140},"end":{"line":211,"column":230}}],"line":211},"117":{"loc":{"start":{"line":211,"column":80},"end":{"line":211,"column":102}},"type":"binary-expr","locations":[{"start":{"line":211,"column":80},"end":{"line":211,"column":86}},{"start":{"line":211,"column":90},"end":{"line":211,"column":102}}],"line":211},"118":{"loc":{"start":{"line":211,"column":172},"end":{"line":211,"column":194}},"type":"binary-expr","locations":[{"start":{"line":211,"column":172},"end":{"line":211,"column":178}},{"start":{"line":211,"column":182},"end":{"line":211,"column":194}}],"line":211},"119":{"loc":{"start":{"line":213,"column":15},"end":{"line":217,"column":9}},"type":"if","locations":[{"start":{"line":213,"column":15},"end":{"line":217,"column":9}},{"start":{"line":213,"column":15},"end":{"line":217,"column":9}}],"line":213},"120":{"loc":{"start":{"line":213,"column":19},"end":{"line":213,"column":240}},"type":"binary-expr","locations":[{"start":{"line":213,"column":19},"end":{"line":213,"column":26}},{"start":{"line":213,"column":30},"end":{"line":213,"column":54}},{"start":{"line":213,"column":58},"end":{"line":213,"column":146}},{"start":{"line":213,"column":150},"end":{"line":213,"column":240}}],"line":213},"121":{"loc":{"start":{"line":213,"column":90},"end":{"line":213,"column":112}},"type":"binary-expr","locations":[{"start":{"line":213,"column":90},"end":{"line":213,"column":96}},{"start":{"line":213,"column":100},"end":{"line":213,"column":112}}],"line":213},"122":{"loc":{"start":{"line":213,"column":182},"end":{"line":213,"column":204}},"type":"binary-expr","locations":[{"start":{"line":213,"column":182},"end":{"line":213,"column":188}},{"start":{"line":213,"column":192},"end":{"line":213,"column":204}}],"line":213},"123":{"loc":{"start":{"line":222,"column":38},"end":{"line":222,"column":60}},"type":"binary-expr","locations":[{"start":{"line":222,"column":38},"end":{"line":222,"column":44}},{"start":{"line":222,"column":48},"end":{"line":222,"column":60}}],"line":222},"124":{"loc":{"start":{"line":224,"column":6},"end":{"line":230,"column":7}},"type":"if","locations":[{"start":{"line":224,"column":6},"end":{"line":230,"column":7}},{"start":{"line":224,"column":6},"end":{"line":230,"column":7}}],"line":224},"125":{"loc":{"start":{"line":225,"column":53},"end":{"line":225,"column":75}},"type":"binary-expr","locations":[{"start":{"line":225,"column":53},"end":{"line":225,"column":59}},{"start":{"line":225,"column":63},"end":{"line":225,"column":75}}],"line":225},"126":{"loc":{"start":{"line":226,"column":13},"end":{"line":230,"column":7}},"type":"if","locations":[{"start":{"line":226,"column":13},"end":{"line":230,"column":7}},{"start":{"line":226,"column":13},"end":{"line":230,"column":7}}],"line":226},"127":{"loc":{"start":{"line":227,"column":51},"end":{"line":227,"column":73}},"type":"binary-expr","locations":[{"start":{"line":227,"column":51},"end":{"line":227,"column":57}},{"start":{"line":227,"column":61},"end":{"line":227,"column":73}}],"line":227},"128":{"loc":{"start":{"line":229,"column":36},"end":{"line":229,"column":58}},"type":"binary-expr","locations":[{"start":{"line":229,"column":36},"end":{"line":229,"column":42}},{"start":{"line":229,"column":46},"end":{"line":229,"column":58}}],"line":229},"129":{"loc":{"start":{"line":244,"column":6},"end":{"line":250,"column":7}},"type":"if","locations":[{"start":{"line":244,"column":6},"end":{"line":250,"column":7}},{"start":{"line":244,"column":6},"end":{"line":250,"column":7}}],"line":244},"130":{"loc":{"start":{"line":246,"column":13},"end":{"line":250,"column":7}},"type":"if","locations":[{"start":{"line":246,"column":13},"end":{"line":250,"column":7}},{"start":{"line":246,"column":13},"end":{"line":250,"column":7}}],"line":246},"131":{"loc":{"start":{"line":261,"column":8},"end":{"line":263,"column":9}},"type":"if","locations":[{"start":{"line":261,"column":8},"end":{"line":263,"column":9}},{"start":{"line":261,"column":8},"end":{"line":263,"column":9}}],"line":261},"132":{"loc":{"start":{"line":275,"column":6},"end":{"line":279,"column":7}},"type":"if","locations":[{"start":{"line":275,"column":6},"end":{"line":279,"column":7}},{"start":{"line":275,"column":6},"end":{"line":279,"column":7}}],"line":275},"133":{"loc":{"start":{"line":275,"column":10},"end":{"line":275,"column":25}},"type":"binary-expr","locations":[{"start":{"line":275,"column":10},"end":{"line":275,"column":14}},{"start":{"line":275,"column":18},"end":{"line":275,"column":25}}],"line":275},"134":{"loc":{"start":{"line":277,"column":13},"end":{"line":279,"column":7}},"type":"if","locations":[{"start":{"line":277,"column":13},"end":{"line":279,"column":7}},{"start":{"line":277,"column":13},"end":{"line":279,"column":7}}],"line":277},"135":{"loc":{"start":{"line":277,"column":17},"end":{"line":277,"column":32}},"type":"binary-expr","locations":[{"start":{"line":277,"column":17},"end":{"line":277,"column":22}},{"start":{"line":277,"column":26},"end":{"line":277,"column":32}}],"line":277},"136":{"loc":{"start":{"line":283,"column":20},"end":{"line":283,"column":57}},"type":"cond-expr","locations":[{"start":{"line":283,"column":27},"end":{"line":283,"column":33}},{"start":{"line":283,"column":36},"end":{"line":283,"column":57}}],"line":283},"137":{"loc":{"start":{"line":284,"column":20},"end":{"line":284,"column":146}},"type":"cond-expr","locations":[{"start":{"line":284,"column":27},"end":{"line":284,"column":122}},{"start":{"line":284,"column":125},"end":{"line":284,"column":146}}],"line":284},"138":{"loc":{"start":{"line":284,"column":27},"end":{"line":284,"column":122}},"type":"cond-expr","locations":[{"start":{"line":284,"column":34},"end":{"line":284,"column":117}},{"start":{"line":284,"column":120},"end":{"line":284,"column":122}}],"line":284},"139":{"loc":{"start":{"line":284,"column":63},"end":{"line":284,"column":85}},"type":"binary-expr","locations":[{"start":{"line":284,"column":63},"end":{"line":284,"column":69}},{"start":{"line":284,"column":73},"end":{"line":284,"column":85}}],"line":284},"140":{"loc":{"start":{"line":284,"column":94},"end":{"line":284,"column":116}},"type":"binary-expr","locations":[{"start":{"line":284,"column":94},"end":{"line":284,"column":100}},{"start":{"line":284,"column":104},"end":{"line":284,"column":116}}],"line":284},"141":{"loc":{"start":{"line":285,"column":17},"end":{"line":285,"column":107}},"type":"cond-expr","locations":[{"start":{"line":285,"column":24},"end":{"line":285,"column":86}},{"start":{"line":285,"column":89},"end":{"line":285,"column":107}}],"line":285},"142":{"loc":{"start":{"line":285,"column":53},"end":{"line":285,"column":75}},"type":"binary-expr","locations":[{"start":{"line":285,"column":53},"end":{"line":285,"column":59}},{"start":{"line":285,"column":63},"end":{"line":285,"column":75}}],"line":285},"143":{"loc":{"start":{"line":308,"column":24},"end":{"line":308,"column":88}},"type":"cond-expr","locations":[{"start":{"line":308,"column":31},"end":{"line":308,"column":83}},{"start":{"line":308,"column":86},"end":{"line":308,"column":88}}],"line":308},"144":{"loc":{"start":{"line":308,"column":60},"end":{"line":308,"column":82}},"type":"binary-expr","locations":[{"start":{"line":308,"column":60},"end":{"line":308,"column":66}},{"start":{"line":308,"column":70},"end":{"line":308,"column":82}}],"line":308},"145":{"loc":{"start":{"line":309,"column":22},"end":{"line":309,"column":94}},"type":"cond-expr","locations":[{"start":{"line":309,"column":32},"end":{"line":309,"column":87}},{"start":{"line":309,"column":90},"end":{"line":309,"column":94}}],"line":309},"146":{"loc":{"start":{"line":309,"column":64},"end":{"line":309,"column":86}},"type":"binary-expr","locations":[{"start":{"line":309,"column":64},"end":{"line":309,"column":70}},{"start":{"line":309,"column":74},"end":{"line":309,"column":86}}],"line":309},"147":{"loc":{"start":{"line":310,"column":20},"end":{"line":310,"column":92}},"type":"cond-expr","locations":[{"start":{"line":310,"column":30},"end":{"line":310,"column":85}},{"start":{"line":310,"column":88},"end":{"line":310,"column":92}}],"line":310},"148":{"loc":{"start":{"line":310,"column":62},"end":{"line":310,"column":84}},"type":"binary-expr","locations":[{"start":{"line":310,"column":62},"end":{"line":310,"column":68}},{"start":{"line":310,"column":72},"end":{"line":310,"column":84}}],"line":310},"149":{"loc":{"start":{"line":312,"column":6},"end":{"line":325,"column":7}},"type":"if","locations":[{"start":{"line":312,"column":6},"end":{"line":325,"column":7}},{"start":{"line":312,"column":6},"end":{"line":325,"column":7}}],"line":312},"150":{"loc":{"start":{"line":312,"column":10},"end":{"line":312,"column":48}},"type":"binary-expr","locations":[{"start":{"line":312,"column":10},"end":{"line":312,"column":18}},{"start":{"line":312,"column":22},"end":{"line":312,"column":33}},{"start":{"line":312,"column":37},"end":{"line":312,"column":48}}],"line":312},"151":{"loc":{"start":{"line":314,"column":13},"end":{"line":325,"column":7}},"type":"if","locations":[{"start":{"line":314,"column":13},"end":{"line":325,"column":7}},{"start":{"line":314,"column":13},"end":{"line":325,"column":7}}],"line":314},"152":{"loc":{"start":{"line":314,"column":17},"end":{"line":314,"column":83}},"type":"binary-expr","locations":[{"start":{"line":314,"column":17},"end":{"line":314,"column":26}},{"start":{"line":314,"column":30},"end":{"line":314,"column":37}},{"start":{"line":314,"column":41},"end":{"line":314,"column":83}}],"line":314},"153":{"loc":{"start":{"line":316,"column":13},"end":{"line":325,"column":7}},"type":"if","locations":[{"start":{"line":316,"column":13},"end":{"line":325,"column":7}},{"start":{"line":316,"column":13},"end":{"line":325,"column":7}}],"line":316},"154":{"loc":{"start":{"line":316,"column":17},"end":{"line":316,"column":98}},"type":"binary-expr","locations":[{"start":{"line":316,"column":17},"end":{"line":316,"column":28}},{"start":{"line":316,"column":32},"end":{"line":316,"column":41}},{"start":{"line":316,"column":45},"end":{"line":316,"column":98}}],"line":316},"155":{"loc":{"start":{"line":318,"column":13},"end":{"line":325,"column":7}},"type":"if","locations":[{"start":{"line":318,"column":13},"end":{"line":325,"column":7}},{"start":{"line":318,"column":13},"end":{"line":325,"column":7}}],"line":318},"156":{"loc":{"start":{"line":318,"column":17},"end":{"line":318,"column":93}},"type":"binary-expr","locations":[{"start":{"line":318,"column":17},"end":{"line":318,"column":28}},{"start":{"line":318,"column":32},"end":{"line":318,"column":39}},{"start":{"line":318,"column":43},"end":{"line":318,"column":93}}],"line":318},"157":{"loc":{"start":{"line":320,"column":13},"end":{"line":325,"column":7}},"type":"if","locations":[{"start":{"line":320,"column":13},"end":{"line":325,"column":7}},{"start":{"line":320,"column":13},"end":{"line":325,"column":7}}],"line":320},"158":{"loc":{"start":{"line":322,"column":44},"end":{"line":322,"column":66}},"type":"binary-expr","locations":[{"start":{"line":322,"column":44},"end":{"line":322,"column":50}},{"start":{"line":322,"column":54},"end":{"line":322,"column":66}}],"line":322},"159":{"loc":{"start":{"line":322,"column":75},"end":{"line":322,"column":97}},"type":"binary-expr","locations":[{"start":{"line":322,"column":75},"end":{"line":322,"column":81}},{"start":{"line":322,"column":85},"end":{"line":322,"column":97}}],"line":322},"160":{"loc":{"start":{"line":352,"column":25},"end":{"line":352,"column":93}},"type":"cond-expr","locations":[{"start":{"line":352,"column":60},"end":{"line":352,"column":69}},{"start":{"line":352,"column":72},"end":{"line":352,"column":93}}],"line":352},"161":{"loc":{"start":{"line":354,"column":27},"end":{"line":354,"column":93}},"type":"cond-expr","locations":[{"start":{"line":354,"column":62},"end":{"line":354,"column":69}},{"start":{"line":354,"column":72},"end":{"line":354,"column":93}}],"line":354},"162":{"loc":{"start":{"line":356,"column":29},"end":{"line":356,"column":95}},"type":"cond-expr","locations":[{"start":{"line":356,"column":64},"end":{"line":356,"column":71}},{"start":{"line":356,"column":74},"end":{"line":356,"column":95}}],"line":356},"163":{"loc":{"start":{"line":358,"column":31},"end":{"line":358,"column":99}},"type":"cond-expr","locations":[{"start":{"line":358,"column":67},"end":{"line":358,"column":74}},{"start":{"line":358,"column":77},"end":{"line":358,"column":99}}],"line":358},"164":{"loc":{"start":{"line":363,"column":9},"end":{"line":366,"column":15}},"type":"binary-expr","locations":[{"start":{"line":363,"column":9},"end":{"line":363,"column":14}},{"start":{"line":363,"column":18},"end":{"line":366,"column":15}}],"line":363},"165":{"loc":{"start":{"line":379,"column":10},"end":{"line":385,"column":8}},"type":"binary-expr","locations":[{"start":{"line":379,"column":10},"end":{"line":379,"column":14}},{"start":{"line":379,"column":18},"end":{"line":385,"column":8}}],"line":379},"166":{"loc":{"start":{"line":385,"column":10},"end":{"line":447,"column":9}},"type":"binary-expr","locations":[{"start":{"line":385,"column":10},"end":{"line":385,"column":23}},{"start":{"line":385,"column":27},"end":{"line":385,"column":34}},{"start":{"line":385,"column":39},"end":{"line":385,"column":71}},{"start":{"line":385,"column":75},"end":{"line":385,"column":158}},{"start":{"line":385,"column":163},"end":{"line":447,"column":9}}],"line":385},"167":{"loc":{"start":{"line":385,"column":125},"end":{"line":385,"column":147}},"type":"binary-expr","locations":[{"start":{"line":385,"column":125},"end":{"line":385,"column":131}},{"start":{"line":385,"column":135},"end":{"line":385,"column":147}}],"line":385}},"s":{"0":1,"1":1,"2":1,"3":1,"4":1,"5":1,"6":1,"7":1,"8":1,"9":1,"10":1,"11":1,"12":1,"13":1,"14":1,"15":1,"16":1,"17":1,"18":1,"19":16,"20":1,"21":0,"22":1,"23":1,"24":1,"25":29,"26":29,"27":29,"28":0,"29":29,"30":1,"31":1,"32":0,"33":0,"34":0,"35":0,"36":0,"37":0,"38":11,"39":0,"40":1,"41":1,"42":9,"43":9,"44":9,"45":9,"46":9,"47":9,"48":1,"49":1,"50":1,"51":0,"52":1,"53":11,"54":0,"55":11,"56":1,"57":0,"58":1,"59":22,"60":0,"61":22,"62":1,"63":0,"64":1,"65":1,"66":1,"67":1,"68":0,"69":0,"70":1,"71":1,"72":1,"73":1,"74":1,"75":1,"76":1,"77":11,"78":11,"79":11,"80":11,"81":11,"82":1,"83":15,"84":15,"85":15,"86":15,"87":15,"88":15,"89":15,"90":15,"91":15,"92":15,"93":15,"94":15,"95":15,"96":15,"97":15,"98":15,"99":15,"100":5,"101":0,"102":0,"103":0,"104":0,"105":0,"106":0,"107":0,"108":0,"109":0,"110":0,"111":0,"112":0,"113":0,"114":0,"115":0,"116":0,"117":0,"118":0,"119":0,"120":0,"121":0,"122":0,"123":0,"124":0,"125":0,"126":0,"127":0,"128":0,"129":0,"130":0,"131":0,"132":0,"133":0,"134":0,"135":0,"136":0,"137":0,"138":0,"139":0,"140":0,"141":0,"142":0,"143":0,"144":0,"145":0,"146":0,"147":0,"148":0,"149":0,"150":0,"151":0,"152":0,"153":0,"154":0,"155":0,"156":0,"157":0,"158":0,"159":0,"160":0,"161":0,"162":0,"163":0,"164":0,"165":0,"166":0,"167":15,"168":15,"169":0,"170":15,"171":0,"172":15,"173":15,"174":0,"175":0,"176":0,"177":0,"178":0,"179":5,"180":5,"181":5,"182":5,"183":5,"184":5,"185":0,"186":5,"187":0,"188":5,"189":0,"190":33,"191":33,"192":33,"193":33,"194":33,"195":33,"196":33,"197":33,"198":33,"199":33,"200":33,"201":33,"202":33,"203":33,"204":3,"205":30,"206":4,"207":26,"208":0,"209":26,"210":0,"211":26,"212":21,"213":5,"214":31,"215":31,"216":31,"217":31,"218":31,"219":31,"220":31,"221":31,"222":31,"223":31,"224":31,"225":31,"226":31,"227":31,"228":31,"229":31,"230":31,"231":31,"232":31,"233":31,"234":31,"235":31,"236":31,"237":31,"238":31,"239":31,"240":31,"241":31,"242":31,"243":0,"244":0,"245":0,"246":0,"247":0,"248":0,"249":0,"250":0,"251":0,"252":0,"253":0,"254":0,"255":1,"256":1,"257":1,"258":1},"f":{"0":16,"1":1,"2":0,"3":0,"4":0,"5":11,"6":1,"7":1,"8":11,"9":1,"10":0,"11":22,"12":1,"13":1,"14":0,"15":1,"16":11,"17":15,"18":0,"19":0,"20":15,"21":0,"22":0,"23":5,"24":0,"25":33,"26":31,"27":0,"28":0,"29":0,"30":0,"31":0,"32":0,"33":0,"34":0,"35":0,"36":0,"37":0,"38":0},"b":{"0":[10,6],"1":[16,16],"2":[0,1],"3":[1,1],"4":[1,0],"5":[29,0],"6":[29,0],"7":[29,29],"8":[0,29],"9":[29,29],"10":[0,0],"11":[0,0],"12":[0,0],"13":[0,0,0,0],"14":[0,11],"15":[9,9],"16":[9,0],"17":[1,0],"18":[0,1],"19":[0,11],"20":[11,0,0],"21":[1,0],"22":[0,0],"23":[0,22],"24":[0,1],"25":[1,0],"26":[1,1],"27":[1,0],"28":[1,0],"29":[6,5],"30":[6,0],"31":[6,0],"32":[6,5],"33":[6,0],"34":[4,7],"35":[4,0],"36":[4,7],"37":[4,0],"38":[15,1],"39":[1,0],"40":[15,0],"41":[15,0],"42":[15,0],"43":[13,2],"44":[3,12],"45":[3,12],"46":[1,1],"47":[2,2],"48":[1,0],"49":[1,1],"50":[0,0],"51":[0,0],"52":[15,1],"53":[1,0],"54":[15,0],"55":[15,0],"56":[5,10],"57":[0,0],"58":[0,0],"59":[0,0],"60":[0,0],"61":[0,0],"62":[0,0],"63":[0,0],"64":[0,0],"65":[0,0],"66":[0,0],"67":[0,0],"68":[0,0],"69":[0,0],"70":[0,0],"71":[0,0],"72":[0,0],"73":[0,0],"74":[0,0],"75":[0,0],"76":[0,0],"77":[0,0],"78":[0,0,0,0],"79":[0,0],"80":[0,0,0,0],"81":[0,0],"82":[0,0],"83":[0,0],"84":[0,0,0,0],"85":[0,0],"86":[0,0],"87":[0,0],"88":[0,0],"89":[0,0],"90":[0,0],"91":[0,0],"92":[0,0],"93":[0,0],"94":[0,0],"95":[0,0],"96":[0,0],"97":[0,0],"98":[0,0],"99":[0,0],"100":[0,0],"101":[0,0],"102":[0,0],"103":[0,0],"104":[0,0],"105":[0,0],"106":[0,0],"107":[0,0],"108":[0,0],"109":[0,0],"110":[0,0],"111":[0,0],"112":[0,0],"113":[0,0],"114":[0,0,0,0],"115":[0,0],"116":[0,0,0,0],"117":[0,0],"118":[0,0],"119":[0,0],"120":[0,0,0,0],"121":[0,0],"122":[0,0],"123":[0,0],"124":[0,0],"125":[0,0],"126":[0,0],"127":[0,0],"128":[0,0],"129":[0,15],"130":[0,15],"131":[0,0],"132":[0,5],"133":[5,0],"134":[0,5],"135":[5,5],"136":[0,5],"137":[0,5],"138":[0,0],"139":[0,0],"140":[0,0],"141":[4,1],"142":[4,0],"143":[22,11],"144":[22,0],"145":[10,23],"146":[10,0],"147":[10,23],"148":[10,0],"149":[3,30],"150":[33,32,31],"151":[4,26],"152":[30,9,9],"153":[0,26],"154":[26,21,5],"155":[0,26],"156":[26,21,5],"157":[21,5],"158":[21,0],"159":[21,0],"160":[31,0],"161":[31,0],"162":[31,0],"163":[31,0],"164":[31,0],"165":[31,0],"166":[31,0,0,0,0],"167":[0,0]},"_coverageSchema":"43e27e138ebf9cfc5966b082cf9a028302ed4184","hash":"14264e93d4269c3c4c979da5047128f9bd74b9db"}
,"/Users/anurag.v/projects/lab/react-modern-datepicker/build/elements/CalendarBody.js": {"path":"/Users/anurag.v/projects/lab/react-modern-datepicker/build/elements/CalendarBody.js","statementMap":{"0":{"start":{"line":3,"column":0},"end":{"line":5,"column":3}},"1":{"start":{"line":6,"column":0},"end":{"line":6,"column":28}},"2":{"start":{"line":8,"column":13},"end":{"line":8,"column":53}},"3":{"start":{"line":10,"column":17},"end":{"line":10,"column":62}},"4":{"start":{"line":12,"column":16},"end":{"line":12,"column":61}},"5":{"start":{"line":14,"column":17},"end":{"line":14,"column":63}},"6":{"start":{"line":16,"column":16},"end":{"line":16,"column":61}},"7":{"start":{"line":18,"column":15},"end":{"line":18,"column":59}},"8":{"start":{"line":20,"column":39},"end":{"line":20,"column":95}},"9":{"start":{"line":22,"column":19},"end":{"line":74,"column":1}},"10":{"start":{"line":23,"column":16},"end":{"line":23,"column":29}},"11":{"start":{"line":24,"column":13},"end":{"line":24,"column":23}},"12":{"start":{"line":25,"column":15},"end":{"line":25,"column":27}},"13":{"start":{"line":26,"column":17},"end":{"line":26,"column":31}},"14":{"start":{"line":27,"column":18},"end":{"line":27,"column":33}},"15":{"start":{"line":28,"column":16},"end":{"line":28,"column":29}},"16":{"start":{"line":29,"column":16},"end":{"line":29,"column":29}},"17":{"start":{"line":30,"column":21},"end":{"line":30,"column":39}},"18":{"start":{"line":31,"column":23},"end":{"line":31,"column":43}},"19":{"start":{"line":32,"column":25},"end":{"line":32,"column":47}},"20":{"start":{"line":33,"column":27},"end":{"line":33,"column":51}},"21":{"start":{"line":34,"column":2},"end":{"line":73,"column":6}},"22":{"start":{"line":42,"column":6},"end":{"line":42,"column":37}},"23":{"start":{"line":54,"column":6},"end":{"line":54,"column":38}},"24":{"start":{"line":66,"column":6},"end":{"line":66,"column":37}},"25":{"start":{"line":76,"column":0},"end":{"line":88,"column":2}},"26":{"start":{"line":89,"column":15},"end":{"line":89,"column":27}},"27":{"start":{"line":90,"column":0},"end":{"line":90,"column":30}}},"fnMap":{"0":{"name":"_interopRequireDefault","decl":{"start":{"line":20,"column":9},"end":{"line":20,"column":31}},"loc":{"start":{"line":20,"column":37},"end":{"line":20,"column":97}},"line":20},"1":{"name":"CalendarBody","decl":{"start":{"line":22,"column":28},"end":{"line":22,"column":40}},"loc":{"start":{"line":22,"column":48},"end":{"line":74,"column":1}},"line":22},"2":{"name":"onDateChange","decl":{"start":{"line":41,"column":27},"end":{"line":41,"column":39}},"loc":{"start":{"line":41,"column":47},"end":{"line":43,"column":5}},"line":41},"3":{"name":"onMonthChange","decl":{"start":{"line":53,"column":28},"end":{"line":53,"column":41}},"loc":{"start":{"line":53,"column":49},"end":{"line":55,"column":5}},"line":53},"4":{"name":"onYearChange","decl":{"start":{"line":65,"column":27},"end":{"line":65,"column":39}},"loc":{"start":{"line":65,"column":47},"end":{"line":67,"column":5}},"line":65}},"branchMap":{"0":{"loc":{"start":{"line":20,"column":46},"end":{"line":20,"column":94}},"type":"cond-expr","locations":[{"start":{"line":20,"column":70},"end":{"line":20,"column":73}},{"start":{"line":20,"column":76},"end":{"line":20,"column":94}}],"line":20},"1":{"loc":{"start":{"line":20,"column":46},"end":{"line":20,"column":67}},"type":"binary-expr","locations":[{"start":{"line":20,"column":46},"end":{"line":20,"column":49}},{"start":{"line":20,"column":53},"end":{"line":20,"column":67}}],"line":20},"2":{"loc":{"start":{"line":36,"column":5},"end":{"line":48,"column":4}},"type":"binary-expr","locations":[{"start":{"line":36,"column":5},"end":{"line":36,"column":23}},{"start":{"line":36,"column":27},"end":{"line":48,"column":4}}],"line":36},"3":{"loc":{"start":{"line":48,"column":6},"end":{"line":60,"column":4}},"type":"binary-expr","locations":[{"start":{"line":48,"column":6},"end":{"line":48,"column":25}},{"start":{"line":48,"column":29},"end":{"line":60,"column":4}}],"line":48},"4":{"loc":{"start":{"line":60,"column":6},"end":{"line":73,"column":4}},"type":"binary-expr","locations":[{"start":{"line":60,"column":6},"end":{"line":60,"column":24}},{"start":{"line":60,"column":28},"end":{"line":73,"column":4}}],"line":60}},"s":{"0":1,"1":1,"2":1,"3":1,"4":1,"5":1,"6":1,"7":1,"8":6,"9":1,"10":0,"11":0,"12":0,"13":0,"14":0,"15":0,"16":0,"17":0,"18":0,"19":0,"20":0,"21":0,"22":0,"23":0,"24":0,"25":1,"26":1,"27":1},"f":{"0":6,"1":0,"2":0,"3":0,"4":0},"b":{"0":[4,2],"1":[6,6],"2":[0,0],"3":[0,0],"4":[0,0]},"_coverageSchema":"43e27e138ebf9cfc5966b082cf9a028302ed4184","hash":"3d044a0499e52bc680b22141fceec8e67f3dc20d"}
[...]
,"/Users/anurag.v/projects/lab/react-modern-datepicker/build/elements/YearView.js": {"path":"/Users/anurag.v/projects/lab/react-modern-datepicker/build/elements/YearView.js","statementMap":{"0":{"start":{"line":3,"column":0},"end":{"line":5,"column":3}},"1":{"start":{"line":6,"column":0},"end":{"line":6,"column":28}},"2":{"start":{"line":8,"column":13},"end":{"line":8,"column":53}},"3":{"start":{"line":10,"column":17},"end":{"line":10,"column":62}},"4":{"start":{"line":12,"column":13},"end":{"line":12,"column":53}},"5":{"start":{"line":14,"column":25},"end":{"line":14,"column":90}},"6":{"start":{"line":16,"column":17},"end":{"line":16,"column":74}},"7":{"start":{"line":18,"column":21},"end":{"line":18,"column":82}},"8":{"start":{"line":20,"column":22},"end":{"line":20,"column":84}},"9":{"start":{"line":22,"column":24},"end":{"line":22,"column":76}},"10":{"start":{"line":24,"column":15},"end":{"line":24,"column":59}},"11":{"start":{"line":26,"column":12},"end":{"line":26,"column":53}},"12":{"start":{"line":28,"column":14},"end":{"line":28,"column":57}},"13":{"start":{"line":30,"column":39},"end":{"line":30,"column":95}},"14":{"start":{"line":33,"column":13},"end":{"line":33,"column":112}},"15":{"start":{"line":35,"column":2},"end":{"line":37,"column":4}},"16":{"start":{"line":36,"column":4},"end":{"line":36,"column":16}},"17":{"start":{"line":39,"column":2},"end":{"line":39,"column":14}},"18":{"start":{"line":43,"column":13},"end":{"line":43,"column":167}},"19":{"start":{"line":45,"column":2},"end":{"line":47,"column":4}},"20":{"start":{"line":46,"column":4},"end":{"line":46,"column":16}},"21":{"start":{"line":49,"column":2},"end":{"line":49,"column":14}},"22":{"start":{"line":52,"column":48},"end":{"line":52,"column":85}},"23":{"start":{"line":52,"column":60},"end":{"line":52,"column":83}},"24":{"start":{"line":52,"column":86},"end":{"line":52,"column":181}},"25":{"start":{"line":54,"column":0},"end":{"line":54,"column":56}},"26":{"start":{"line":56,"column":0},"end":{"line":56,"column":48}},"27":{"start":{"line":58,"column":0},"end":{"line":58,"column":52}},"28":{"start":{"line":60,"column":0},"end":{"line":60,"column":53}},"29":{"start":{"line":62,"column":12},"end":{"line":72,"column":2}},"30":{"start":{"line":63,"column":2},"end":{"line":63,"column":54}},"31":{"start":{"line":65,"column":2},"end":{"line":65,"column":60}},"32":{"start":{"line":67,"column":2},"end":{"line":67,"column":68}},"33":{"start":{"line":69,"column":2},"end":{"line":69,"column":32}},"34":{"start":{"line":71,"column":2},"end":{"line":71,"column":50}},"35":{"start":{"line":73,"column":19},"end":{"line":77,"column":2}},"36":{"start":{"line":74,"column":2},"end":{"line":74,"column":28}},"37":{"start":{"line":76,"column":2},"end":{"line":76,"column":88}},"38":{"start":{"line":79,"column":15},"end":{"line":93,"column":1}},"39":{"start":{"line":80,"column":18},"end":{"line":80,"column":22}},"40":{"start":{"line":81,"column":16},"end":{"line":81,"column":25}},"41":{"start":{"line":82,"column":14},"end":{"line":82,"column":16}},"42":{"start":{"line":84,"column":2},"end":{"line":90,"column":3}},"43":{"start":{"line":84,"column":15},"end":{"line":84,"column":24}},"44":{"start":{"line":85,"column":4},"end":{"line":89,"column":7}},"45":{"start":{"line":92,"column":2},"end":{"line":92,"column":15}},"46":{"start":{"line":95,"column":15},"end":{"line":142,"column":1}},"47":{"start":{"line":96,"column":13},"end":{"line":96,"column":23}},"48":{"start":{"line":97,"column":15},"end":{"line":97,"column":27}},"49":{"start":{"line":98,"column":21},"end":{"line":98,"column":39}},"50":{"start":{"line":99,"column":18},"end":{"line":99,"column":33}},"51":{"start":{"line":100,"column":16},"end":{"line":100,"column":29}},"52":{"start":{"line":101,"column":16},"end":{"line":101,"column":29}},"53":{"start":{"line":102,"column":21},"end":{"line":102,"column":39}},"54":{"start":{"line":103,"column":23},"end":{"line":103,"column":43}},"55":{"start":{"line":104,"column":25},"end":{"line":104,"column":47}},"56":{"start":{"line":105,"column":27},"end":{"line":105,"column":51}},"57":{"start":{"line":107,"column":14},"end":{"line":107,"column":125}},"58":{"start":{"line":109,"column":17},"end":{"line":109,"column":72}},"59":{"start":{"line":111,"column":17},"end":{"line":111,"column":72}},"60":{"start":{"line":113,"column":20},"end":{"line":113,"column":402}},"61":{"start":{"line":114,"column":17},"end":{"line":114,"column":90}},"62":{"start":{"line":115,"column":16},"end":{"line":115,"column":88}},"63":{"start":{"line":116,"column":18},"end":{"line":116,"column":90}},"64":{"start":{"line":117,"column":20},"end":{"line":117,"column":40}},"65":{"start":{"line":118,"column":14},"end":{"line":118,"column":63}},"66":{"start":{"line":119,"column":2},"end":{"line":141,"column":7}},"67":{"start":{"line":120,"column":4},"end":{"line":140,"column":15}},"68":{"start":{"line":126,"column":8},"end":{"line":126,"column":66}},"69":{"start":{"line":135,"column":8},"end":{"line":135,"column":66}},"70":{"start":{"line":144,"column":0},"end":{"line":155,"column":2}},"71":{"start":{"line":156,"column":15},"end":{"line":156,"column":23}},"72":{"start":{"line":157,"column":0},"end":{"line":157,"column":30}}},"fnMap":{"0":{"name":"_interopRequireDefault","decl":{"start":{"line":30,"column":9},"end":{"line":30,"column":31}},"loc":{"start":{"line":30,"column":37},"end":{"line":30,"column":97}},"line":30},"1":{"name":"_templateObject2","decl":{"start":{"line":32,"column":9},"end":{"line":32,"column":25}},"loc":{"start":{"line":32,"column":28},"end":{"line":40,"column":1}},"line":32},"2":{"name":"_templateObject2","decl":{"start":{"line":35,"column":30},"end":{"line":35,"column":46}},"loc":{"start":{"line":35,"column":49},"end":{"line":37,"column":3}},"line":35},"3":{"name":"_templateObject","decl":{"start":{"line":42,"column":9},"end":{"line":42,"column":24}},"loc":{"start":{"line":42,"column":27},"end":{"line":50,"column":1}},"line":42},"4":{"name":"_templateObject","decl":{"start":{"line":45,"column":29},"end":{"line":45,"column":44}},"loc":{"start":{"line":45,"column":47},"end":{"line":47,"column":3}},"line":45},"5":{"name":"_taggedTemplateLiteral","decl":{"start":{"line":52,"column":9},"end":{"line":52,"column":31}},"loc":{"start":{"line":52,"column":46},"end":{"line":52,"column":183}},"line":52},"6":{"name":"(anonymous_6)","decl":{"start":{"line":62,"column":83},"end":{"line":62,"column":84}},"loc":{"start":{"line":62,"column":100},"end":{"line":64,"column":1}},"line":62},"7":{"name":"(anonymous_7)","decl":{"start":{"line":64,"column":3},"end":{"line":64,"column":4}},"loc":{"start":{"line":64,"column":20},"end":{"line":66,"column":1}},"line":64},"8":{"name":"(anonymous_8)","decl":{"start":{"line":66,"column":3},"end":{"line":66,"column":4}},"loc":{"start":{"line":66,"column":20},"end":{"line":68,"column":1}},"line":66},"9":{"name":"(anonymous_9)","decl":{"start":{"line":68,"column":3},"end":{"line":68,"column":4}},"loc":{"start":{"line":68,"column":20},"end":{"line":70,"column":1}},"line":68},"10":{"name":"(anonymous_10)","decl":{"start":{"line":70,"column":3},"end":{"line":70,"column":4}},"loc":{"start":{"line":70,"column":20},"end":{"line":72,"column":1}},"line":70},"11":{"name":"(anonymous_11)","decl":{"start":{"line":73,"column":91},"end":{"line":73,"column":92}},"loc":{"start":{"line":73,"column":108},"end":{"line":75,"column":1}},"line":73},"12":{"name":"(anonymous_12)","decl":{"start":{"line":75,"column":3},"end":{"line":75,"column":4}},"loc":{"start":{"line":75,"column":20},"end":{"line":77,"column":1}},"line":75},"13":{"name":"getYears","decl":{"start":{"line":79,"column":24},"end":{"line":79,"column":32}},"loc":{"start":{"line":79,"column":57},"end":{"line":93,"column":1}},"line":79},"14":{"name":"YearView","decl":{"start":{"line":95,"column":24},"end":{"line":95,"column":32}},"loc":{"start":{"line":95,"column":40},"end":{"line":142,"column":1}},"line":95},"15":{"name":"(anonymous_15)","decl":{"start":{"line":119,"column":136},"end":{"line":119,"column":137}},"loc":{"start":{"line":119,"column":155},"end":{"line":141,"column":3}},"line":119},"16":{"name":"onClick","decl":{"start":{"line":125,"column":24},"end":{"line":125,"column":31}},"loc":{"start":{"line":125,"column":34},"end":{"line":127,"column":7}},"line":125},"17":{"name":"onClick","decl":{"start":{"line":134,"column":24},"end":{"line":134,"column":31}},"loc":{"start":{"line":134,"column":34},"end":{"line":136,"column":7}},"line":134}},"branchMap":{"0":{"loc":{"start":{"line":30,"column":46},"end":{"line":30,"column":94}},"type":"cond-expr","locations":[{"start":{"line":30,"column":70},"end":{"line":30,"column":73}},{"start":{"line":30,"column":76},"end":{"line":30,"column":94}}],"line":30},"1":{"loc":{"start":{"line":30,"column":46},"end":{"line":30,"column":67}},"type":"binary-expr","locations":[{"start":{"line":30,"column":46},"end":{"line":30,"column":49}},{"start":{"line":30,"column":53},"end":{"line":30,"column":67}}],"line":30},"2":{"loc":{"start":{"line":52,"column":48},"end":{"line":52,"column":85}},"type":"if","locations":[{"start":{"line":52,"column":48},"end":{"line":52,"column":85}},{"start":{"line":52,"column":48},"end":{"line":52,"column":85}}],"line":52},"3":{"loc":{"start":{"line":63,"column":9},"end":{"line":63,"column":53}},"type":"cond-expr","locations":[{"start":{"line":63,"column":38},"end":{"line":63,"column":44}},{"start":{"line":63,"column":47},"end":{"line":63,"column":53}}],"line":63},"4":{"loc":{"start":{"line":63,"column":9},"end":{"line":63,"column":35}},"type":"binary-expr","locations":[{"start":{"line":63,"column":9},"end":{"line":63,"column":20}},{"start":{"line":63,"column":24},"end":{"line":63,"column":35}}],"line":63},"5":{"loc":{"start":{"line":65,"column":9},"end":{"line":65,"column":59}},"type":"cond-expr","locations":[{"start":{"line":65,"column":38},"end":{"line":65,"column":47}},{"start":{"line":65,"column":50},"end":{"line":65,"column":59}}],"line":65},"6":{"loc":{"start":{"line":65,"column":9},"end":{"line":65,"column":35}},"type":"binary-expr","locations":[{"start":{"line":65,"column":9},"end":{"line":65,"column":20}},{"start":{"line":65,"column":24},"end":{"line":65,"column":35}}],"line":65},"7":{"loc":{"start":{"line":67,"column":9},"end":{"line":67,"column":67}},"type":"cond-expr","locations":[{"start":{"line":67,"column":38},"end":{"line":67,"column":44}},{"start":{"line":67,"column":47},"end":{"line":67,"column":67}}],"line":67},"8":{"loc":{"start":{"line":67,"column":9},"end":{"line":67,"column":35}},"type":"binary-expr","locations":[{"start":{"line":67,"column":9},"end":{"line":67,"column":20}},{"start":{"line":67,"column":24},"end":{"line":67,"column":35}}],"line":67},"9":{"loc":{"start":{"line":71,"column":9},"end":{"line":71,"column":49}},"type":"cond-expr","locations":[{"start":{"line":71,"column":38},"end":{"line":71,"column":43}},{"start":{"line":71,"column":46},"end":{"line":71,"column":49}}],"line":71},"10":{"loc":{"start":{"line":71,"column":9},"end":{"line":71,"column":35}},"type":"binary-expr","locations":[{"start":{"line":71,"column":9},"end":{"line":71,"column":20}},{"start":{"line":71,"column":24},"end":{"line":71,"column":35}}],"line":71},"11":{"loc":{"start":{"line":76,"column":9},"end":{"line":76,"column":87}},"type":"cond-expr","locations":[{"start":{"line":76,"column":38},"end":{"line":76,"column":60}},{"start":{"line":76,"column":63},"end":{"line":76,"column":87}}],"line":76},"12":{"loc":{"start":{"line":76,"column":9},"end":{"line":76,"column":35}},"type":"binary-expr","locations":[{"start":{"line":76,"column":9},"end":{"line":76,"column":20}},{"start":{"line":76,"column":24},"end":{"line":76,"column":35}}],"line":76},"13":{"loc":{"start":{"line":87,"column":13},"end":{"line":87,"column":52}},"type":"cond-expr","locations":[{"start":{"line":87,"column":19},"end":{"line":87,"column":44}},{"start":{"line":87,"column":47},"end":{"line":87,"column":52}}],"line":87},"14":{"loc":{"start":{"line":88,"column":13},"end":{"line":88,"column":57}},"type":"cond-expr","locations":[{"start":{"line":88,"column":21},"end":{"line":88,"column":49}},{"start":{"line":88,"column":52},"end":{"line":88,"column":57}}],"line":88},"15":{"loc":{"start":{"line":107,"column":37},"end":{"line":107,"column":100}},"type":"binary-expr","locations":[{"start":{"line":107,"column":37},"end":{"line":107,"column":41}},{"start":{"line":107,"column":45},"end":{"line":107,"column":100}}],"line":107},"16":{"loc":{"start":{"line":107,"column":77},"end":{"line":107,"column":99}},"type":"binary-expr","locations":[{"start":{"line":107,"column":77},"end":{"line":107,"column":83}},{"start":{"line":107,"column":87},"end":{"line":107,"column":99}}],"line":107},"17":{"loc":{"start":{"line":107,"column":102},"end":{"line":107,"column":124}},"type":"binary-expr","locations":[{"start":{"line":107,"column":102},"end":{"line":107,"column":108}},{"start":{"line":107,"column":112},"end":{"line":107,"column":124}}],"line":107},"18":{"loc":{"start":{"line":109,"column":49},"end":{"line":109,"column":71}},"type":"binary-expr","locations":[{"start":{"line":109,"column":49},"end":{"line":109,"column":55}},{"start":{"line":109,"column":59},"end":{"line":109,"column":71}}],"line":109},"19":{"loc":{"start":{"line":111,"column":49},"end":{"line":111,"column":71}},"type":"binary-expr","locations":[{"start":{"line":111,"column":49},"end":{"line":111,"column":55}},{"start":{"line":111,"column":59},"end":{"line":111,"column":71}}],"line":111},"20":{"loc":{"start":{"line":113,"column":20},"end":{"line":113,"column":402}},"type":"cond-expr","locations":[{"start":{"line":113,"column":192},"end":{"line":113,"column":197}},{"start":{"line":113,"column":200},"end":{"line":113,"column":402}}],"line":113},"21":{"loc":{"start":{"line":113,"column":36},"end":{"line":113,"column":116}},"type":"cond-expr","locations":[{"start":{"line":113,"column":46},"end":{"line":113,"column":81}},{"start":{"line":113,"column":84},"end":{"line":113,"column":116}}],"line":113},"22":{"loc":{"start":{"line":113,"column":118},"end":{"line":113,"column":188}},"type":"cond-expr","locations":[{"start":{"line":113,"column":128},"end":{"line":113,"column":158}},{"start":{"line":113,"column":161},"end":{"line":113,"column":188}}],"line":113},"23":{"loc":{"start":{"line":113,"column":200},"end":{"line":113,"column":402}},"type":"cond-expr","locations":[{"start":{"line":113,"column":243},"end":{"line":113,"column":248}},{"start":{"line":113,"column":251},"end":{"line":113,"column":402}}],"line":113},"24":{"loc":{"start":{"line":113,"column":200},"end":{"line":113,"column":240}},"type":"binary-expr","locations":[{"start":{"line":113,"column":200},"end":{"line":113,"column":207}},{"start":{"line":113,"column":211},"end":{"line":113,"column":240}}],"line":113},"25":{"loc":{"start":{"line":113,"column":251},"end":{"line":113,"column":402}},"type":"cond-expr","locations":[{"start":{"line":113,"column":295},"end":{"line":113,"column":303}},{"start":{"line":113,"column":306},"end":{"line":113,"column":402}}],"line":113},"26":{"loc":{"start":{"line":113,"column":251},"end":{"line":113,"column":292}},"type":"binary-expr","locations":[{"start":{"line":113,"column":251},"end":{"line":113,"column":258}},{"start":{"line":113,"column":262},"end":{"line":113,"column":292}}],"line":113},"27":{"loc":{"start":{"line":113,"column":306},"end":{"line":113,"column":402}},"type":"cond-expr","locations":[{"start":{"line":113,"column":316},"end":{"line":113,"column":351}},{"start":{"line":113,"column":354},"end":{"line":113,"column":402}}],"line":113},"28":{"loc":{"start":{"line":113,"column":354},"end":{"line":113,"column":402}},"type":"cond-expr","locations":[{"start":{"line":113,"column":364},"end":{"line":113,"column":394}},{"start":{"line":113,"column":397},"end":{"line":113,"column":402}}],"line":113},"29":{"loc":{"start":{"line":114,"column":17},"end":{"line":114,"column":90}},"type":"cond-expr","locations":[{"start":{"line":114,"column":24},"end":{"line":114,"column":76}},{"start":{"line":114,"column":79},"end":{"line":114,"column":90}}],"line":114},"30":{"loc":{"start":{"line":114,"column":53},"end":{"line":114,"column":75}},"type":"binary-expr","locations":[{"start":{"line":114,"column":53},"end":{"line":114,"column":59}},{"start":{"line":114,"column":63},"end":{"line":114,"column":75}}],"line":114},"31":{"loc":{"start":{"line":115,"column":16},"end":{"line":115,"column":88}},"type":"cond-expr","locations":[{"start":{"line":115,"column":26},"end":{"line":115,"column":81}},{"start":{"line":115,"column":84},"end":{"line":115,"column":88}}],"line":115},"32":{"loc":{"start":{"line":115,"column":58},"end":{"line":115,"column":80}},"type":"binary-expr","locations":[{"start":{"line":115,"column":58},"end":{"line":115,"column":64}},{"start":{"line":115,"column":68},"end":{"line":115,"column":80}}],"line":115},"33":{"loc":{"start":{"line":116,"column":18},"end":{"line":116,"column":90}},"type":"cond-expr","locations":[{"start":{"line":116,"column":28},"end":{"line":116,"column":83}},{"start":{"line":116,"column":86},"end":{"line":116,"column":90}}],"line":116},"34":{"loc":{"start":{"line":116,"column":60},"end":{"line":116,"column":82}},"type":"binary-expr","locations":[{"start":{"line":116,"column":60},"end":{"line":116,"column":66}},{"start":{"line":116,"column":70},"end":{"line":116,"column":82}}],"line":116},"35":{"loc":{"start":{"line":120,"column":11},"end":{"line":140,"column":14}},"type":"cond-expr","locations":[{"start":{"line":120,"column":36},"end":{"line":130,"column":14}},{"start":{"line":130,"column":17},"end":{"line":140,"column":14}}],"line":120},"36":{"loc":{"start":{"line":126,"column":15},"end":{"line":126,"column":65}},"type":"binary-expr","locations":[{"start":{"line":126,"column":15},"end":{"line":126,"column":26}},{"start":{"line":126,"column":30},"end":{"line":126,"column":41}},{"start":{"line":126,"column":45},"end":{"line":126,"column":65}}],"line":126},"37":{"loc":{"start":{"line":135,"column":15},"end":{"line":135,"column":65}},"type":"binary-expr","locations":[{"start":{"line":135,"column":15},"end":{"line":135,"column":26}},{"start":{"line":135,"column":30},"end":{"line":135,"column":41}},{"start":{"line":135,"column":45},"end":{"line":135,"column":65}}],"line":135}},"s":{"0":1,"1":1,"2":1,"3":1,"4":1,"5":1,"6":1,"7":1,"8":1,"9":1,"10":1,"11":1,"12":1,"13":11,"14":1,"15":1,"16":0,"17":1,"18":1,"19":1,"20":0,"21":1,"22":2,"23":2,"24":2,"25":1,"26":1,"27":1,"28":1,"29":1,"30":0,"31":0,"32":0,"33":0,"34":0,"35":1,"36":0,"37":0,"38":1,"39":0,"40":0,"41":0,"42":0,"43":0,"44":0,"45":0,"46":1,"47":0,"48":0,"49":0,"50":0,"51":0,"52":0,"53":0,"54":0,"55":0,"56":0,"57":0,"58":0,"59":0,"60":0,"61":0,"62":0,"63":0,"64":0,"65":0,"66":0,"67":0,"68":0,"69":0,"70":1,"71":1,"72":1},"f":{"0":11,"1":1,"2":0,"3":1,"4":0,"5":2,"6":0,"7":0,"8":0,"9":0,"10":0,"11":0,"12":0,"13":0,"14":0,"15":0,"16":0,"17":0},"b":{"0":[4,7],"1":[11,11],"2":[2,0],"3":[0,0],"4":[0,0],"5":[0,0],"6":[0,0],"7":[0,0],"8":[0,0],"9":[0,0],"10":[0,0],"11":[0,0],"12":[0,0],"13":[0,0],"14":[0,0],"15":[0,0],"16":[0,0],"17":[0,0],"18":[0,0],"19":[0,0],"20":[0,0],"21":[0,0],"22":[0,0],"23":[0,0],"24":[0,0],"25":[0,0],"26":[0,0],"27":[0,0],"28":[0,0],"29":[0,0],"30":[0,0],"31":[0,0],"32":[0,0],"33":[0,0],"34":[0,0],"35":[0,0],"36":[0,0,0],"37":[0,0,0]},"_coverageSchema":"43e27e138ebf9cfc5966b082cf9a028302ed4184","hash":"f9e1454e28d9d0265328917e29c9c9e31c5c4f9f"}
}
