TN:
SF:/Users/anurag.v/lab/react-modern-datepicker/lib/components/ModernDatepicker.js
FN:25,(anonymous_0)
FN:43,(anonymous_1)
FN:50,(anonymous_2)
FN:67,(anonymous_3)
FN:75,(anonymous_4)
FN:115,(anonymous_5)
FN:155,(anonymous_6)
FN:169,(anonymous_7)
FN:171,(anonymous_8)
FN:179,(anonymous_9)
FN:195,(anonymous_10)
FN:201,(anonymous_11)
FN:228,(anonymous_12)
FN:236,(anonymous_13)
FN:244,(anonymous_14)
FN:245,(anonymous_15)
FN:254,(anonymous_16)
FN:260,(anonymous_17)
FN:266,(anonymous_18)
FN:276,(anonymous_19)
FN:277,(anonymous_20)
FN:278,(anonymous_21)
FN:284,(anonymous_22)
FN:289,(anonymous_23)
FN:299,(anonymous_24)
FNF:25
FNH:8
FNDA:13,(anonymous_0)
FNDA:113,(anonymous_1)
FNDA:21,(anonymous_2)
FNDA:21,(anonymous_3)
FNDA:0,(anonymous_4)
FNDA:0,(anonymous_5)
FNDA:21,(anonymous_6)
FNDA:0,(anonymous_7)
FNDA:0,(anonymous_8)
FNDA:7,(anonymous_9)
FNDA:0,(anonymous_10)
FNDA:44,(anonymous_11)
FNDA:41,(anonymous_12)
FNDA:0,(anonymous_13)
FNDA:0,(anonymous_14)
FNDA:0,(anonymous_15)
FNDA:0,(anonymous_16)
FNDA:0,(anonymous_17)
FNDA:0,(anonymous_18)
FNDA:0,(anonymous_19)
FNDA:0,(anonymous_20)
FNDA:0,(anonymous_21)
FNDA:0,(anonymous_22)
FNDA:0,(anonymous_23)
FNDA:0,(anonymous_24)
DA:20,1
DA:21,1
DA:22,1
DA:23,1
DA:26,13
DA:27,13
DA:28,13
DA:29,13
DA:30,13
DA:39,13
DA:40,13
DA:44,113
DA:45,113
DA:46,113
DA:47,113
DA:51,21
DA:52,21
DA:53,21
DA:54,21
DA:55,21
DA:56,21
DA:57,21
DA:60,21
DA:61,21
DA:62,21
DA:63,21
DA:64,21
DA:68,21
DA:69,21
DA:70,7
DA:76,0
DA:77,0
DA:78,0
DA:79,0
DA:80,0
DA:81,0
DA:82,0
DA:83,0
DA:87,0
DA:88,0
DA:89,0
DA:90,0
DA:91,0
DA:92,0
DA:93,0
DA:94,0
DA:96,0
DA:99,0
DA:100,0
DA:101,0
DA:102,0
DA:103,0
DA:104,0
DA:105,0
DA:107,0
DA:109,0
DA:113,0
DA:116,0
DA:117,0
DA:118,0
DA:119,0
DA:120,0
DA:121,0
DA:122,0
DA:123,0
DA:126,0
DA:127,0
DA:128,0
DA:129,0
DA:130,0
DA:131,0
DA:132,0
DA:133,0
DA:135,0
DA:138,0
DA:139,0
DA:140,0
DA:141,0
DA:142,0
DA:143,0
DA:144,0
DA:146,0
DA:148,0
DA:152,0
DA:157,21
DA:158,21
DA:159,0
DA:161,21
DA:162,0
DA:165,21
DA:167,21
DA:170,0
DA:171,0
DA:172,0
DA:173,0
DA:180,7
DA:181,7
DA:182,0
DA:184,7
DA:185,0
DA:187,7
DA:188,7
DA:196,0
DA:202,44
DA:203,44
DA:204,44
DA:205,44
DA:206,44
DA:207,44
DA:208,44
DA:209,3
DA:211,41
DA:212,4
DA:214,37
DA:215,0
DA:217,37
DA:218,0
DA:220,37
DA:221,32
DA:224,5
DA:229,41
DA:230,41
DA:231,41
DA:232,41
DA:233,41
DA:234,41
DA:235,41
DA:236,0
DA:244,0
DA:245,0
DA:254,0
DA:260,0
DA:266,0
DA:276,0
DA:277,0
DA:278,0
DA:284,0
DA:289,0
DA:299,0
DA:313,1
LF:140
LH:63
BRDA:27,0,0,13
BRDA:27,0,1,8
BRDA:27,0,2,2
BRDA:27,0,3,2
BRDA:28,1,0,13
BRDA:28,1,1,5
BRDA:28,1,2,1
BRDA:28,1,3,1
BRDA:29,2,0,13
BRDA:29,2,1,5
BRDA:29,2,2,1
BRDA:29,2,3,1
BRDA:34,3,0,8
BRDA:34,3,1,5
BRDA:34,4,0,2
BRDA:34,4,1,6
BRDA:34,5,0,2
BRDA:34,5,1,0
BRDA:34,6,0,6
BRDA:34,6,1,0
BRDA:34,7,0,6
BRDA:34,7,1,0
BRDA:35,8,0,8
BRDA:35,8,1,5
BRDA:35,9,0,2
BRDA:35,9,1,6
BRDA:35,10,0,6
BRDA:35,10,1,0
BRDA:36,11,0,5
BRDA:36,11,1,8
BRDA:36,12,0,1
BRDA:36,12,1,4
BRDA:36,13,0,4
BRDA:36,13,1,0
BRDA:37,14,0,5
BRDA:37,14,1,8
BRDA:37,15,0,1
BRDA:37,15,1,4
BRDA:37,16,0,4
BRDA:37,16,1,0
BRDA:39,17,0,13
BRDA:39,17,1,5
BRDA:39,18,0,5
BRDA:39,18,1,0
BRDA:39,19,0,13
BRDA:39,19,1,0
BRDA:44,20,0,113
BRDA:44,20,1,89
BRDA:44,20,2,29
BRDA:44,20,3,29
BRDA:45,21,0,113
BRDA:45,21,1,37
BRDA:45,21,2,15
BRDA:45,21,3,15
BRDA:46,22,0,113
BRDA:46,22,1,37
BRDA:46,22,2,15
BRDA:46,22,3,15
BRDA:54,23,0,21
BRDA:54,23,1,1
BRDA:54,24,0,1
BRDA:54,24,1,0
BRDA:54,25,0,21
BRDA:54,25,1,0
BRDA:55,26,0,3
BRDA:55,26,1,18
BRDA:55,27,0,18
BRDA:55,27,1,0
BRDA:56,28,0,3
BRDA:56,28,1,18
BRDA:56,29,0,18
BRDA:56,29,1,0
BRDA:57,30,0,19
BRDA:57,30,1,2
BRDA:57,31,0,6
BRDA:57,31,1,15
BRDA:57,32,0,6
BRDA:57,32,1,15
BRDA:57,33,0,1
BRDA:57,33,1,1
BRDA:57,34,0,2
BRDA:57,34,1,2
BRDA:57,35,0,1
BRDA:57,35,1,0
BRDA:57,36,0,1
BRDA:57,36,1,1
BRDA:57,37,0,0
BRDA:57,37,1,0
BRDA:57,38,0,0
BRDA:57,38,1,0
BRDA:60,39,0,21
BRDA:60,39,1,1
BRDA:60,40,0,1
BRDA:60,40,1,0
BRDA:60,41,0,21
BRDA:60,41,1,0
BRDA:63,42,0,21
BRDA:63,42,1,0
BRDA:69,43,0,7
BRDA:69,43,1,14
BRDA:80,44,0,0
BRDA:80,44,1,0
BRDA:80,45,0,0
BRDA:80,45,1,0
BRDA:80,46,0,0
BRDA:80,46,1,0
BRDA:81,47,0,0
BRDA:81,47,1,0
BRDA:81,48,0,0
BRDA:81,48,1,0
BRDA:82,49,0,0
BRDA:82,49,1,0
BRDA:82,50,0,0
BRDA:82,50,1,0
BRDA:83,51,0,0
BRDA:83,51,1,0
BRDA:83,52,0,0
BRDA:83,52,1,0
BRDA:83,53,0,0
BRDA:83,53,1,0
BRDA:83,54,0,0
BRDA:83,54,1,0
BRDA:83,55,0,0
BRDA:83,55,1,0
BRDA:83,56,0,0
BRDA:83,56,1,0
BRDA:83,57,0,0
BRDA:83,57,1,0
BRDA:83,58,0,0
BRDA:83,58,1,0
BRDA:83,59,0,0
BRDA:83,59,1,0
BRDA:87,60,0,0
BRDA:87,60,1,0
BRDA:87,61,0,0
BRDA:87,61,1,0
BRDA:88,62,0,0
BRDA:88,62,1,0
BRDA:88,63,0,0
BRDA:88,63,1,0
BRDA:88,64,0,0
BRDA:88,64,1,0
BRDA:89,65,0,0
BRDA:89,65,1,0
BRDA:89,66,0,0
BRDA:89,66,1,0
BRDA:89,67,0,0
BRDA:89,67,1,0
BRDA:90,68,0,0
BRDA:90,68,1,0
BRDA:90,69,0,0
BRDA:90,69,1,0
BRDA:90,69,2,0
BRDA:90,69,3,0
BRDA:91,70,0,0
BRDA:91,70,1,0
BRDA:91,71,0,0
BRDA:91,71,1,0
BRDA:91,71,2,0
BRDA:91,71,3,0
BRDA:93,72,0,0
BRDA:93,72,1,0
BRDA:93,73,0,0
BRDA:93,73,1,0
BRDA:93,73,2,0
BRDA:93,73,3,0
BRDA:101,74,0,0
BRDA:101,74,1,0
BRDA:102,75,0,0
BRDA:102,75,1,0
BRDA:103,76,0,0
BRDA:103,76,1,0
BRDA:104,77,0,0
BRDA:104,77,1,0
BRDA:105,78,0,0
BRDA:105,78,1,0
BRDA:107,79,0,0
BRDA:107,79,1,0
BRDA:120,80,0,0
BRDA:120,80,1,0
BRDA:120,81,0,0
BRDA:120,81,1,0
BRDA:120,82,0,0
BRDA:120,82,1,0
BRDA:121,83,0,0
BRDA:121,83,1,0
BRDA:121,84,0,0
BRDA:121,84,1,0
BRDA:122,85,0,0
BRDA:122,85,1,0
BRDA:122,86,0,0
BRDA:122,86,1,0
BRDA:123,87,0,0
BRDA:123,87,1,0
BRDA:123,88,0,0
BRDA:123,88,1,0
BRDA:123,89,0,0
BRDA:123,89,1,0
BRDA:123,90,0,0
BRDA:123,90,1,0
BRDA:123,91,0,0
BRDA:123,91,1,0
BRDA:123,92,0,0
BRDA:123,92,1,0
BRDA:123,93,0,0
BRDA:123,93,1,0
BRDA:123,94,0,0
BRDA:123,94,1,0
BRDA:123,95,0,0
BRDA:123,95,1,0
BRDA:126,96,0,0
BRDA:126,96,1,0
BRDA:126,97,0,0
BRDA:126,97,1,0
BRDA:127,98,0,0
BRDA:127,98,1,0
BRDA:127,99,0,0
BRDA:127,99,1,0
BRDA:127,100,0,0
BRDA:127,100,1,0
BRDA:128,101,0,0
BRDA:128,101,1,0
BRDA:128,102,0,0
BRDA:128,102,1,0
BRDA:128,103,0,0
BRDA:128,103,1,0
BRDA:129,104,0,0
BRDA:129,104,1,0
BRDA:129,105,0,0
BRDA:129,105,1,0
BRDA:129,105,2,0
BRDA:129,105,3,0
BRDA:130,106,0,0
BRDA:130,106,1,0
BRDA:130,107,0,0
BRDA:130,107,1,0
BRDA:130,107,2,0
BRDA:130,107,3,0
BRDA:132,108,0,0
BRDA:132,108,1,0
BRDA:132,109,0,0
BRDA:132,109,1,0
BRDA:132,109,2,0
BRDA:132,109,3,0
BRDA:140,110,0,0
BRDA:140,110,1,0
BRDA:141,111,0,0
BRDA:141,111,1,0
BRDA:142,112,0,0
BRDA:142,112,1,0
BRDA:143,113,0,0
BRDA:143,113,1,0
BRDA:144,114,0,0
BRDA:144,114,1,0
BRDA:146,115,0,0
BRDA:146,115,1,0
BRDA:158,116,0,0
BRDA:158,116,1,21
BRDA:161,117,0,0
BRDA:161,117,1,21
BRDA:172,118,0,0
BRDA:172,118,1,0
BRDA:181,119,0,0
BRDA:181,119,1,7
BRDA:181,120,0,7
BRDA:181,120,1,0
BRDA:184,121,0,0
BRDA:184,121,1,7
BRDA:184,122,0,7
BRDA:184,122,1,7
BRDA:190,123,0,0
BRDA:190,123,1,7
BRDA:191,124,0,0
BRDA:191,124,1,7
BRDA:191,125,0,0
BRDA:191,125,1,0
BRDA:191,126,0,0
BRDA:191,126,1,0
BRDA:191,127,0,0
BRDA:191,127,1,0
BRDA:191,128,0,0
BRDA:191,128,1,0
BRDA:191,129,0,0
BRDA:191,129,1,0
BRDA:192,130,0,6
BRDA:192,130,1,1
BRDA:192,131,0,2
BRDA:192,131,1,4
BRDA:192,132,0,4
BRDA:192,132,1,0
BRDA:205,133,0,33
BRDA:205,133,1,11
BRDA:205,134,0,11
BRDA:205,134,1,22
BRDA:205,135,0,22
BRDA:205,135,1,0
BRDA:206,136,0,16
BRDA:206,136,1,28
BRDA:206,137,0,6
BRDA:206,137,1,10
BRDA:206,138,0,10
BRDA:206,138,1,0
BRDA:207,139,0,16
BRDA:207,139,1,28
BRDA:207,140,0,6
BRDA:207,140,1,10
BRDA:207,141,0,10
BRDA:207,141,1,0
BRDA:208,142,0,3
BRDA:208,142,1,41
BRDA:208,143,0,44
BRDA:208,143,1,43
BRDA:208,143,2,42
BRDA:211,144,0,4
BRDA:211,144,1,37
BRDA:211,145,0,41
BRDA:211,145,1,15
BRDA:211,145,2,15
BRDA:214,146,0,0
BRDA:214,146,1,37
BRDA:214,147,0,37
BRDA:214,147,1,32
BRDA:214,147,2,11
BRDA:217,148,0,0
BRDA:217,148,1,37
BRDA:217,149,0,37
BRDA:217,149,1,32
BRDA:217,149,2,11
BRDA:220,150,0,32
BRDA:220,150,1,5
BRDA:221,151,0,11
BRDA:221,151,1,21
BRDA:221,152,0,11
BRDA:221,152,1,0
BRDA:221,153,0,21
BRDA:221,153,1,0
BRDA:221,154,0,21
BRDA:221,154,1,0
BRDA:230,155,0,41
BRDA:230,156,0,41
BRDA:230,157,0,41
BRDA:230,158,0,41
BRDA:232,159,0,13
BRDA:232,159,1,28
BRDA:232,160,0,5
BRDA:232,160,1,8
BRDA:232,161,0,5
BRDA:232,161,1,0
BRDA:232,162,0,8
BRDA:232,162,1,0
BRDA:232,163,0,8
BRDA:232,163,1,0
BRDA:233,164,0,13
BRDA:233,164,1,28
BRDA:233,165,0,5
BRDA:233,165,1,8
BRDA:233,166,0,5
BRDA:233,166,1,0
BRDA:233,167,0,8
BRDA:233,167,1,0
BRDA:233,168,0,8
BRDA:233,168,1,0
BRDA:237,169,0,41
BRDA:237,169,1,0
BRDA:251,170,0,41
BRDA:251,170,1,0
BRDA:256,171,0,41
BRDA:256,171,1,0
BRDA:256,171,2,0
BRDA:256,171,3,0
BRDA:256,171,4,0
BRDA:256,172,0,0
BRDA:256,172,1,0
BRF:373
BRH:155
end_of_record
TN:
SF:/Users/anurag.v/lab/react-modern-datepicker/lib/elements/CalendarBody.js
FN:8,(anonymous_0)
FN:17,(anonymous_1)
FN:28,(anonymous_2)
FN:39,(anonymous_3)
FNF:4
FNH:0
FNDA:0,(anonymous_0)
FNDA:0,(anonymous_1)
FNDA:0,(anonymous_2)
FNDA:0,(anonymous_3)
DA:8,1
DA:9,0
DA:10,0
DA:17,0
DA:28,0
DA:39,0
DA:50,1
LF:7
LH:2
BRDA:12,0,0,0
BRDA:12,0,1,0
BRDA:23,1,0,0
BRDA:23,1,1,0
BRDA:34,2,0,0
BRDA:34,2,1,0
BRF:6
BRH:0
end_of_record
TN:
SF:/Users/anurag.v/lab/react-modern-datepicker/lib/elements/CalendarContainer.js
FN:14,(anonymous_0)
FNF:1
FNH:0
FNDA:0,(anonymous_0)
DA:2,1
DA:14,0
LF:2
LH:1
BRF:0
BRH:0
end_of_record
TN:
SF:/Users/anurag.v/lab/react-modern-datepicker/lib/elements/CalendarHeading.js
FN:8,(anonymous_0)
FNF:1
FNH:0
FNDA:0,(anonymous_0)
DA:2,1
DA:8,0
LF:2
LH:1
BRF:0
BRH:0
end_of_record
TN:
SF:/Users/anurag.v/lab/react-modern-datepicker/lib/elements/Container.js
FNF:0
FNH:0
DA:2,1
LF:1
LH:1
BRF:0
BRH:0
end_of_record
TN:
SF:/Users/anurag.v/lab/react-modern-datepicker/lib/elements/DateEditor.js
FN:16,(anonymous_0)
FN:26,(anonymous_1)
FN:31,(anonymous_2)
FN:35,(anonymous_3)
FNF:4
FNH:0
FNDA:0,(anonymous_0)
FNDA:0,(anonymous_1)
FNDA:0,(anonymous_2)
FNDA:0,(anonymous_3)
DA:9,1
DA:10,1
DA:11,1
DA:12,1
DA:13,1
DA:16,0
DA:25,1
DA:26,0
DA:29,1
DA:31,0
DA:35,1
DA:36,0
DA:37,0
DA:38,0
DA:39,0
DA:40,0
DA:41,0
DA:42,0
DA:43,0
DA:44,0
DA:70,1
LF:21
LH:9
BRDA:37,0,0,0
BRDA:37,0,1,0
BRDA:37,1,0,0
BRDA:37,1,1,0
BRDA:37,2,0,0
BRDA:37,2,1,0
BRDA:38,3,0,0
BRDA:38,3,1,0
BRDA:39,4,0,0
BRDA:39,4,1,0
BRDA:40,5,0,0
BRDA:40,5,1,0
BRDA:40,6,0,0
BRDA:40,6,1,0
BRDA:40,7,0,0
BRDA:40,7,1,0
BRDA:40,8,0,0
BRDA:40,8,1,0
BRDA:40,9,0,0
BRDA:40,9,1,0
BRDA:40,10,0,0
BRDA:40,10,1,0
BRDA:40,11,0,0
BRDA:40,11,1,0
BRDA:40,12,0,0
BRDA:40,12,1,0
BRDA:40,13,0,0
BRDA:40,13,1,0
BRDA:41,14,0,0
BRDA:41,14,1,0
BRDA:41,15,0,0
BRDA:41,15,1,0
BRDA:42,16,0,0
BRDA:42,16,1,0
BRDA:42,17,0,0
BRDA:42,17,1,0
BRDA:43,18,0,0
BRDA:43,18,1,0
BRDA:43,19,0,0
BRDA:43,19,1,0
BRDA:46,20,0,0
BRDA:46,20,1,0
BRDA:53,21,0,0
BRDA:53,21,1,0
BRDA:60,22,0,0
BRDA:60,22,1,0
BRF:46
BRH:0
end_of_record
TN:
SF:/Users/anurag.v/lab/react-modern-datepicker/lib/elements/DateView.js
FN:23,(anonymous_0)
FN:24,(anonymous_1)
FN:25,(anonymous_2)
FN:26,(anonymous_3)
FN:27,(anonymous_4)
FN:30,(anonymous_5)
FN:31,(anonymous_6)
FN:35,(anonymous_7)
FN:41,(anonymous_8)
FN:50,(anonymous_9)
FN:91,(anonymous_10)
FN:93,(anonymous_11)
FN:99,(anonymous_12)
FN:107,(anonymous_13)
FNF:14
FNH:0
FNDA:0,(anonymous_0)
FNDA:0,(anonymous_1)
FNDA:0,(anonymous_2)
FNDA:0,(anonymous_3)
FNDA:0,(anonymous_4)
FNDA:0,(anonymous_5)
FNDA:0,(anonymous_6)
FNDA:0,(anonymous_7)
FNDA:0,(anonymous_8)
FNDA:0,(anonymous_9)
FNDA:0,(anonymous_10)
FNDA:0,(anonymous_11)
FNDA:0,(anonymous_12)
FNDA:0,(anonymous_13)
DA:14,1
DA:15,1
DA:16,1
DA:17,1
DA:19,1
DA:23,0
DA:24,0
DA:25,0
DA:26,0
DA:27,0
DA:29,1
DA:30,0
DA:31,0
DA:35,0
DA:37,1
DA:41,0
DA:44,1
DA:50,1
DA:51,0
DA:52,0
DA:53,0
DA:54,0
DA:55,0
DA:56,0
DA:57,0
DA:58,0
DA:59,0
DA:60,0
DA:61,0
DA:62,0
DA:63,0
DA:64,0
DA:70,0
DA:71,0
DA:72,0
DA:74,0
DA:75,0
DA:76,0
DA:77,0
DA:78,0
DA:80,0
DA:92,0
DA:94,0
DA:99,0
DA:107,0
DA:120,1
LF:46
LH:10
BRDA:23,0,0,0
BRDA:23,0,1,0
BRDA:23,1,0,0
BRDA:23,1,1,0
BRDA:24,2,0,0
BRDA:24,2,1,0
BRDA:24,3,0,0
BRDA:24,3,1,0
BRDA:25,4,0,0
BRDA:25,4,1,0
BRDA:25,5,0,0
BRDA:25,5,1,0
BRDA:27,6,0,0
BRDA:27,6,1,0
BRDA:27,7,0,0
BRDA:27,7,1,0
BRDA:31,8,0,0
BRDA:31,8,1,0
BRDA:31,9,0,0
BRDA:31,9,1,0
BRDA:35,10,0,0
BRDA:35,10,1,0
BRDA:35,11,0,0
BRDA:35,11,1,0
BRDA:52,12,0,0
BRDA:52,12,1,0
BRDA:52,13,0,0
BRDA:52,13,1,0
BRDA:52,14,0,0
BRDA:52,14,1,0
BRDA:53,15,0,0
BRDA:53,15,1,0
BRDA:54,16,0,0
BRDA:54,16,1,0
BRDA:55,17,0,0
BRDA:55,17,1,0
BRDA:55,18,0,0
BRDA:55,18,1,0
BRDA:55,19,0,0
BRDA:55,19,1,0
BRDA:55,20,0,0
BRDA:55,20,1,0
BRDA:55,21,0,0
BRDA:55,21,1,0
BRDA:55,22,0,0
BRDA:55,22,1,0
BRDA:55,23,0,0
BRDA:55,23,1,0
BRDA:55,24,0,0
BRDA:55,24,1,0
BRDA:55,25,0,0
BRDA:55,25,1,0
BRDA:56,26,0,0
BRDA:56,26,1,0
BRDA:56,27,0,0
BRDA:56,27,1,0
BRDA:57,28,0,0
BRDA:57,28,1,0
BRDA:57,29,0,0
BRDA:57,29,1,0
BRDA:58,30,0,0
BRDA:58,30,1,0
BRDA:58,31,0,0
BRDA:58,31,1,0
BRDA:66,32,0,0
BRDA:66,32,1,0
BRDA:67,33,0,0
BRDA:67,33,1,0
BRDA:95,34,0,0
BRDA:95,34,1,0
BRDA:95,35,0,0
BRDA:95,35,1,0
BRDA:99,36,0,0
BRDA:99,36,1,0
BRDA:99,36,2,0
BRDA:103,37,0,0
BRDA:103,37,1,0
BRDA:107,38,0,0
BRDA:107,38,1,0
BRDA:107,38,2,0
BRDA:111,39,0,0
BRDA:111,39,1,0
BRF:82
BRH:0
end_of_record
TN:
SF:/Users/anurag.v/lab/react-modern-datepicker/lib/elements/DoubleArrow.js
FN:6,(anonymous_0)
FN:16,(anonymous_1)
FN:18,(anonymous_2)
FN:24,(anonymous_3)
FN:25,(anonymous_4)
FN:26,(anonymous_5)
FN:27,(anonymous_6)
FN:28,(anonymous_7)
FNF:8
FNH:0
FNDA:0,(anonymous_0)
FNDA:0,(anonymous_1)
FNDA:0,(anonymous_2)
FNDA:0,(anonymous_3)
FNDA:0,(anonymous_4)
FNDA:0,(anonymous_5)
FNDA:0,(anonymous_6)
FNDA:0,(anonymous_7)
DA:2,1
DA:6,0
DA:16,0
DA:18,0
DA:24,0
DA:25,0
DA:26,0
DA:27,0
DA:28,0
LF:9
LH:1
BRDA:16,0,0,0
BRDA:16,0,1,0
BRDA:26,1,0,0
BRDA:26,1,1,0
BRDA:27,2,0,0
BRDA:27,2,1,0
BRDA:28,3,0,0
BRDA:28,3,1,0
BRF:8
BRH:0
end_of_record
TN:
SF:/Users/anurag.v/lab/react-modern-datepicker/lib/elements/Header.js
FNF:0
FNH:0
DA:2,1
LF:1
LH:1
BRF:0
BRH:0
end_of_record
TN:
SF:/Users/anurag.v/lab/react-modern-datepicker/lib/elements/Icon.js
FN:15,(anonymous_0)
FNF:1
FNH:0
FNDA:0,(anonymous_0)
DA:5,1
DA:15,1
DA:16,0
DA:24,1
LF:4
LH:3
BRF:0
BRH:0
end_of_record
TN:
SF:/Users/anurag.v/lab/react-modern-datepicker/lib/elements/Input.js
FN:10,(anonymous_0)
FN:18,(anonymous_1)
FNF:2
FNH:2
FNDA:1,(anonymous_0)
FNDA:1,(anonymous_1)
DA:5,1
DA:10,1
DA:18,1
DA:19,1
DA:27,1
LF:5
LH:5
BRDA:10,0,0,0
BRDA:10,0,1,1
BRF:2
BRH:1
end_of_record
TN:
SF:/Users/anurag.v/lab/react-modern-datepicker/lib/elements/Label.js
FN:8,(anonymous_0)
FNF:1
FNH:0
FNDA:0,(anonymous_0)
DA:4,1
DA:8,1
DA:9,0
DA:17,1
LF:4
LH:3
BRF:0
BRH:0
end_of_record
TN:
SF:/Users/anurag.v/lab/react-modern-datepicker/lib/elements/MonthView.js
FN:20,(anonymous_0)
FN:21,(anonymous_1)
FN:22,(anonymous_2)
FN:23,(anonymous_3)
FN:24,(anonymous_4)
FN:28,(anonymous_5)
FN:29,(anonymous_6)
FN:33,(anonymous_7)
FN:55,(anonymous_8)
FN:61,(anonymous_9)
FN:69,(anonymous_10)
FNF:11
FNH:0
FNDA:0,(anonymous_0)
FNDA:0,(anonymous_1)
FNDA:0,(anonymous_2)
FNDA:0,(anonymous_3)
FNDA:0,(anonymous_4)
FNDA:0,(anonymous_5)
FNDA:0,(anonymous_6)
FNDA:0,(anonymous_7)
FNDA:0,(anonymous_8)
FNDA:0,(anonymous_9)
FNDA:0,(anonymous_10)
DA:13,1
DA:14,1
DA:15,1
DA:16,1
DA:18,1
DA:20,0
DA:21,0
DA:22,0
DA:23,0
DA:24,0
DA:27,1
DA:28,0
DA:29,0
DA:33,1
DA:34,0
DA:35,0
DA:36,0
DA:37,0
DA:38,0
DA:39,0
DA:40,0
DA:41,0
DA:42,0
DA:43,0
DA:44,0
DA:45,0
DA:46,0
DA:52,0
DA:56,0
DA:61,0
DA:69,0
DA:81,1
LF:32
LH:8
BRDA:20,0,0,0
BRDA:20,0,1,0
BRDA:20,1,0,0
BRDA:20,1,1,0
BRDA:21,2,0,0
BRDA:21,2,1,0
BRDA:21,3,0,0
BRDA:21,3,1,0
BRDA:22,4,0,0
BRDA:22,4,1,0
BRDA:22,5,0,0
BRDA:22,5,1,0
BRDA:24,6,0,0
BRDA:24,6,1,0
BRDA:24,7,0,0
BRDA:24,7,1,0
BRDA:29,8,0,0
BRDA:29,8,1,0
BRDA:29,9,0,0
BRDA:29,9,1,0
BRDA:35,10,0,0
BRDA:35,10,1,0
BRDA:35,11,0,0
BRDA:35,11,1,0
BRDA:35,12,0,0
BRDA:35,12,1,0
BRDA:36,13,0,0
BRDA:36,13,1,0
BRDA:37,14,0,0
BRDA:37,14,1,0
BRDA:38,15,0,0
BRDA:38,15,1,0
BRDA:38,16,0,0
BRDA:38,16,1,0
BRDA:38,17,0,0
BRDA:38,17,1,0
BRDA:38,18,0,0
BRDA:38,18,1,0
BRDA:38,19,0,0
BRDA:38,19,1,0
BRDA:38,20,0,0
BRDA:38,20,1,0
BRDA:38,21,0,0
BRDA:38,21,1,0
BRDA:38,22,0,0
BRDA:38,22,1,0
BRDA:38,23,0,0
BRDA:38,23,1,0
BRDA:39,24,0,0
BRDA:39,24,1,0
BRDA:39,25,0,0
BRDA:39,25,1,0
BRDA:40,26,0,0
BRDA:40,26,1,0
BRDA:40,27,0,0
BRDA:40,27,1,0
BRDA:41,28,0,0
BRDA:41,28,1,0
BRDA:41,29,0,0
BRDA:41,29,1,0
BRDA:48,30,0,0
BRDA:48,30,1,0
BRDA:49,31,0,0
BRDA:49,31,1,0
BRDA:57,32,0,0
BRDA:57,32,1,0
BRDA:61,33,0,0
BRDA:61,33,1,0
BRDA:61,33,2,0
BRDA:69,34,0,0
BRDA:69,34,1,0
BRDA:69,34,2,0
BRF:72
BRH:0
end_of_record
TN:
SF:/Users/anurag.v/lab/react-modern-datepicker/lib/elements/SingleArrow.js
FN:6,(anonymous_0)
FN:17,(anonymous_1)
FN:18,(anonymous_2)
FN:23,(anonymous_3)
FN:26,(anonymous_4)
FN:27,(anonymous_5)
FN:28,(anonymous_6)
FN:29,(anonymous_7)
FN:30,(anonymous_8)
FNF:9
FNH:0
FNDA:0,(anonymous_0)
FNDA:0,(anonymous_1)
FNDA:0,(anonymous_2)
FNDA:0,(anonymous_3)
FNDA:0,(anonymous_4)
FNDA:0,(anonymous_5)
FNDA:0,(anonymous_6)
FNDA:0,(anonymous_7)
FNDA:0,(anonymous_8)
DA:2,1
DA:6,0
DA:17,0
DA:18,0
DA:23,0
DA:26,0
DA:27,0
DA:28,0
DA:29,0
DA:30,0
LF:10
LH:1
BRDA:18,0,0,0
BRDA:18,0,1,0
BRDA:23,1,0,0
BRDA:23,1,1,0
BRDA:28,2,0,0
BRDA:28,2,1,0
BRDA:29,3,0,0
BRDA:29,3,1,0
BRDA:30,4,0,0
BRDA:30,4,1,0
BRF:10
BRH:0
end_of_record
TN:
SF:/Users/anurag.v/lab/react-modern-datepicker/lib/elements/Span.js
FNF:0
FNH:0
DA:2,1
LF:1
LH:1
BRF:0
BRH:0
end_of_record
TN:
SF:/Users/anurag.v/lab/react-modern-datepicker/lib/elements/Wrapper.js
FN:10,(anonymous_0)
FNF:1
FNH:0
FNDA:0,(anonymous_0)
DA:2,1
DA:6,1
DA:10,0
LF:3
LH:2
BRF:0
BRH:0
end_of_record
TN:
SF:/Users/anurag.v/lab/react-modern-datepicker/lib/elements/YearView.js
FN:20,(anonymous_0)
FN:21,(anonymous_1)
FN:22,(anonymous_2)
FN:23,(anonymous_3)
FN:24,(anonymous_4)
FN:27,(anonymous_5)
FN:28,(anonymous_6)
FN:32,(anonymous_7)
FN:45,(anonymous_8)
FN:59,(anonymous_9)
FN:65,(anonymous_10)
FN:73,(anonymous_11)
FNF:12
FNH:0
FNDA:0,(anonymous_0)
FNDA:0,(anonymous_1)
FNDA:0,(anonymous_2)
FNDA:0,(anonymous_3)
FNDA:0,(anonymous_4)
FNDA:0,(anonymous_5)
FNDA:0,(anonymous_6)
FNDA:0,(anonymous_7)
FNDA:0,(anonymous_8)
FNDA:0,(anonymous_9)
FNDA:0,(anonymous_10)
FNDA:0,(anonymous_11)
DA:12,1
DA:13,1
DA:14,1
DA:15,1
DA:18,1
DA:20,0
DA:21,0
DA:22,0
DA:23,0
DA:24,0
DA:26,1
DA:27,0
DA:28,0
DA:32,1
DA:33,0
DA:34,0
DA:35,0
DA:36,0
DA:37,0
DA:43,0
DA:45,1
DA:46,0
DA:47,0
DA:48,0
DA:49,0
DA:50,0
DA:51,0
DA:52,0
DA:53,0
DA:54,0
DA:55,0
DA:56,0
DA:60,0
DA:65,0
DA:73,0
DA:84,1
LF:36
LH:9
BRDA:20,0,0,0
BRDA:20,0,1,0
BRDA:20,1,0,0
BRDA:20,1,1,0
BRDA:21,2,0,0
BRDA:21,2,1,0
BRDA:21,3,0,0
BRDA:21,3,1,0
BRDA:22,4,0,0
BRDA:22,4,1,0
BRDA:22,5,0,0
BRDA:22,5,1,0
BRDA:24,6,0,0
BRDA:24,6,1,0
BRDA:24,7,0,0
BRDA:24,7,1,0
BRDA:28,8,0,0
BRDA:28,8,1,0
BRDA:28,9,0,0
BRDA:28,9,1,0
BRDA:39,10,0,0
BRDA:39,10,1,0
BRDA:40,11,0,0
BRDA:40,11,1,0
BRDA:47,12,0,0
BRDA:47,12,1,0
BRDA:47,13,0,0
BRDA:47,13,1,0
BRDA:47,14,0,0
BRDA:47,14,1,0
BRDA:48,15,0,0
BRDA:48,15,1,0
BRDA:49,16,0,0
BRDA:49,16,1,0
BRDA:50,17,0,0
BRDA:50,17,1,0
BRDA:50,18,0,0
BRDA:50,18,1,0
BRDA:50,19,0,0
BRDA:50,19,1,0
BRDA:50,20,0,0
BRDA:50,20,1,0
BRDA:50,21,0,0
BRDA:50,21,1,0
BRDA:50,22,0,0
BRDA:50,22,1,0
BRDA:50,23,0,0
BRDA:50,23,1,0
BRDA:50,24,0,0
BRDA:50,24,1,0
BRDA:50,25,0,0
BRDA:50,25,1,0
BRDA:51,26,0,0
BRDA:51,26,1,0
BRDA:51,27,0,0
BRDA:51,27,1,0
BRDA:52,28,0,0
BRDA:52,28,1,0
BRDA:52,29,0,0
BRDA:52,29,1,0
BRDA:53,30,0,0
BRDA:53,30,1,0
BRDA:53,31,0,0
BRDA:53,31,1,0
BRDA:61,32,0,0
BRDA:61,32,1,0
BRDA:65,33,0,0
BRDA:65,33,1,0
BRDA:65,33,2,0
BRDA:73,34,0,0
BRDA:73,34,1,0
BRDA:73,34,2,0
BRF:72
BRH:0
end_of_record
