TN:
SF:/Users/anurag.v/projects/lab/react-modern-datepicker/build/components/ModernDatepicker.js
FN:42,_interopRequireDefault
FN:44,_interopRequireWildcard
FN:46,_typeof
FN:46,_typeof
FN:46,_typeof
FN:48,_classCallCheck
FN:50,_defineProperties
FN:52,_createClass
FN:54,_possibleConstructorReturn
FN:56,_getPrototypeOf
FN:56,_getPrototypeOf
FN:58,_assertThisInitialized
FN:60,_inherits
FN:62,_setPrototypeOf
FN:62,_setPrototypeOf
FN:74,(anonymous_15)
FN:77,ModernDatepicker
FN:100,handleDateChange
FN:132,addDate
FN:186,subDate
FN:240,getNewYearBlock
FN:256,onBlur
FN:260,(anonymous_22)
FN:268,toggleCalendar
FN:290,openViewFor
FN:297,checkAndReturnDate
FN:329,render
FN:360,onBlur
FN:369,onChange
FN:372,onFocus
FN:382,onClick
FN:391,onClick
FN:398,onClick
FN:409,onDateClick
FN:412,onMonthClick
FN:415,onYearClick
FN:422,onClick
FN:428,onClick
FN:438,onChange
FNF:39
FNH:17
FNDA:16,_interopRequireDefault
FNDA:1,_interopRequireWildcard
FNDA:0,_typeof
FNDA:0,_typeof
FNDA:0,_typeof
FNDA:11,_classCallCheck
FNDA:1,_defineProperties
FNDA:1,_createClass
FNDA:11,_possibleConstructorReturn
FNDA:1,_getPrototypeOf
FNDA:0,_getPrototypeOf
FNDA:22,_assertThisInitialized
FNDA:1,_inherits
FNDA:1,_setPrototypeOf
FNDA:0,_setPrototypeOf
FNDA:1,(anonymous_15)
FNDA:11,ModernDatepicker
FNDA:15,handleDateChange
FNDA:0,addDate
FNDA:0,subDate
FNDA:15,getNewYearBlock
FNDA:0,onBlur
FNDA:0,(anonymous_22)
FNDA:5,toggleCalendar
FNDA:0,openViewFor
FNDA:33,checkAndReturnDate
FNDA:31,render
FNDA:0,onBlur
FNDA:0,onChange
FNDA:0,onFocus
FNDA:0,onClick
FNDA:0,onClick
FNDA:0,onClick
FNDA:0,onDateClick
FNDA:0,onMonthClick
FNDA:0,onYearClick
FNDA:0,onClick
FNDA:0,onClick
FNDA:0,onChange
DA:3,1
DA:6,1
DA:8,1
DA:10,1
DA:12,1
DA:14,1
DA:16,1
DA:18,1
DA:20,1
DA:22,1
DA:24,1
DA:26,1
DA:28,1
DA:30,1
DA:32,1
DA:34,1
DA:36,1
DA:38,1
DA:40,1
DA:42,16
DA:44,29
DA:46,0
DA:48,11
DA:50,9
DA:52,1
DA:54,11
DA:56,1
DA:58,22
DA:60,1
DA:62,1
DA:64,1
DA:66,1
DA:68,1
DA:70,1
DA:74,1
DA:75,1
DA:80,11
DA:82,11
DA:83,11
DA:94,11
DA:95,11
DA:98,1
DA:101,15
DA:102,15
DA:103,15
DA:104,15
DA:105,15
DA:106,15
DA:109,15
DA:111,15
DA:113,15
DA:115,15
DA:116,15
DA:117,15
DA:118,15
DA:119,15
DA:120,15
DA:124,15
DA:126,15
DA:127,5
DA:133,0
DA:134,0
DA:135,0
DA:136,0
DA:137,0
DA:138,0
DA:139,0
DA:140,0
DA:141,0
DA:142,0
DA:145,0
DA:147,0
DA:149,0
DA:151,0
DA:152,0
DA:153,0
DA:154,0
DA:156,0
DA:157,0
DA:158,0
DA:159,0
DA:160,0
DA:162,0
DA:166,0
DA:167,0
DA:168,0
DA:170,0
DA:171,0
DA:172,0
DA:173,0
DA:175,0
DA:178,0
DA:182,0
DA:187,0
DA:188,0
DA:189,0
DA:190,0
DA:191,0
DA:192,0
DA:193,0
DA:194,0
DA:195,0
DA:196,0
DA:199,0
DA:201,0
DA:203,0
DA:205,0
DA:206,0
DA:207,0
DA:208,0
DA:210,0
DA:211,0
DA:212,0
DA:213,0
DA:214,0
DA:216,0
DA:220,0
DA:221,0
DA:222,0
DA:224,0
DA:225,0
DA:226,0
DA:227,0
DA:229,0
DA:232,0
DA:236,0
DA:242,15
DA:244,15
DA:245,0
DA:246,15
DA:247,0
DA:249,15
DA:252,15
DA:257,0
DA:259,0
DA:260,0
DA:261,0
DA:262,0
DA:269,5
DA:270,5
DA:271,5
DA:272,5
DA:273,5
DA:275,5
DA:276,0
DA:277,5
DA:278,0
DA:281,5
DA:291,0
DA:298,33
DA:299,33
DA:300,33
DA:301,33
DA:302,33
DA:303,33
DA:304,33
DA:305,33
DA:306,33
DA:307,33
DA:308,33
DA:309,33
DA:310,33
DA:312,33
DA:313,3
DA:314,30
DA:315,4
DA:316,26
DA:317,0
DA:318,26
DA:319,0
DA:320,26
DA:322,21
DA:324,5
DA:330,31
DA:332,31
DA:333,31
DA:334,31
DA:335,31
DA:336,31
DA:337,31
DA:338,31
DA:339,31
DA:340,31
DA:341,31
DA:342,31
DA:343,31
DA:344,31
DA:345,31
DA:346,31
DA:347,31
DA:348,31
DA:349,31
DA:350,31
DA:351,31
DA:352,31
DA:353,31
DA:354,31
DA:355,31
DA:356,31
DA:357,31
DA:358,31
DA:359,31
DA:361,0
DA:370,0
DA:373,0
DA:383,0
DA:392,0
DA:399,0
DA:410,0
DA:413,0
DA:416,0
DA:423,0
DA:429,0
DA:439,0
DA:451,1
DA:454,1
DA:475,1
DA:476,1
LF:218
LH:127
BRDA:42,0,0,10
BRDA:42,0,1,6
BRDA:42,1,0,16
BRDA:42,1,1,16
BRDA:44,2,0,0
BRDA:44,2,1,1
BRDA:44,3,0,1
BRDA:44,3,1,1
BRDA:44,4,0,1
BRDA:44,4,1,0
BRDA:44,5,0,29
BRDA:44,5,1,0
BRDA:44,6,0,29
BRDA:44,6,1,0
BRDA:44,7,0,29
BRDA:44,7,1,29
BRDA:44,8,0,0
BRDA:44,8,1,29
BRDA:44,9,0,29
BRDA:44,9,1,29
BRDA:46,10,0,0
BRDA:46,10,1,0
BRDA:46,11,0,0
BRDA:46,11,1,0
BRDA:46,12,0,0
BRDA:46,12,1,0
BRDA:46,13,0,0
BRDA:46,13,1,0
BRDA:46,13,2,0
BRDA:46,13,3,0
BRDA:48,14,0,0
BRDA:48,14,1,11
BRDA:50,15,0,9
BRDA:50,15,1,9
BRDA:50,16,0,9
BRDA:50,16,1,0
BRDA:52,17,0,1
BRDA:52,17,1,0
BRDA:52,18,0,0
BRDA:52,18,1,1
BRDA:54,19,0,0
BRDA:54,19,1,11
BRDA:54,20,0,11
BRDA:54,20,1,0
BRDA:54,20,2,0
BRDA:56,21,0,1
BRDA:56,21,1,0
BRDA:56,22,0,0
BRDA:56,22,1,0
BRDA:58,23,0,0
BRDA:58,23,1,22
BRDA:60,24,0,0
BRDA:60,24,1,1
BRDA:60,25,0,1
BRDA:60,25,1,0
BRDA:60,26,0,1
BRDA:60,26,1,1
BRDA:60,27,0,1
BRDA:60,27,1,0
BRDA:62,28,0,1
BRDA:62,28,1,0
BRDA:89,29,0,6
BRDA:89,29,1,5
BRDA:89,30,0,6
BRDA:89,30,1,0
BRDA:89,31,0,6
BRDA:89,31,1,0
BRDA:90,32,0,6
BRDA:90,32,1,5
BRDA:90,33,0,6
BRDA:90,33,1,0
BRDA:91,34,0,4
BRDA:91,34,1,7
BRDA:91,35,0,4
BRDA:91,35,1,0
BRDA:92,36,0,4
BRDA:92,36,1,7
BRDA:92,37,0,4
BRDA:92,37,1,0
BRDA:109,38,0,15
BRDA:109,38,1,1
BRDA:109,39,0,1
BRDA:109,39,1,0
BRDA:109,40,0,15
BRDA:109,40,1,0
BRDA:111,41,0,15
BRDA:111,41,1,0
BRDA:113,42,0,15
BRDA:113,42,1,0
BRDA:115,43,0,13
BRDA:115,43,1,2
BRDA:115,44,0,3
BRDA:115,44,1,12
BRDA:115,45,0,3
BRDA:115,45,1,12
BRDA:115,46,0,1
BRDA:115,46,1,1
BRDA:115,47,0,2
BRDA:115,47,1,2
BRDA:115,48,0,1
BRDA:115,48,1,0
BRDA:115,49,0,1
BRDA:115,49,1,1
BRDA:115,50,0,0
BRDA:115,50,1,0
BRDA:115,51,0,0
BRDA:115,51,1,0
BRDA:116,52,0,15
BRDA:116,52,1,1
BRDA:116,53,0,1
BRDA:116,53,1,0
BRDA:116,54,0,15
BRDA:116,54,1,0
BRDA:119,55,0,15
BRDA:119,55,1,0
BRDA:126,56,0,5
BRDA:126,56,1,10
BRDA:145,57,0,0
BRDA:145,57,1,0
BRDA:145,58,0,0
BRDA:145,58,1,0
BRDA:145,59,0,0
BRDA:145,59,1,0
BRDA:147,60,0,0
BRDA:147,60,1,0
BRDA:149,61,0,0
BRDA:149,61,1,0
BRDA:151,62,0,0
BRDA:151,62,1,0
BRDA:151,63,0,0
BRDA:151,63,1,0
BRDA:151,64,0,0
BRDA:151,64,1,0
BRDA:151,65,0,0
BRDA:151,65,1,0
BRDA:151,66,0,0
BRDA:151,66,1,0
BRDA:151,67,0,0
BRDA:151,67,1,0
BRDA:151,68,0,0
BRDA:151,68,1,0
BRDA:151,69,0,0
BRDA:151,69,1,0
BRDA:151,70,0,0
BRDA:151,70,1,0
BRDA:152,71,0,0
BRDA:152,71,1,0
BRDA:152,72,0,0
BRDA:152,72,1,0
BRDA:153,73,0,0
BRDA:153,73,1,0
BRDA:153,74,0,0
BRDA:153,74,1,0
BRDA:154,75,0,0
BRDA:154,75,1,0
BRDA:154,76,0,0
BRDA:154,76,1,0
BRDA:156,77,0,0
BRDA:156,77,1,0
BRDA:156,78,0,0
BRDA:156,78,1,0
BRDA:156,78,2,0
BRDA:156,78,3,0
BRDA:157,79,0,0
BRDA:157,79,1,0
BRDA:157,80,0,0
BRDA:157,80,1,0
BRDA:157,80,2,0
BRDA:157,80,3,0
BRDA:157,81,0,0
BRDA:157,81,1,0
BRDA:157,82,0,0
BRDA:157,82,1,0
BRDA:159,83,0,0
BRDA:159,83,1,0
BRDA:159,84,0,0
BRDA:159,84,1,0
BRDA:159,84,2,0
BRDA:159,84,3,0
BRDA:159,85,0,0
BRDA:159,85,1,0
BRDA:159,86,0,0
BRDA:159,86,1,0
BRDA:168,87,0,0
BRDA:168,87,1,0
BRDA:170,88,0,0
BRDA:170,88,1,0
BRDA:171,89,0,0
BRDA:171,89,1,0
BRDA:172,90,0,0
BRDA:172,90,1,0
BRDA:173,91,0,0
BRDA:173,91,1,0
BRDA:175,92,0,0
BRDA:175,92,1,0
BRDA:199,93,0,0
BRDA:199,93,1,0
BRDA:199,94,0,0
BRDA:199,94,1,0
BRDA:199,95,0,0
BRDA:199,95,1,0
BRDA:201,96,0,0
BRDA:201,96,1,0
BRDA:203,97,0,0
BRDA:203,97,1,0
BRDA:205,98,0,0
BRDA:205,98,1,0
BRDA:205,99,0,0
BRDA:205,99,1,0
BRDA:205,100,0,0
BRDA:205,100,1,0
BRDA:205,101,0,0
BRDA:205,101,1,0
BRDA:205,102,0,0
BRDA:205,102,1,0
BRDA:205,103,0,0
BRDA:205,103,1,0
BRDA:205,104,0,0
BRDA:205,104,1,0
BRDA:205,105,0,0
BRDA:205,105,1,0
BRDA:205,106,0,0
BRDA:205,106,1,0
BRDA:206,107,0,0
BRDA:206,107,1,0
BRDA:206,108,0,0
BRDA:206,108,1,0
BRDA:207,109,0,0
BRDA:207,109,1,0
BRDA:207,110,0,0
BRDA:207,110,1,0
BRDA:208,111,0,0
BRDA:208,111,1,0
BRDA:208,112,0,0
BRDA:208,112,1,0
BRDA:210,113,0,0
BRDA:210,113,1,0
BRDA:210,114,0,0
BRDA:210,114,1,0
BRDA:210,114,2,0
BRDA:210,114,3,0
BRDA:211,115,0,0
BRDA:211,115,1,0
BRDA:211,116,0,0
BRDA:211,116,1,0
BRDA:211,116,2,0
BRDA:211,116,3,0
BRDA:211,117,0,0
BRDA:211,117,1,0
BRDA:211,118,0,0
BRDA:211,118,1,0
BRDA:213,119,0,0
BRDA:213,119,1,0
BRDA:213,120,0,0
BRDA:213,120,1,0
BRDA:213,120,2,0
BRDA:213,120,3,0
BRDA:213,121,0,0
BRDA:213,121,1,0
BRDA:213,122,0,0
BRDA:213,122,1,0
BRDA:222,123,0,0
BRDA:222,123,1,0
BRDA:224,124,0,0
BRDA:224,124,1,0
BRDA:225,125,0,0
BRDA:225,125,1,0
BRDA:226,126,0,0
BRDA:226,126,1,0
BRDA:227,127,0,0
BRDA:227,127,1,0
BRDA:229,128,0,0
BRDA:229,128,1,0
BRDA:244,129,0,0
BRDA:244,129,1,15
BRDA:246,130,0,0
BRDA:246,130,1,15
BRDA:261,131,0,0
BRDA:261,131,1,0
BRDA:275,132,0,0
BRDA:275,132,1,5
BRDA:275,133,0,5
BRDA:275,133,1,0
BRDA:277,134,0,0
BRDA:277,134,1,5
BRDA:277,135,0,5
BRDA:277,135,1,5
BRDA:283,136,0,0
BRDA:283,136,1,5
BRDA:284,137,0,0
BRDA:284,137,1,5
BRDA:284,138,0,0
BRDA:284,138,1,0
BRDA:284,139,0,0
BRDA:284,139,1,0
BRDA:284,140,0,0
BRDA:284,140,1,0
BRDA:285,141,0,4
BRDA:285,141,1,1
BRDA:285,142,0,4
BRDA:285,142,1,0
BRDA:308,143,0,22
BRDA:308,143,1,11
BRDA:308,144,0,22
BRDA:308,144,1,0
BRDA:309,145,0,10
BRDA:309,145,1,23
BRDA:309,146,0,10
BRDA:309,146,1,0
BRDA:310,147,0,10
BRDA:310,147,1,23
BRDA:310,148,0,10
BRDA:310,148,1,0
BRDA:312,149,0,3
BRDA:312,149,1,30
BRDA:312,150,0,33
BRDA:312,150,1,32
BRDA:312,150,2,31
BRDA:314,151,0,4
BRDA:314,151,1,26
BRDA:314,152,0,30
BRDA:314,152,1,9
BRDA:314,152,2,9
BRDA:316,153,0,0
BRDA:316,153,1,26
BRDA:316,154,0,26
BRDA:316,154,1,21
BRDA:316,154,2,5
BRDA:318,155,0,0
BRDA:318,155,1,26
BRDA:318,156,0,26
BRDA:318,156,1,21
BRDA:318,156,2,5
BRDA:320,157,0,21
BRDA:320,157,1,5
BRDA:322,158,0,21
BRDA:322,158,1,0
BRDA:322,159,0,21
BRDA:322,159,1,0
BRDA:352,160,0,31
BRDA:352,160,1,0
BRDA:354,161,0,31
BRDA:354,161,1,0
BRDA:356,162,0,31
BRDA:356,162,1,0
BRDA:358,163,0,31
BRDA:358,163,1,0
BRDA:363,164,0,31
BRDA:363,164,1,0
BRDA:379,165,0,31
BRDA:379,165,1,0
BRDA:385,166,0,31
BRDA:385,166,1,0
BRDA:385,166,2,0
BRDA:385,166,3,0
BRDA:385,166,4,0
BRDA:385,167,0,0
BRDA:385,167,1,0
BRF:358
BRH:120
end_of_record
TN:
SF:/Users/anurag.v/projects/lab/react-modern-datepicker/build/elements/CalendarBody.js
FN:20,_interopRequireDefault
FN:22,CalendarBody
FN:41,onDateChange
FN:53,onMonthChange
FN:65,onYearChange
FNF:5
FNH:1
FNDA:6,_interopRequireDefault
FNDA:0,CalendarBody
FNDA:0,onDateChange
FNDA:0,onMonthChange
FNDA:0,onYearChange
DA:3,1
DA:6,1
DA:8,1
DA:10,1
DA:12,1
DA:14,1
DA:16,1
DA:18,1
DA:20,6
DA:22,1
DA:23,0
DA:24,0
DA:25,0
DA:26,0
DA:27,0
DA:28,0
DA:29,0
DA:30,0
DA:31,0
DA:32,0
DA:33,0
DA:34,0
DA:42,0
DA:54,0
DA:66,0
DA:76,1
DA:89,1
DA:90,1
LF:28
LH:13
BRDA:20,0,0,4
BRDA:20,0,1,2
BRDA:20,1,0,6
BRDA:20,1,1,6
BRDA:36,2,0,0
BRDA:36,2,1,0
BRDA:48,3,0,0
BRDA:48,3,1,0
BRDA:60,4,0,0
BRDA:60,4,1,0
BRF:10
BRH:4
end_of_record
TN:
SF:/Users/anurag.v/projects/lab/react-modern-datepicker/build/elements/CalendarContainer.js
FN:10,_interopRequireDefault
FN:12,_templateObject
FN:15,_templateObject
FN:22,_taggedTemplateLiteral
FN:27,(anonymous_4)
FNF:5
FNH:3
FNDA:1,_interopRequireDefault
FNDA:1,_templateObject
FNDA:0,_templateObject
FNDA:1,_taggedTemplateLiteral
FNDA:0,(anonymous_4)
DA:3,1
DA:6,1
DA:8,1
DA:10,1
DA:13,1
DA:15,1
DA:16,0
DA:19,1
DA:22,1
DA:24,1
DA:28,0
DA:31,1
DA:32,1
LF:13
LH:11
BRDA:10,0,0,1
BRDA:10,0,1,0
BRDA:10,1,0,1
BRDA:10,1,1,1
BRDA:22,2,0,1
BRDA:22,2,1,0
BRF:6
BRH:4
end_of_record
TN:
SF:/Users/anurag.v/projects/lab/react-modern-datepicker/build/elements/CalendarHeading.js
FN:10,_interopRequireDefault
FN:12,_templateObject
FN:15,_templateObject
FN:22,_taggedTemplateLiteral
FN:24,(anonymous_4)
FNF:5
FNH:3
FNDA:1,_interopRequireDefault
FNDA:1,_templateObject
FNDA:0,_templateObject
FNDA:1,_taggedTemplateLiteral
FNDA:0,(anonymous_4)
DA:3,1
DA:6,1
DA:8,1
DA:10,1
DA:13,1
DA:15,1
DA:16,0
DA:19,1
DA:22,1
DA:24,1
DA:25,0
DA:28,1
DA:29,1
LF:13
LH:11
BRDA:10,0,0,1
BRDA:10,0,1,0
BRDA:10,1,0,1
BRDA:10,1,1,1
BRDA:22,2,0,1
BRDA:22,2,1,0
BRF:6
BRH:4
end_of_record
TN:
SF:/Users/anurag.v/projects/lab/react-modern-datepicker/build/elements/Container.js
FN:10,_interopRequireDefault
FN:12,_templateObject
FN:15,_templateObject
FN:22,_taggedTemplateLiteral
FNF:4
FNH:3
FNDA:1,_interopRequireDefault
FNDA:1,_templateObject
FNDA:0,_templateObject
FNDA:1,_taggedTemplateLiteral
DA:3,1
DA:6,1
DA:8,1
DA:10,1
DA:13,1
DA:15,1
DA:16,0
DA:19,1
DA:22,1
DA:24,1
DA:26,1
DA:27,1
LF:12
LH:11
BRDA:10,0,0,1
BRDA:10,0,1,0
BRDA:10,1,0,1
BRDA:10,1,1,1
BRDA:22,2,0,1
BRDA:22,2,1,0
BRF:6
BRH:4
end_of_record
TN:
SF:/Users/anurag.v/projects/lab/react-modern-datepicker/build/elements/DateEditor.js
FN:24,_interopRequireDefault
FN:26,_templateObject3
FN:29,_templateObject3
FN:36,_templateObject2
FN:39,_templateObject2
FN:46,_templateObject
FN:49,_templateObject
FN:56,_taggedTemplateLiteral
FN:66,(anonymous_8)
FN:70,(anonymous_9)
FN:74,(anonymous_10)
FN:78,DateEditor
FNF:12
FNH:5
FNDA:8,_interopRequireDefault
FNDA:1,_templateObject3
FNDA:0,_templateObject3
FNDA:1,_templateObject2
FNDA:0,_templateObject2
FNDA:1,_templateObject
FNDA:0,_templateObject
FNDA:3,_taggedTemplateLiteral
FNDA:0,(anonymous_8)
FNDA:0,(anonymous_9)
FNDA:0,(anonymous_10)
FNDA:0,DateEditor
DA:3,1
DA:6,1
DA:8,1
DA:10,1
DA:12,1
DA:14,1
DA:16,1
DA:18,1
DA:20,1
DA:22,1
DA:24,8
DA:27,1
DA:29,1
DA:30,0
DA:33,1
DA:37,1
DA:39,1
DA:40,0
DA:43,1
DA:47,1
DA:49,1
DA:50,0
DA:53,1
DA:56,3
DA:58,1
DA:60,1
DA:62,1
DA:64,1
DA:66,1
DA:67,0
DA:70,1
DA:71,0
DA:74,1
DA:75,0
DA:78,1
DA:79,0
DA:80,0
DA:81,0
DA:82,0
DA:83,0
DA:84,0
DA:85,0
DA:86,0
DA:87,0
DA:88,0
DA:90,0
DA:92,0
DA:94,0
DA:96,0
DA:97,0
DA:98,0
DA:99,0
DA:100,0
DA:121,1
DA:133,1
DA:134,1
LF:56
LH:32
BRDA:24,0,0,1
BRDA:24,0,1,7
BRDA:24,1,0,8
BRDA:24,1,1,8
BRDA:56,2,0,3
BRDA:56,2,1,0
BRDA:90,3,0,0
BRDA:90,3,1,0
BRDA:90,4,0,0
BRDA:90,4,1,0
BRDA:90,5,0,0
BRDA:90,5,1,0
BRDA:92,6,0,0
BRDA:92,6,1,0
BRDA:94,7,0,0
BRDA:94,7,1,0
BRDA:96,8,0,0
BRDA:96,8,1,0
BRDA:96,9,0,0
BRDA:96,9,1,0
BRDA:96,10,0,0
BRDA:96,10,1,0
BRDA:96,11,0,0
BRDA:96,11,1,0
BRDA:96,12,0,0
BRDA:96,12,1,0
BRDA:96,13,0,0
BRDA:96,13,1,0
BRDA:96,14,0,0
BRDA:96,14,1,0
BRDA:96,15,0,0
BRDA:96,15,1,0
BRDA:96,16,0,0
BRDA:96,16,1,0
BRDA:97,17,0,0
BRDA:97,17,1,0
BRDA:97,18,0,0
BRDA:97,18,1,0
BRDA:98,19,0,0
BRDA:98,19,1,0
BRDA:98,20,0,0
BRDA:98,20,1,0
BRDA:99,21,0,0
BRDA:99,21,1,0
BRDA:99,22,0,0
BRDA:99,22,1,0
BRDA:100,23,0,0
BRDA:100,23,1,0
BRDA:106,24,0,0
BRDA:106,24,1,0
BRDA:112,25,0,0
BRDA:112,25,1,0
BRF:52
BRH:5
end_of_record
TN:
SF:/Users/anurag.v/projects/lab/react-modern-datepicker/build/elements/DateView.js
FN:30,_interopRequireDefault
FN:32,_templateObject4
FN:35,_templateObject4
FN:42,_templateObject3
FN:45,_templateObject3
FN:52,_templateObject2
FN:55,_templateObject2
FN:62,_templateObject
FN:65,_templateObject
FN:72,_taggedTemplateLiteral
FN:82,(anonymous_10)
FN:84,(anonymous_11)
FN:86,(anonymous_12)
FN:88,(anonymous_13)
FN:90,(anonymous_14)
FN:93,(anonymous_15)
FN:95,(anonymous_16)
FN:97,(anonymous_17)
FN:100,(anonymous_18)
FN:106,DateView
FN:168,(anonymous_20)
FN:171,(anonymous_21)
FN:179,onClick
FN:186,onClick
FNF:24
FNH:6
FNDA:11,_interopRequireDefault
FNDA:1,_templateObject4
FNDA:0,_templateObject4
FNDA:1,_templateObject3
FNDA:0,_templateObject3
FNDA:1,_templateObject2
FNDA:0,_templateObject2
FNDA:1,_templateObject
FNDA:0,_templateObject
FNDA:4,_taggedTemplateLiteral
FNDA:0,(anonymous_10)
FNDA:0,(anonymous_11)
FNDA:0,(anonymous_12)
FNDA:0,(anonymous_13)
FNDA:0,(anonymous_14)
FNDA:0,(anonymous_15)
FNDA:0,(anonymous_16)
FNDA:0,(anonymous_17)
FNDA:0,(anonymous_18)
FNDA:0,DateView
FNDA:0,(anonymous_20)
FNDA:0,(anonymous_21)
FNDA:0,onClick
FNDA:0,onClick
DA:3,1
DA:6,1
DA:8,1
DA:10,1
DA:12,1
DA:14,1
DA:16,1
DA:18,1
DA:20,1
DA:22,1
DA:24,1
DA:26,1
DA:28,1
DA:30,11
DA:33,1
DA:35,1
DA:36,0
DA:39,1
DA:43,1
DA:45,1
DA:46,0
DA:49,1
DA:53,1
DA:55,1
DA:56,0
DA:59,1
DA:63,1
DA:65,1
DA:66,0
DA:69,1
DA:72,4
DA:74,1
DA:76,1
DA:78,1
DA:80,1
DA:82,1
DA:83,0
DA:85,0
DA:87,0
DA:89,0
DA:91,0
DA:93,1
DA:94,0
DA:96,0
DA:98,0
DA:100,1
DA:101,0
DA:104,1
DA:106,1
DA:107,0
DA:108,0
DA:109,0
DA:110,0
DA:111,0
DA:112,0
DA:113,0
DA:114,0
DA:115,0
DA:117,0
DA:119,0
DA:121,0
DA:123,0
DA:124,0
DA:125,0
DA:126,0
DA:127,0
DA:128,0
DA:129,0
DA:130,0
DA:132,0
DA:133,0
DA:140,0
DA:142,0
DA:143,0
DA:146,0
DA:147,0
DA:148,0
DA:150,0
DA:151,0
DA:154,0
DA:169,0
DA:172,0
DA:180,0
DA:187,0
DA:197,1
DA:208,1
DA:209,1
LF:87
LH:39
BRDA:30,0,0,4
BRDA:30,0,1,7
BRDA:30,1,0,11
BRDA:30,1,1,11
BRDA:72,2,0,4
BRDA:72,2,1,0
BRDA:83,3,0,0
BRDA:83,3,1,0
BRDA:83,4,0,0
BRDA:83,4,1,0
BRDA:85,5,0,0
BRDA:85,5,1,0
BRDA:85,6,0,0
BRDA:85,6,1,0
BRDA:87,7,0,0
BRDA:87,7,1,0
BRDA:87,8,0,0
BRDA:87,8,1,0
BRDA:91,9,0,0
BRDA:91,9,1,0
BRDA:91,10,0,0
BRDA:91,10,1,0
BRDA:96,11,0,0
BRDA:96,11,1,0
BRDA:96,12,0,0
BRDA:96,12,1,0
BRDA:98,13,0,0
BRDA:98,13,1,0
BRDA:98,14,0,0
BRDA:98,14,1,0
BRDA:117,15,0,0
BRDA:117,15,1,0
BRDA:117,16,0,0
BRDA:117,16,1,0
BRDA:117,17,0,0
BRDA:117,17,1,0
BRDA:119,18,0,0
BRDA:119,18,1,0
BRDA:121,19,0,0
BRDA:121,19,1,0
BRDA:123,20,0,0
BRDA:123,20,1,0
BRDA:123,21,0,0
BRDA:123,21,1,0
BRDA:123,22,0,0
BRDA:123,22,1,0
BRDA:123,23,0,0
BRDA:123,23,1,0
BRDA:123,24,0,0
BRDA:123,24,1,0
BRDA:123,25,0,0
BRDA:123,25,1,0
BRDA:123,26,0,0
BRDA:123,26,1,0
BRDA:123,27,0,0
BRDA:123,27,1,0
BRDA:123,28,0,0
BRDA:123,28,1,0
BRDA:124,29,0,0
BRDA:124,29,1,0
BRDA:124,30,0,0
BRDA:124,30,1,0
BRDA:125,31,0,0
BRDA:125,31,1,0
BRDA:125,32,0,0
BRDA:125,32,1,0
BRDA:126,33,0,0
BRDA:126,33,1,0
BRDA:126,34,0,0
BRDA:126,34,1,0
BRDA:135,35,0,0
BRDA:135,35,1,0
BRDA:136,36,0,0
BRDA:136,36,1,0
BRDA:172,37,0,0
BRDA:172,37,1,0
BRDA:172,38,0,0
BRDA:172,38,1,0
BRDA:180,39,0,0
BRDA:180,39,1,0
BRDA:180,39,2,0
BRDA:182,40,0,0
BRDA:182,40,1,0
BRDA:187,41,0,0
BRDA:187,41,1,0
BRDA:187,41,2,0
BRDA:192,42,0,0
BRDA:192,42,1,0
BRF:88
BRH:5
end_of_record
TN:
SF:/Users/anurag.v/projects/lab/react-modern-datepicker/build/elements/DoubleArrow.js
FN:10,_interopRequireDefault
FN:12,_templateObject
FN:15,_templateObject
FN:22,_taggedTemplateLiteral
FN:24,(anonymous_4)
FN:26,(anonymous_5)
FN:28,(anonymous_6)
FN:30,(anonymous_7)
FN:32,(anonymous_8)
FN:34,(anonymous_9)
FN:36,(anonymous_10)
FN:38,(anonymous_11)
FN:40,(anonymous_12)
FNF:13
FNH:3
FNDA:1,_interopRequireDefault
FNDA:1,_templateObject
FNDA:0,_templateObject
FNDA:1,_taggedTemplateLiteral
FNDA:0,(anonymous_4)
FNDA:0,(anonymous_5)
FNDA:0,(anonymous_6)
FNDA:0,(anonymous_7)
FNDA:0,(anonymous_8)
FNDA:0,(anonymous_9)
FNDA:0,(anonymous_10)
FNDA:0,(anonymous_11)
FNDA:0,(anonymous_12)
DA:3,1
DA:6,1
DA:8,1
DA:10,1
DA:13,1
DA:15,1
DA:16,0
DA:19,1
DA:22,1
DA:24,1
DA:25,0
DA:27,0
DA:29,0
DA:31,0
DA:33,0
DA:35,0
DA:37,0
DA:39,0
DA:41,0
DA:44,1
DA:45,1
LF:21
LH:11
BRDA:10,0,0,1
BRDA:10,0,1,0
BRDA:10,1,0,1
BRDA:10,1,1,1
BRDA:22,2,0,1
BRDA:22,2,1,0
BRDA:27,3,0,0
BRDA:27,3,1,0
BRDA:31,4,0,0
BRDA:31,4,1,0
BRDA:37,5,0,0
BRDA:37,5,1,0
BRDA:39,6,0,0
BRDA:39,6,1,0
BRDA:41,7,0,0
BRDA:41,7,1,0
BRF:16
BRH:4
end_of_record
TN:
SF:/Users/anurag.v/projects/lab/react-modern-datepicker/build/elements/Header.js
FN:10,_interopRequireDefault
FN:12,_templateObject
FN:15,_templateObject
FN:22,_taggedTemplateLiteral
FNF:4
FNH:3
FNDA:1,_interopRequireDefault
FNDA:1,_templateObject
FNDA:0,_templateObject
FNDA:1,_taggedTemplateLiteral
DA:3,1
DA:6,1
DA:8,1
DA:10,1
DA:13,1
DA:15,1
DA:16,0
DA:19,1
DA:22,1
DA:24,1
DA:26,1
DA:27,1
LF:12
LH:11
BRDA:10,0,0,1
BRDA:10,0,1,0
BRDA:10,1,0,1
BRDA:10,1,1,1
BRDA:22,2,0,1
BRDA:22,2,1,0
BRF:6
BRH:4
end_of_record
TN:
SF:/Users/anurag.v/projects/lab/react-modern-datepicker/build/elements/Icon.js
FN:14,_interopRequireDefault
FN:16,_extends
FN:16,(anonymous_2)
FN:18,_templateObject
FN:21,_templateObject
FN:28,_taggedTemplateLiteral
FN:32,Icon
FNF:7
FNH:3
FNDA:3,_interopRequireDefault
FNDA:0,_extends
FNDA:0,(anonymous_2)
FNDA:1,_templateObject
FNDA:0,_templateObject
FNDA:1,_taggedTemplateLiteral
FNDA:0,Icon
DA:3,1
DA:6,1
DA:8,1
DA:10,1
DA:12,1
DA:14,3
DA:16,0
DA:19,1
DA:21,1
DA:22,0
DA:25,1
DA:28,1
DA:30,1
DA:32,1
DA:33,0
DA:39,1
DA:43,1
DA:44,1
LF:18
LH:15
BRDA:14,0,0,1
BRDA:14,0,1,2
BRDA:14,1,0,3
BRDA:14,1,1,3
BRDA:16,2,0,0
BRDA:16,2,1,0
BRDA:16,3,0,0
BRDA:16,3,1,0
BRDA:28,4,0,1
BRDA:28,4,1,0
BRF:10
BRH:5
end_of_record
TN:
SF:/Users/anurag.v/projects/lab/react-modern-datepicker/build/elements/Input.js
FN:14,_interopRequireDefault
FN:16,_extends
FN:16,(anonymous_2)
FN:18,_templateObject
FN:21,_templateObject
FN:28,_taggedTemplateLiteral
FN:30,(anonymous_6)
FN:34,Input
FNF:8
FNH:6
FNDA:3,_interopRequireDefault
FNDA:1,_extends
FNDA:0,(anonymous_2)
FNDA:1,_templateObject
FNDA:0,_templateObject
FNDA:1,_taggedTemplateLiteral
FNDA:1,(anonymous_6)
FNDA:1,Input
DA:3,1
DA:6,1
DA:8,1
DA:10,1
DA:12,1
DA:14,3
DA:16,1
DA:19,1
DA:21,1
DA:22,0
DA:25,1
DA:28,1
DA:30,1
DA:31,1
DA:34,1
DA:35,1
DA:40,1
DA:43,1
DA:44,1
LF:19
LH:18
BRDA:14,0,0,1
BRDA:14,0,1,2
BRDA:14,1,0,3
BRDA:14,1,1,3
BRDA:16,2,0,1
BRDA:16,2,1,0
BRDA:16,3,0,0
BRDA:16,3,1,0
BRDA:28,4,0,1
BRDA:28,4,1,0
BRDA:31,5,0,0
BRDA:31,5,1,1
BRF:12
BRH:7
end_of_record
TN:
SF:/Users/anurag.v/projects/lab/react-modern-datepicker/build/elements/Label.js
FN:14,_interopRequireDefault
FN:16,_extends
FN:16,(anonymous_2)
FN:18,_templateObject
FN:21,_templateObject
FN:28,_taggedTemplateLiteral
FN:32,Label
FNF:7
FNH:3
FNDA:3,_interopRequireDefault
FNDA:0,_extends
FNDA:0,(anonymous_2)
FNDA:1,_templateObject
FNDA:0,_templateObject
FNDA:1,_taggedTemplateLiteral
FNDA:0,Label
DA:3,1
DA:6,1
DA:8,1
DA:10,1
DA:12,1
DA:14,3
DA:16,0
DA:19,1
DA:21,1
DA:22,0
DA:25,1
DA:28,1
DA:30,1
DA:32,1
DA:33,0
DA:38,1
DA:41,1
DA:42,1
LF:18
LH:15
BRDA:14,0,0,1
BRDA:14,0,1,2
BRDA:14,1,0,3
BRDA:14,1,1,3
BRDA:16,2,0,0
BRDA:16,2,1,0
BRDA:16,3,0,0
BRDA:16,3,1,0
BRDA:28,4,0,1
BRDA:28,4,1,0
BRF:10
BRH:5
end_of_record
TN:
SF:/Users/anurag.v/projects/lab/react-modern-datepicker/build/elements/MonthView.js
FN:30,_interopRequireDefault
FN:32,_templateObject2
FN:35,_templateObject2
FN:42,_templateObject
FN:45,_templateObject
FN:52,_taggedTemplateLiteral
FN:62,(anonymous_6)
FN:64,(anonymous_7)
FN:66,(anonymous_8)
FN:68,(anonymous_9)
FN:70,(anonymous_10)
FN:73,(anonymous_11)
FN:75,(anonymous_12)
FN:79,MonthView
FN:112,(anonymous_14)
FN:118,onClick
FN:127,onClick
FNF:17
FNH:4
FNDA:11,_interopRequireDefault
FNDA:1,_templateObject2
FNDA:0,_templateObject2
FNDA:1,_templateObject
FNDA:0,_templateObject
FNDA:2,_taggedTemplateLiteral
FNDA:0,(anonymous_6)
FNDA:0,(anonymous_7)
FNDA:0,(anonymous_8)
FNDA:0,(anonymous_9)
FNDA:0,(anonymous_10)
FNDA:0,(anonymous_11)
FNDA:0,(anonymous_12)
FNDA:0,MonthView
FNDA:0,(anonymous_14)
FNDA:0,onClick
FNDA:0,onClick
DA:3,1
DA:6,1
DA:8,1
DA:10,1
DA:12,1
DA:14,1
DA:16,1
DA:18,1
DA:20,1
DA:22,1
DA:24,1
DA:26,1
DA:28,1
DA:30,11
DA:33,1
DA:35,1
DA:36,0
DA:39,1
DA:43,1
DA:45,1
DA:46,0
DA:49,1
DA:52,2
DA:54,1
DA:56,1
DA:58,1
DA:60,1
DA:62,1
DA:63,0
DA:65,0
DA:67,0
DA:69,0
DA:71,0
DA:73,1
DA:74,0
DA:76,0
DA:79,1
DA:80,0
DA:81,0
DA:82,0
DA:83,0
DA:84,0
DA:85,0
DA:86,0
DA:87,0
DA:88,0
DA:90,0
DA:92,0
DA:94,0
DA:96,0
DA:97,0
DA:98,0
DA:99,0
DA:100,0
DA:101,0
DA:102,0
DA:104,0
DA:105,0
DA:112,0
DA:113,0
DA:119,0
DA:128,0
DA:137,1
DA:148,1
DA:149,1
LF:65
LH:31
BRDA:30,0,0,4
BRDA:30,0,1,7
BRDA:30,1,0,11
BRDA:30,1,1,11
BRDA:52,2,0,2
BRDA:52,2,1,0
BRDA:63,3,0,0
BRDA:63,3,1,0
BRDA:63,4,0,0
BRDA:63,4,1,0
BRDA:65,5,0,0
BRDA:65,5,1,0
BRDA:65,6,0,0
BRDA:65,6,1,0
BRDA:67,7,0,0
BRDA:67,7,1,0
BRDA:67,8,0,0
BRDA:67,8,1,0
BRDA:71,9,0,0
BRDA:71,9,1,0
BRDA:71,10,0,0
BRDA:71,10,1,0
BRDA:76,11,0,0
BRDA:76,11,1,0
BRDA:76,12,0,0
BRDA:76,12,1,0
BRDA:90,13,0,0
BRDA:90,13,1,0
BRDA:90,14,0,0
BRDA:90,14,1,0
BRDA:90,15,0,0
BRDA:90,15,1,0
BRDA:92,16,0,0
BRDA:92,16,1,0
BRDA:94,17,0,0
BRDA:94,17,1,0
BRDA:96,18,0,0
BRDA:96,18,1,0
BRDA:96,19,0,0
BRDA:96,19,1,0
BRDA:96,20,0,0
BRDA:96,20,1,0
BRDA:96,21,0,0
BRDA:96,21,1,0
BRDA:96,22,0,0
BRDA:96,22,1,0
BRDA:96,23,0,0
BRDA:96,23,1,0
BRDA:96,24,0,0
BRDA:96,24,1,0
BRDA:96,25,0,0
BRDA:96,25,1,0
BRDA:96,26,0,0
BRDA:96,26,1,0
BRDA:97,27,0,0
BRDA:97,27,1,0
BRDA:97,28,0,0
BRDA:97,28,1,0
BRDA:98,29,0,0
BRDA:98,29,1,0
BRDA:98,30,0,0
BRDA:98,30,1,0
BRDA:99,31,0,0
BRDA:99,31,1,0
BRDA:99,32,0,0
BRDA:99,32,1,0
BRDA:107,33,0,0
BRDA:107,33,1,0
BRDA:108,34,0,0
BRDA:108,34,1,0
BRDA:113,35,0,0
BRDA:113,35,1,0
BRDA:119,36,0,0
BRDA:119,36,1,0
BRDA:119,36,2,0
BRDA:128,37,0,0
BRDA:128,37,1,0
BRDA:128,37,2,0
BRF:78
BRH:5
end_of_record
TN:
SF:/Users/anurag.v/projects/lab/react-modern-datepicker/build/elements/SingleArrow.js
FN:10,_interopRequireDefault
FN:12,_templateObject
FN:15,_templateObject
FN:22,_taggedTemplateLiteral
FN:24,(anonymous_4)
FN:26,(anonymous_5)
FN:28,(anonymous_6)
FN:30,(anonymous_7)
FN:32,(anonymous_8)
FN:34,(anonymous_9)
FN:36,(anonymous_10)
FN:38,(anonymous_11)
FN:40,(anonymous_12)
FNF:13
FNH:3
FNDA:1,_interopRequireDefault
FNDA:1,_templateObject
FNDA:0,_templateObject
FNDA:1,_taggedTemplateLiteral
FNDA:0,(anonymous_4)
FNDA:0,(anonymous_5)
FNDA:0,(anonymous_6)
FNDA:0,(anonymous_7)
FNDA:0,(anonymous_8)
FNDA:0,(anonymous_9)
FNDA:0,(anonymous_10)
FNDA:0,(anonymous_11)
FNDA:0,(anonymous_12)
DA:3,1
DA:6,1
DA:8,1
DA:10,1
DA:13,1
DA:15,1
DA:16,0
DA:19,1
DA:22,1
DA:24,1
DA:25,0
DA:27,0
DA:29,0
DA:31,0
DA:33,0
DA:35,0
DA:37,0
DA:39,0
DA:41,0
DA:44,1
DA:45,1
LF:21
LH:11
BRDA:10,0,0,1
BRDA:10,0,1,0
BRDA:10,1,0,1
BRDA:10,1,1,1
BRDA:22,2,0,1
BRDA:22,2,1,0
BRDA:29,3,0,0
BRDA:29,3,1,0
BRDA:31,4,0,0
BRDA:31,4,1,0
BRDA:37,5,0,0
BRDA:37,5,1,0
BRDA:39,6,0,0
BRDA:39,6,1,0
BRDA:41,7,0,0
BRDA:41,7,1,0
BRF:16
BRH:4
end_of_record
TN:
SF:/Users/anurag.v/projects/lab/react-modern-datepicker/build/elements/Span.js
FN:10,_interopRequireDefault
FN:12,_templateObject
FN:15,_templateObject
FN:22,_taggedTemplateLiteral
FNF:4
FNH:3
FNDA:1,_interopRequireDefault
FNDA:1,_templateObject
FNDA:0,_templateObject
FNDA:1,_taggedTemplateLiteral
DA:3,1
DA:6,1
DA:8,1
DA:10,1
DA:13,1
DA:15,1
DA:16,0
DA:19,1
DA:22,1
DA:24,1
DA:26,1
DA:27,1
LF:12
LH:11
BRDA:10,0,0,1
BRDA:10,0,1,0
BRDA:10,1,0,1
BRDA:10,1,1,1
BRDA:22,2,0,1
BRDA:22,2,1,0
BRF:6
BRH:4
end_of_record
TN:
SF:/Users/anurag.v/projects/lab/react-modern-datepicker/build/elements/Wrapper.js
FN:10,_interopRequireWildcard
FN:12,_templateObject2
FN:15,_templateObject2
FN:22,_templateObject
FN:25,_templateObject
FN:32,_taggedTemplateLiteral
FN:36,(anonymous_6)
FNF:7
FNH:4
FNDA:1,_interopRequireWildcard
FNDA:1,_templateObject2
FNDA:0,_templateObject2
FNDA:1,_templateObject
FNDA:0,_templateObject
FNDA:2,_taggedTemplateLiteral
FNDA:0,(anonymous_6)
DA:3,1
DA:6,1
DA:8,1
DA:10,1
DA:13,1
DA:15,1
DA:16,0
DA:19,1
DA:23,1
DA:25,1
DA:26,0
DA:29,1
DA:32,2
DA:34,1
DA:36,1
DA:37,0
DA:40,1
DA:41,1
LF:18
LH:15
BRDA:10,0,0,1
BRDA:10,0,1,0
BRDA:10,1,0,1
BRDA:10,1,1,1
BRDA:10,2,0,0
BRDA:10,2,1,0
BRDA:10,3,0,0
BRDA:10,3,1,0
BRDA:10,4,0,0
BRDA:10,4,1,0
BRDA:10,5,0,0
BRDA:10,5,1,0
BRDA:10,6,0,0
BRDA:10,6,1,0
BRDA:10,7,0,0
BRDA:10,7,1,0
BRDA:32,8,0,2
BRDA:32,8,1,0
BRF:18
BRH:4
end_of_record
TN:
SF:/Users/anurag.v/projects/lab/react-modern-datepicker/build/elements/YearView.js
FN:30,_interopRequireDefault
FN:32,_templateObject2
FN:35,_templateObject2
FN:42,_templateObject
FN:45,_templateObject
FN:52,_taggedTemplateLiteral
FN:62,(anonymous_6)
FN:64,(anonymous_7)
FN:66,(anonymous_8)
FN:68,(anonymous_9)
FN:70,(anonymous_10)
FN:73,(anonymous_11)
FN:75,(anonymous_12)
FN:79,getYears
FN:95,YearView
FN:119,(anonymous_15)
FN:125,onClick
FN:134,onClick
FNF:18
FNH:4
FNDA:11,_interopRequireDefault
FNDA:1,_templateObject2
FNDA:0,_templateObject2
FNDA:1,_templateObject
FNDA:0,_templateObject
FNDA:2,_taggedTemplateLiteral
FNDA:0,(anonymous_6)
FNDA:0,(anonymous_7)
FNDA:0,(anonymous_8)
FNDA:0,(anonymous_9)
FNDA:0,(anonymous_10)
FNDA:0,(anonymous_11)
FNDA:0,(anonymous_12)
FNDA:0,getYears
FNDA:0,YearView
FNDA:0,(anonymous_15)
FNDA:0,onClick
FNDA:0,onClick
DA:3,1
DA:6,1
DA:8,1
DA:10,1
DA:12,1
DA:14,1
DA:16,1
DA:18,1
DA:20,1
DA:22,1
DA:24,1
DA:26,1
DA:28,1
DA:30,11
DA:33,1
DA:35,1
DA:36,0
DA:39,1
DA:43,1
DA:45,1
DA:46,0
DA:49,1
DA:52,2
DA:54,1
DA:56,1
DA:58,1
DA:60,1
DA:62,1
DA:63,0
DA:65,0
DA:67,0
DA:69,0
DA:71,0
DA:73,1
DA:74,0
DA:76,0
DA:79,1
DA:80,0
DA:81,0
DA:82,0
DA:84,0
DA:85,0
DA:92,0
DA:95,1
DA:96,0
DA:97,0
DA:98,0
DA:99,0
DA:100,0
DA:101,0
DA:102,0
DA:103,0
DA:104,0
DA:105,0
DA:107,0
DA:109,0
DA:111,0
DA:113,0
DA:114,0
DA:115,0
DA:116,0
DA:117,0
DA:118,0
DA:119,0
DA:120,0
DA:126,0
DA:135,0
DA:144,1
DA:156,1
DA:157,1
LF:70
LH:32
BRDA:30,0,0,4
BRDA:30,0,1,7
BRDA:30,1,0,11
BRDA:30,1,1,11
BRDA:52,2,0,2
BRDA:52,2,1,0
BRDA:63,3,0,0
BRDA:63,3,1,0
BRDA:63,4,0,0
BRDA:63,4,1,0
BRDA:65,5,0,0
BRDA:65,5,1,0
BRDA:65,6,0,0
BRDA:65,6,1,0
BRDA:67,7,0,0
BRDA:67,7,1,0
BRDA:67,8,0,0
BRDA:67,8,1,0
BRDA:71,9,0,0
BRDA:71,9,1,0
BRDA:71,10,0,0
BRDA:71,10,1,0
BRDA:76,11,0,0
BRDA:76,11,1,0
BRDA:76,12,0,0
BRDA:76,12,1,0
BRDA:87,13,0,0
BRDA:87,13,1,0
BRDA:88,14,0,0
BRDA:88,14,1,0
BRDA:107,15,0,0
BRDA:107,15,1,0
BRDA:107,16,0,0
BRDA:107,16,1,0
BRDA:107,17,0,0
BRDA:107,17,1,0
BRDA:109,18,0,0
BRDA:109,18,1,0
BRDA:111,19,0,0
BRDA:111,19,1,0
BRDA:113,20,0,0
BRDA:113,20,1,0
BRDA:113,21,0,0
BRDA:113,21,1,0
BRDA:113,22,0,0
BRDA:113,22,1,0
BRDA:113,23,0,0
BRDA:113,23,1,0
BRDA:113,24,0,0
BRDA:113,24,1,0
BRDA:113,25,0,0
BRDA:113,25,1,0
BRDA:113,26,0,0
BRDA:113,26,1,0
BRDA:113,27,0,0
BRDA:113,27,1,0
BRDA:113,28,0,0
BRDA:113,28,1,0
BRDA:114,29,0,0
BRDA:114,29,1,0
BRDA:114,30,0,0
BRDA:114,30,1,0
BRDA:115,31,0,0
BRDA:115,31,1,0
BRDA:115,32,0,0
BRDA:115,32,1,0
BRDA:116,33,0,0
BRDA:116,33,1,0
BRDA:116,34,0,0
BRDA:116,34,1,0
BRDA:120,35,0,0
BRDA:120,35,1,0
BRDA:126,36,0,0
BRDA:126,36,1,0
BRDA:126,36,2,0
BRDA:135,37,0,0
BRDA:135,37,1,0
BRDA:135,37,2,0
BRF:78
BRH:5
end_of_record
